CRITICAL - 2024-11-06 09:54:07 --> ErrorException: Undefined property: stdClass::$DATA_ALTERACAO_SITUACAO
[Method: POST, Route: Documento/DocumentoRelatorioDeFrequencia]
in APPPATH/Views/turma/relatorio_frequencia.php on line 134.
 1 APPPATH/Views/turma/relatorio_frequencia.php(134): CodeIgniter\Debug\Exceptions->errorHandler()
 2 SYSTEMPATH/View/View.php(234): include('/var/www/html/sigeo/app/Views/turma/relatorio_frequencia.php')
 3 SYSTEMPATH/View/View.php(237): CodeIgniter\View\View->CodeIgniter\View\{closure}()
 4 SYSTEMPATH/Common.php(1171): CodeIgniter\View\View->render()
 5 APPPATH/Controllers/Documento.php(876): view()
 6 SYSTEMPATH/CodeIgniter.php(933): App\Controllers\Documento->DocumentoRelatorioDeFrequencia()
 7 SYSTEMPATH/CodeIgniter.php(509): CodeIgniter\CodeIgniter->runController()
 8 SYSTEMPATH/CodeIgniter.php(355): CodeIgniter\CodeIgniter->handleRequest()
 9 SYSTEMPATH/Boot.php(312): CodeIgniter\CodeIgniter->run()
10 SYSTEMPATH/Boot.php(67): CodeIgniter\Boot::runCodeIgniter()
11 FCPATH/index.php(56): CodeIgniter\Boot::bootWeb()
CRITICAL - 2024-11-06 12:08:19 --> ErrorException: Attempt to read property "RECONHECE_IDENTIFICA_CORES" on null
[Method: POST, Route: Documento/DocumentoFichaObs]
in APPPATH/Views/turma/ficha_obs.php on line 320.
 1 APPPATH/Views/turma/ficha_obs.php(320): CodeIgniter\Debug\Exceptions->errorHandler()
 2 SYSTEMPATH/View/View.php(234): include('/var/www/html/sigeo/app/Views/turma/ficha_obs.php')
 3 SYSTEMPATH/View/View.php(237): CodeIgniter\View\View->CodeIgniter\View\{closure}()
 4 SYSTEMPATH/Common.php(1171): CodeIgniter\View\View->render()
 5 APPPATH/Controllers/Documento.php(616): view()
 6 SYSTEMPATH/CodeIgniter.php(933): App\Controllers\Documento->DocumentoFichaObs()
 7 SYSTEMPATH/CodeIgniter.php(509): CodeIgniter\CodeIgniter->runController()
 8 SYSTEMPATH/CodeIgniter.php(355): CodeIgniter\CodeIgniter->handleRequest()
 9 SYSTEMPATH/Boot.php(312): CodeIgniter\CodeIgniter->run()
10 SYSTEMPATH/Boot.php(67): CodeIgniter\Boot::runCodeIgniter()
11 FCPATH/index.php(56): CodeIgniter\Boot::bootWeb()
INFO - 2024-11-06 15:08:36 --> Session: Class initialized using 'CodeIgniter\Session\Handlers\FileHandler' driver.
WARNING - 2024-11-06 15:08:36 --> [DEPRECATED] Creation of dynamic property App\Controllers\Documento::$session is deprecated in APPPATH/Controllers/Documento.php on line 24.
 1 SYSTEMPATH/CodeIgniter.php(904): App\Controllers\Documento->initController(Object(CodeIgniter\HTTP\IncomingRequest), Object(CodeIgniter\HTTP\Response), Object(CodeIgniter\Log\Logger))
 2 SYSTEMPATH/CodeIgniter.php(500): CodeIgniter\CodeIgniter->createController()
 3 SYSTEMPATH/CodeIgniter.php(355): CodeIgniter\CodeIgniter->handleRequest(null, Object(Config\Cache), false)
 4 SYSTEMPATH/Boot.php(312): CodeIgniter\CodeIgniter->run()
 5 SYSTEMPATH/Boot.php(67): CodeIgniter\Boot::runCodeIgniter(Object(CodeIgniter\CodeIgniter))
 6 FCPATH/index.php(56): CodeIgniter\Boot::bootWeb(Object(Config\Paths))
WARNING - 2024-11-06 15:08:36 --> [DEPRECATED] Creation of dynamic property App\Controllers\Documento::$usuario is deprecated in APPPATH/Controllers/Documento.php on line 25.
 1 SYSTEMPATH/CodeIgniter.php(904): App\Controllers\Documento->initController(Object(CodeIgniter\HTTP\IncomingRequest), Object(CodeIgniter\HTTP\Response), Object(CodeIgniter\Log\Logger))
 2 SYSTEMPATH/CodeIgniter.php(500): CodeIgniter\CodeIgniter->createController()
 3 SYSTEMPATH/CodeIgniter.php(355): CodeIgniter\CodeIgniter->handleRequest(null, Object(Config\Cache), false)
 4 SYSTEMPATH/Boot.php(312): CodeIgniter\CodeIgniter->run()
 5 SYSTEMPATH/Boot.php(67): CodeIgniter\Boot::runCodeIgniter(Object(CodeIgniter\CodeIgniter))
 6 FCPATH/index.php(56): CodeIgniter\Boot::bootWeb(Object(Config\Paths))
WARNING - 2024-11-06 15:08:36 --> [DEPRECATED] Creation of dynamic property App\Controllers\Documento::$escola is deprecated in APPPATH/Controllers/Documento.php on line 26.
 1 SYSTEMPATH/CodeIgniter.php(904): App\Controllers\Documento->initController(Object(CodeIgniter\HTTP\IncomingRequest), Object(CodeIgniter\HTTP\Response), Object(CodeIgniter\Log\Logger))
 2 SYSTEMPATH/CodeIgniter.php(500): CodeIgniter\CodeIgniter->createController()
 3 SYSTEMPATH/CodeIgniter.php(355): CodeIgniter\CodeIgniter->handleRequest(null, Object(Config\Cache), false)
 4 SYSTEMPATH/Boot.php(312): CodeIgniter\CodeIgniter->run()
 5 SYSTEMPATH/Boot.php(67): CodeIgniter\Boot::runCodeIgniter(Object(CodeIgniter\CodeIgniter))
 6 FCPATH/index.php(56): CodeIgniter\Boot::bootWeb(Object(Config\Paths))
WARNING - 2024-11-06 12:08:36 --> [DEPRECATED] Creation of dynamic property App\Controllers\Documento::$alunoModel is deprecated in APPPATH/Controllers/Documento.php on line 32.
 1 SYSTEMPATH/CodeIgniter.php(904): App\Controllers\Documento->initController(Object(CodeIgniter\HTTP\IncomingRequest), Object(CodeIgniter\HTTP\Response), Object(CodeIgniter\Log\Logger))
 2 SYSTEMPATH/CodeIgniter.php(500): CodeIgniter\CodeIgniter->createController()
 3 SYSTEMPATH/CodeIgniter.php(355): CodeIgniter\CodeIgniter->handleRequest(null, Object(Config\Cache), false)
 4 SYSTEMPATH/Boot.php(312): CodeIgniter\CodeIgniter->run()
 5 SYSTEMPATH/Boot.php(67): CodeIgniter\Boot::runCodeIgniter(Object(CodeIgniter\CodeIgniter))
 6 FCPATH/index.php(56): CodeIgniter\Boot::bootWeb(Object(Config\Paths))
WARNING - 2024-11-06 12:08:36 --> [DEPRECATED] Creation of dynamic property App\Controllers\Documento::$anoLetivoModel is deprecated in APPPATH/Controllers/Documento.php on line 33.
 1 SYSTEMPATH/CodeIgniter.php(904): App\Controllers\Documento->initController(Object(CodeIgniter\HTTP\IncomingRequest), Object(CodeIgniter\HTTP\Response), Object(CodeIgniter\Log\Logger))
 2 SYSTEMPATH/CodeIgniter.php(500): CodeIgniter\CodeIgniter->createController()
 3 SYSTEMPATH/CodeIgniter.php(355): CodeIgniter\CodeIgniter->handleRequest(null, Object(Config\Cache), false)
 4 SYSTEMPATH/Boot.php(312): CodeIgniter\CodeIgniter->run()
 5 SYSTEMPATH/Boot.php(67): CodeIgniter\Boot::runCodeIgniter(Object(CodeIgniter\CodeIgniter))
 6 FCPATH/index.php(56): CodeIgniter\Boot::bootWeb(Object(Config\Paths))
WARNING - 2024-11-06 12:08:36 --> [DEPRECATED] Creation of dynamic property App\Libraries\Auth::$session is deprecated in APPPATH/Libraries/Auth.php on line 10.
 1 APPPATH/Controllers/Documento.php(34): App\Libraries\Auth->__construct()
 2 SYSTEMPATH/CodeIgniter.php(904): App\Controllers\Documento->initController(Object(CodeIgniter\HTTP\IncomingRequest), Object(CodeIgniter\HTTP\Response), Object(CodeIgniter\Log\Logger))
 3 SYSTEMPATH/CodeIgniter.php(500): CodeIgniter\CodeIgniter->createController()
 4 SYSTEMPATH/CodeIgniter.php(355): CodeIgniter\CodeIgniter->handleRequest(null, Object(Config\Cache), false)
 5 SYSTEMPATH/Boot.php(312): CodeIgniter\CodeIgniter->run()
 6 SYSTEMPATH/Boot.php(67): CodeIgniter\Boot::runCodeIgniter(Object(CodeIgniter\CodeIgniter))
 7 FCPATH/index.php(56): CodeIgniter\Boot::bootWeb(Object(Config\Paths))
WARNING - 2024-11-06 12:08:36 --> [DEPRECATED] Creation of dynamic property App\Libraries\Auth::$usuario is deprecated in APPPATH/Libraries/Auth.php on line 11.
 1 APPPATH/Controllers/Documento.php(34): App\Libraries\Auth->__construct()
 2 SYSTEMPATH/CodeIgniter.php(904): App\Controllers\Documento->initController(Object(CodeIgniter\HTTP\IncomingRequest), Object(CodeIgniter\HTTP\Response), Object(CodeIgniter\Log\Logger))
 3 SYSTEMPATH/CodeIgniter.php(500): CodeIgniter\CodeIgniter->createController()
 4 SYSTEMPATH/CodeIgniter.php(355): CodeIgniter\CodeIgniter->handleRequest(null, Object(Config\Cache), false)
 5 SYSTEMPATH/Boot.php(312): CodeIgniter\CodeIgniter->run()
 6 SYSTEMPATH/Boot.php(67): CodeIgniter\Boot::runCodeIgniter(Object(CodeIgniter\CodeIgniter))
 7 FCPATH/index.php(56): CodeIgniter\Boot::bootWeb(Object(Config\Paths))
WARNING - 2024-11-06 12:08:36 --> [DEPRECATED] Creation of dynamic property App\Libraries\Auth::$escola is deprecated in APPPATH/Libraries/Auth.php on line 12.
 1 APPPATH/Controllers/Documento.php(34): App\Libraries\Auth->__construct()
 2 SYSTEMPATH/CodeIgniter.php(904): App\Controllers\Documento->initController(Object(CodeIgniter\HTTP\IncomingRequest), Object(CodeIgniter\HTTP\Response), Object(CodeIgniter\Log\Logger))
 3 SYSTEMPATH/CodeIgniter.php(500): CodeIgniter\CodeIgniter->createController()
 4 SYSTEMPATH/CodeIgniter.php(355): CodeIgniter\CodeIgniter->handleRequest(null, Object(Config\Cache), false)
 5 SYSTEMPATH/Boot.php(312): CodeIgniter\CodeIgniter->run()
 6 SYSTEMPATH/Boot.php(67): CodeIgniter\Boot::runCodeIgniter(Object(CodeIgniter\CodeIgniter))
 7 FCPATH/index.php(56): CodeIgniter\Boot::bootWeb(Object(Config\Paths))
WARNING - 2024-11-06 12:08:36 --> [DEPRECATED] Creation of dynamic property App\Models\UsuarioModel::$session is deprecated in APPPATH/Models/UsuarioModel.php on line 12.
 1 APPPATH/Libraries/Auth.php(13): App\Models\UsuarioModel->__construct()
 2 APPPATH/Controllers/Documento.php(34): App\Libraries\Auth->__construct()
 3 SYSTEMPATH/CodeIgniter.php(904): App\Controllers\Documento->initController(Object(CodeIgniter\HTTP\IncomingRequest), Object(CodeIgniter\HTTP\Response), Object(CodeIgniter\Log\Logger))
 4 SYSTEMPATH/CodeIgniter.php(500): CodeIgniter\CodeIgniter->createController()
 5 SYSTEMPATH/CodeIgniter.php(355): CodeIgniter\CodeIgniter->handleRequest(null, Object(Config\Cache), false)
 6 SYSTEMPATH/Boot.php(312): CodeIgniter\CodeIgniter->run()
 7 SYSTEMPATH/Boot.php(67): CodeIgniter\Boot::runCodeIgniter(Object(CodeIgniter\CodeIgniter))
 8 FCPATH/index.php(56): CodeIgniter\Boot::bootWeb(Object(Config\Paths))
WARNING - 2024-11-06 12:08:36 --> [DEPRECATED] Creation of dynamic property App\Models\UsuarioModel::$usuario is deprecated in APPPATH/Models/UsuarioModel.php on line 13.
 1 APPPATH/Libraries/Auth.php(13): App\Models\UsuarioModel->__construct()
 2 APPPATH/Controllers/Documento.php(34): App\Libraries\Auth->__construct()
 3 SYSTEMPATH/CodeIgniter.php(904): App\Controllers\Documento->initController(Object(CodeIgniter\HTTP\IncomingRequest), Object(CodeIgniter\HTTP\Response), Object(CodeIgniter\Log\Logger))
 4 SYSTEMPATH/CodeIgniter.php(500): CodeIgniter\CodeIgniter->createController()
 5 SYSTEMPATH/CodeIgniter.php(355): CodeIgniter\CodeIgniter->handleRequest(null, Object(Config\Cache), false)
 6 SYSTEMPATH/Boot.php(312): CodeIgniter\CodeIgniter->run()
 7 SYSTEMPATH/Boot.php(67): CodeIgniter\Boot::runCodeIgniter(Object(CodeIgniter\CodeIgniter))
 8 FCPATH/index.php(56): CodeIgniter\Boot::bootWeb(Object(Config\Paths))
WARNING - 2024-11-06 12:08:36 --> [DEPRECATED] Creation of dynamic property App\Libraries\Auth::$usuariosModel is deprecated in APPPATH/Libraries/Auth.php on line 13.
 1 APPPATH/Controllers/Documento.php(34): App\Libraries\Auth->__construct()
 2 SYSTEMPATH/CodeIgniter.php(904): App\Controllers\Documento->initController(Object(CodeIgniter\HTTP\IncomingRequest), Object(CodeIgniter\HTTP\Response), Object(CodeIgniter\Log\Logger))
 3 SYSTEMPATH/CodeIgniter.php(500): CodeIgniter\CodeIgniter->createController()
 4 SYSTEMPATH/CodeIgniter.php(355): CodeIgniter\CodeIgniter->handleRequest(null, Object(Config\Cache), false)
 5 SYSTEMPATH/Boot.php(312): CodeIgniter\CodeIgniter->run()
 6 SYSTEMPATH/Boot.php(67): CodeIgniter\Boot::runCodeIgniter(Object(CodeIgniter\CodeIgniter))
 7 FCPATH/index.php(56): CodeIgniter\Boot::bootWeb(Object(Config\Paths))
WARNING - 2024-11-06 12:08:36 --> [DEPRECATED] Creation of dynamic property App\Controllers\Documento::$auth is deprecated in APPPATH/Controllers/Documento.php on line 34.
 1 SYSTEMPATH/CodeIgniter.php(904): App\Controllers\Documento->initController(Object(CodeIgniter\HTTP\IncomingRequest), Object(CodeIgniter\HTTP\Response), Object(CodeIgniter\Log\Logger))
 2 SYSTEMPATH/CodeIgniter.php(500): CodeIgniter\CodeIgniter->createController()
 3 SYSTEMPATH/CodeIgniter.php(355): CodeIgniter\CodeIgniter->handleRequest(null, Object(Config\Cache), false)
 4 SYSTEMPATH/Boot.php(312): CodeIgniter\CodeIgniter->run()
 5 SYSTEMPATH/Boot.php(67): CodeIgniter\Boot::runCodeIgniter(Object(CodeIgniter\CodeIgniter))
 6 FCPATH/index.php(56): CodeIgniter\Boot::bootWeb(Object(Config\Paths))
WARNING - 2024-11-06 12:08:36 --> [DEPRECATED] Creation of dynamic property App\Controllers\Documento::$turmaModel is deprecated in APPPATH/Controllers/Documento.php on line 36.
 1 SYSTEMPATH/CodeIgniter.php(904): App\Controllers\Documento->initController(Object(CodeIgniter\HTTP\IncomingRequest), Object(CodeIgniter\HTTP\Response), Object(CodeIgniter\Log\Logger))
 2 SYSTEMPATH/CodeIgniter.php(500): CodeIgniter\CodeIgniter->createController()
 3 SYSTEMPATH/CodeIgniter.php(355): CodeIgniter\CodeIgniter->handleRequest(null, Object(Config\Cache), false)
 4 SYSTEMPATH/Boot.php(312): CodeIgniter\CodeIgniter->run()
 5 SYSTEMPATH/Boot.php(67): CodeIgniter\Boot::runCodeIgniter(Object(CodeIgniter\CodeIgniter))
 6 FCPATH/index.php(56): CodeIgniter\Boot::bootWeb(Object(Config\Paths))
WARNING - 2024-11-06 12:08:36 --> [DEPRECATED] Creation of dynamic property App\Models\EscolaModel::$session is deprecated in APPPATH/Models/EscolaModel.php on line 12.
 1 APPPATH/Controllers/Documento.php(37): App\Models\EscolaModel->__construct()
 2 SYSTEMPATH/CodeIgniter.php(904): App\Controllers\Documento->initController(Object(CodeIgniter\HTTP\IncomingRequest), Object(CodeIgniter\HTTP\Response), Object(CodeIgniter\Log\Logger))
 3 SYSTEMPATH/CodeIgniter.php(500): CodeIgniter\CodeIgniter->createController()
 4 SYSTEMPATH/CodeIgniter.php(355): CodeIgniter\CodeIgniter->handleRequest(null, Object(Config\Cache), false)
 5 SYSTEMPATH/Boot.php(312): CodeIgniter\CodeIgniter->run()
 6 SYSTEMPATH/Boot.php(67): CodeIgniter\Boot::runCodeIgniter(Object(CodeIgniter\CodeIgniter))
 7 FCPATH/index.php(56): CodeIgniter\Boot::bootWeb(Object(Config\Paths))
WARNING - 2024-11-06 12:08:36 --> [DEPRECATED] Creation of dynamic property App\Models\EscolaModel::$usuario is deprecated in APPPATH/Models/EscolaModel.php on line 13.
 1 APPPATH/Controllers/Documento.php(37): App\Models\EscolaModel->__construct()
 2 SYSTEMPATH/CodeIgniter.php(904): App\Controllers\Documento->initController(Object(CodeIgniter\HTTP\IncomingRequest), Object(CodeIgniter\HTTP\Response), Object(CodeIgniter\Log\Logger))
 3 SYSTEMPATH/CodeIgniter.php(500): CodeIgniter\CodeIgniter->createController()
 4 SYSTEMPATH/CodeIgniter.php(355): CodeIgniter\CodeIgniter->handleRequest(null, Object(Config\Cache), false)
 5 SYSTEMPATH/Boot.php(312): CodeIgniter\CodeIgniter->run()
 6 SYSTEMPATH/Boot.php(67): CodeIgniter\Boot::runCodeIgniter(Object(CodeIgniter\CodeIgniter))
 7 FCPATH/index.php(56): CodeIgniter\Boot::bootWeb(Object(Config\Paths))
WARNING - 2024-11-06 12:08:36 --> [DEPRECATED] Creation of dynamic property App\Controllers\Documento::$escolaModel is deprecated in APPPATH/Controllers/Documento.php on line 37.
 1 SYSTEMPATH/CodeIgniter.php(904): App\Controllers\Documento->initController(Object(CodeIgniter\HTTP\IncomingRequest), Object(CodeIgniter\HTTP\Response), Object(CodeIgniter\Log\Logger))
 2 SYSTEMPATH/CodeIgniter.php(500): CodeIgniter\CodeIgniter->createController()
 3 SYSTEMPATH/CodeIgniter.php(355): CodeIgniter\CodeIgniter->handleRequest(null, Object(Config\Cache), false)
 4 SYSTEMPATH/Boot.php(312): CodeIgniter\CodeIgniter->run()
 5 SYSTEMPATH/Boot.php(67): CodeIgniter\Boot::runCodeIgniter(Object(CodeIgniter\CodeIgniter))
 6 FCPATH/index.php(56): CodeIgniter\Boot::bootWeb(Object(Config\Paths))
WARNING - 2024-11-06 12:08:36 --> [DEPRECATED] Creation of dynamic property App\Controllers\Documento::$profissionalModel is deprecated in APPPATH/Controllers/Documento.php on line 38.
 1 SYSTEMPATH/CodeIgniter.php(904): App\Controllers\Documento->initController(Object(CodeIgniter\HTTP\IncomingRequest), Object(CodeIgniter\HTTP\Response), Object(CodeIgniter\Log\Logger))
 2 SYSTEMPATH/CodeIgniter.php(500): CodeIgniter\CodeIgniter->createController()
 3 SYSTEMPATH/CodeIgniter.php(355): CodeIgniter\CodeIgniter->handleRequest(null, Object(Config\Cache), false)
 4 SYSTEMPATH/Boot.php(312): CodeIgniter\CodeIgniter->run()
 5 SYSTEMPATH/Boot.php(67): CodeIgniter\Boot::runCodeIgniter(Object(CodeIgniter\CodeIgniter))
 6 FCPATH/index.php(56): CodeIgniter\Boot::bootWeb(Object(Config\Paths))
WARNING - 2024-11-06 12:08:36 --> [DEPRECATED] Creation of dynamic property App\Controllers\Documento::$profissaoModel is deprecated in APPPATH/Controllers/Documento.php on line 39.
 1 SYSTEMPATH/CodeIgniter.php(904): App\Controllers\Documento->initController(Object(CodeIgniter\HTTP\IncomingRequest), Object(CodeIgniter\HTTP\Response), Object(CodeIgniter\Log\Logger))
 2 SYSTEMPATH/CodeIgniter.php(500): CodeIgniter\CodeIgniter->createController()
 3 SYSTEMPATH/CodeIgniter.php(355): CodeIgniter\CodeIgniter->handleRequest(null, Object(Config\Cache), false)
 4 SYSTEMPATH/Boot.php(312): CodeIgniter\CodeIgniter->run()
 5 SYSTEMPATH/Boot.php(67): CodeIgniter\Boot::runCodeIgniter(Object(CodeIgniter\CodeIgniter))
 6 FCPATH/index.php(56): CodeIgniter\Boot::bootWeb(Object(Config\Paths))
CRITICAL - 2024-11-06 12:08:36 --> ErrorException: Attempt to read property "RECONHECE_IDENTIFICA_CORES" on null
[Method: POST, Route: Documento/DocumentoFichaObs]
in APPPATH/Views/turma/ficha_obs.php on line 320.
 1 APPPATH/Views/turma/ficha_obs.php(320): CodeIgniter\Debug\Exceptions->errorHandler()
 2 SYSTEMPATH/View/View.php(234): include('/var/www/html/sigeo/app/Views/turma/ficha_obs.php')
 3 SYSTEMPATH/View/View.php(237): CodeIgniter\View\View->CodeIgniter\View\{closure}()
 4 SYSTEMPATH/Common.php(1171): CodeIgniter\View\View->render()
 5 APPPATH/Controllers/Documento.php(616): view()
 6 SYSTEMPATH/CodeIgniter.php(933): App\Controllers\Documento->DocumentoFichaObs()
 7 SYSTEMPATH/CodeIgniter.php(509): CodeIgniter\CodeIgniter->runController()
 8 SYSTEMPATH/CodeIgniter.php(355): CodeIgniter\CodeIgniter->handleRequest()
 9 SYSTEMPATH/Boot.php(312): CodeIgniter\CodeIgniter->run()
10 SYSTEMPATH/Boot.php(67): CodeIgniter\Boot::runCodeIgniter()
11 FCPATH/index.php(56): CodeIgniter\Boot::bootWeb()
INFO - 2024-11-06 15:10:15 --> Session: Class initialized using 'CodeIgniter\Session\Handlers\FileHandler' driver.
WARNING - 2024-11-06 15:10:15 --> [DEPRECATED] Creation of dynamic property App\Controllers\Documento::$session is deprecated in APPPATH/Controllers/Documento.php on line 24.
 1 SYSTEMPATH/CodeIgniter.php(904): App\Controllers\Documento->initController(Object(CodeIgniter\HTTP\IncomingRequest), Object(CodeIgniter\HTTP\Response), Object(CodeIgniter\Log\Logger))
 2 SYSTEMPATH/CodeIgniter.php(500): CodeIgniter\CodeIgniter->createController()
 3 SYSTEMPATH/CodeIgniter.php(355): CodeIgniter\CodeIgniter->handleRequest(null, Object(Config\Cache), false)
 4 SYSTEMPATH/Boot.php(312): CodeIgniter\CodeIgniter->run()
 5 SYSTEMPATH/Boot.php(67): CodeIgniter\Boot::runCodeIgniter(Object(CodeIgniter\CodeIgniter))
 6 FCPATH/index.php(56): CodeIgniter\Boot::bootWeb(Object(Config\Paths))
WARNING - 2024-11-06 15:10:15 --> [DEPRECATED] Creation of dynamic property App\Controllers\Documento::$usuario is deprecated in APPPATH/Controllers/Documento.php on line 25.
 1 SYSTEMPATH/CodeIgniter.php(904): App\Controllers\Documento->initController(Object(CodeIgniter\HTTP\IncomingRequest), Object(CodeIgniter\HTTP\Response), Object(CodeIgniter\Log\Logger))
 2 SYSTEMPATH/CodeIgniter.php(500): CodeIgniter\CodeIgniter->createController()
 3 SYSTEMPATH/CodeIgniter.php(355): CodeIgniter\CodeIgniter->handleRequest(null, Object(Config\Cache), false)
 4 SYSTEMPATH/Boot.php(312): CodeIgniter\CodeIgniter->run()
 5 SYSTEMPATH/Boot.php(67): CodeIgniter\Boot::runCodeIgniter(Object(CodeIgniter\CodeIgniter))
 6 FCPATH/index.php(56): CodeIgniter\Boot::bootWeb(Object(Config\Paths))
WARNING - 2024-11-06 15:10:15 --> [DEPRECATED] Creation of dynamic property App\Controllers\Documento::$escola is deprecated in APPPATH/Controllers/Documento.php on line 26.
 1 SYSTEMPATH/CodeIgniter.php(904): App\Controllers\Documento->initController(Object(CodeIgniter\HTTP\IncomingRequest), Object(CodeIgniter\HTTP\Response), Object(CodeIgniter\Log\Logger))
 2 SYSTEMPATH/CodeIgniter.php(500): CodeIgniter\CodeIgniter->createController()
 3 SYSTEMPATH/CodeIgniter.php(355): CodeIgniter\CodeIgniter->handleRequest(null, Object(Config\Cache), false)
 4 SYSTEMPATH/Boot.php(312): CodeIgniter\CodeIgniter->run()
 5 SYSTEMPATH/Boot.php(67): CodeIgniter\Boot::runCodeIgniter(Object(CodeIgniter\CodeIgniter))
 6 FCPATH/index.php(56): CodeIgniter\Boot::bootWeb(Object(Config\Paths))
WARNING - 2024-11-06 12:10:15 --> [DEPRECATED] Creation of dynamic property App\Controllers\Documento::$alunoModel is deprecated in APPPATH/Controllers/Documento.php on line 32.
 1 SYSTEMPATH/CodeIgniter.php(904): App\Controllers\Documento->initController(Object(CodeIgniter\HTTP\IncomingRequest), Object(CodeIgniter\HTTP\Response), Object(CodeIgniter\Log\Logger))
 2 SYSTEMPATH/CodeIgniter.php(500): CodeIgniter\CodeIgniter->createController()
 3 SYSTEMPATH/CodeIgniter.php(355): CodeIgniter\CodeIgniter->handleRequest(null, Object(Config\Cache), false)
 4 SYSTEMPATH/Boot.php(312): CodeIgniter\CodeIgniter->run()
 5 SYSTEMPATH/Boot.php(67): CodeIgniter\Boot::runCodeIgniter(Object(CodeIgniter\CodeIgniter))
 6 FCPATH/index.php(56): CodeIgniter\Boot::bootWeb(Object(Config\Paths))
WARNING - 2024-11-06 12:10:15 --> [DEPRECATED] Creation of dynamic property App\Controllers\Documento::$anoLetivoModel is deprecated in APPPATH/Controllers/Documento.php on line 33.
 1 SYSTEMPATH/CodeIgniter.php(904): App\Controllers\Documento->initController(Object(CodeIgniter\HTTP\IncomingRequest), Object(CodeIgniter\HTTP\Response), Object(CodeIgniter\Log\Logger))
 2 SYSTEMPATH/CodeIgniter.php(500): CodeIgniter\CodeIgniter->createController()
 3 SYSTEMPATH/CodeIgniter.php(355): CodeIgniter\CodeIgniter->handleRequest(null, Object(Config\Cache), false)
 4 SYSTEMPATH/Boot.php(312): CodeIgniter\CodeIgniter->run()
 5 SYSTEMPATH/Boot.php(67): CodeIgniter\Boot::runCodeIgniter(Object(CodeIgniter\CodeIgniter))
 6 FCPATH/index.php(56): CodeIgniter\Boot::bootWeb(Object(Config\Paths))
WARNING - 2024-11-06 12:10:15 --> [DEPRECATED] Creation of dynamic property App\Libraries\Auth::$session is deprecated in APPPATH/Libraries/Auth.php on line 10.
 1 APPPATH/Controllers/Documento.php(34): App\Libraries\Auth->__construct()
 2 SYSTEMPATH/CodeIgniter.php(904): App\Controllers\Documento->initController(Object(CodeIgniter\HTTP\IncomingRequest), Object(CodeIgniter\HTTP\Response), Object(CodeIgniter\Log\Logger))
 3 SYSTEMPATH/CodeIgniter.php(500): CodeIgniter\CodeIgniter->createController()
 4 SYSTEMPATH/CodeIgniter.php(355): CodeIgniter\CodeIgniter->handleRequest(null, Object(Config\Cache), false)
 5 SYSTEMPATH/Boot.php(312): CodeIgniter\CodeIgniter->run()
 6 SYSTEMPATH/Boot.php(67): CodeIgniter\Boot::runCodeIgniter(Object(CodeIgniter\CodeIgniter))
 7 FCPATH/index.php(56): CodeIgniter\Boot::bootWeb(Object(Config\Paths))
WARNING - 2024-11-06 12:10:15 --> [DEPRECATED] Creation of dynamic property App\Libraries\Auth::$usuario is deprecated in APPPATH/Libraries/Auth.php on line 11.
 1 APPPATH/Controllers/Documento.php(34): App\Libraries\Auth->__construct()
 2 SYSTEMPATH/CodeIgniter.php(904): App\Controllers\Documento->initController(Object(CodeIgniter\HTTP\IncomingRequest), Object(CodeIgniter\HTTP\Response), Object(CodeIgniter\Log\Logger))
 3 SYSTEMPATH/CodeIgniter.php(500): CodeIgniter\CodeIgniter->createController()
 4 SYSTEMPATH/CodeIgniter.php(355): CodeIgniter\CodeIgniter->handleRequest(null, Object(Config\Cache), false)
 5 SYSTEMPATH/Boot.php(312): CodeIgniter\CodeIgniter->run()
 6 SYSTEMPATH/Boot.php(67): CodeIgniter\Boot::runCodeIgniter(Object(CodeIgniter\CodeIgniter))
 7 FCPATH/index.php(56): CodeIgniter\Boot::bootWeb(Object(Config\Paths))
WARNING - 2024-11-06 12:10:15 --> [DEPRECATED] Creation of dynamic property App\Libraries\Auth::$escola is deprecated in APPPATH/Libraries/Auth.php on line 12.
 1 APPPATH/Controllers/Documento.php(34): App\Libraries\Auth->__construct()
 2 SYSTEMPATH/CodeIgniter.php(904): App\Controllers\Documento->initController(Object(CodeIgniter\HTTP\IncomingRequest), Object(CodeIgniter\HTTP\Response), Object(CodeIgniter\Log\Logger))
 3 SYSTEMPATH/CodeIgniter.php(500): CodeIgniter\CodeIgniter->createController()
 4 SYSTEMPATH/CodeIgniter.php(355): CodeIgniter\CodeIgniter->handleRequest(null, Object(Config\Cache), false)
 5 SYSTEMPATH/Boot.php(312): CodeIgniter\CodeIgniter->run()
 6 SYSTEMPATH/Boot.php(67): CodeIgniter\Boot::runCodeIgniter(Object(CodeIgniter\CodeIgniter))
 7 FCPATH/index.php(56): CodeIgniter\Boot::bootWeb(Object(Config\Paths))
WARNING - 2024-11-06 12:10:15 --> [DEPRECATED] Creation of dynamic property App\Models\UsuarioModel::$session is deprecated in APPPATH/Models/UsuarioModel.php on line 12.
 1 APPPATH/Libraries/Auth.php(13): App\Models\UsuarioModel->__construct()
 2 APPPATH/Controllers/Documento.php(34): App\Libraries\Auth->__construct()
 3 SYSTEMPATH/CodeIgniter.php(904): App\Controllers\Documento->initController(Object(CodeIgniter\HTTP\IncomingRequest), Object(CodeIgniter\HTTP\Response), Object(CodeIgniter\Log\Logger))
 4 SYSTEMPATH/CodeIgniter.php(500): CodeIgniter\CodeIgniter->createController()
 5 SYSTEMPATH/CodeIgniter.php(355): CodeIgniter\CodeIgniter->handleRequest(null, Object(Config\Cache), false)
 6 SYSTEMPATH/Boot.php(312): CodeIgniter\CodeIgniter->run()
 7 SYSTEMPATH/Boot.php(67): CodeIgniter\Boot::runCodeIgniter(Object(CodeIgniter\CodeIgniter))
 8 FCPATH/index.php(56): CodeIgniter\Boot::bootWeb(Object(Config\Paths))
WARNING - 2024-11-06 12:10:15 --> [DEPRECATED] Creation of dynamic property App\Models\UsuarioModel::$usuario is deprecated in APPPATH/Models/UsuarioModel.php on line 13.
 1 APPPATH/Libraries/Auth.php(13): App\Models\UsuarioModel->__construct()
 2 APPPATH/Controllers/Documento.php(34): App\Libraries\Auth->__construct()
 3 SYSTEMPATH/CodeIgniter.php(904): App\Controllers\Documento->initController(Object(CodeIgniter\HTTP\IncomingRequest), Object(CodeIgniter\HTTP\Response), Object(CodeIgniter\Log\Logger))
 4 SYSTEMPATH/CodeIgniter.php(500): CodeIgniter\CodeIgniter->createController()
 5 SYSTEMPATH/CodeIgniter.php(355): CodeIgniter\CodeIgniter->handleRequest(null, Object(Config\Cache), false)
 6 SYSTEMPATH/Boot.php(312): CodeIgniter\CodeIgniter->run()
 7 SYSTEMPATH/Boot.php(67): CodeIgniter\Boot::runCodeIgniter(Object(CodeIgniter\CodeIgniter))
 8 FCPATH/index.php(56): CodeIgniter\Boot::bootWeb(Object(Config\Paths))
WARNING - 2024-11-06 12:10:15 --> [DEPRECATED] Creation of dynamic property App\Libraries\Auth::$usuariosModel is deprecated in APPPATH/Libraries/Auth.php on line 13.
 1 APPPATH/Controllers/Documento.php(34): App\Libraries\Auth->__construct()
 2 SYSTEMPATH/CodeIgniter.php(904): App\Controllers\Documento->initController(Object(CodeIgniter\HTTP\IncomingRequest), Object(CodeIgniter\HTTP\Response), Object(CodeIgniter\Log\Logger))
 3 SYSTEMPATH/CodeIgniter.php(500): CodeIgniter\CodeIgniter->createController()
 4 SYSTEMPATH/CodeIgniter.php(355): CodeIgniter\CodeIgniter->handleRequest(null, Object(Config\Cache), false)
 5 SYSTEMPATH/Boot.php(312): CodeIgniter\CodeIgniter->run()
 6 SYSTEMPATH/Boot.php(67): CodeIgniter\Boot::runCodeIgniter(Object(CodeIgniter\CodeIgniter))
 7 FCPATH/index.php(56): CodeIgniter\Boot::bootWeb(Object(Config\Paths))
WARNING - 2024-11-06 12:10:15 --> [DEPRECATED] Creation of dynamic property App\Controllers\Documento::$auth is deprecated in APPPATH/Controllers/Documento.php on line 34.
 1 SYSTEMPATH/CodeIgniter.php(904): App\Controllers\Documento->initController(Object(CodeIgniter\HTTP\IncomingRequest), Object(CodeIgniter\HTTP\Response), Object(CodeIgniter\Log\Logger))
 2 SYSTEMPATH/CodeIgniter.php(500): CodeIgniter\CodeIgniter->createController()
 3 SYSTEMPATH/CodeIgniter.php(355): CodeIgniter\CodeIgniter->handleRequest(null, Object(Config\Cache), false)
 4 SYSTEMPATH/Boot.php(312): CodeIgniter\CodeIgniter->run()
 5 SYSTEMPATH/Boot.php(67): CodeIgniter\Boot::runCodeIgniter(Object(CodeIgniter\CodeIgniter))
 6 FCPATH/index.php(56): CodeIgniter\Boot::bootWeb(Object(Config\Paths))
WARNING - 2024-11-06 12:10:15 --> [DEPRECATED] Creation of dynamic property App\Controllers\Documento::$turmaModel is deprecated in APPPATH/Controllers/Documento.php on line 36.
 1 SYSTEMPATH/CodeIgniter.php(904): App\Controllers\Documento->initController(Object(CodeIgniter\HTTP\IncomingRequest), Object(CodeIgniter\HTTP\Response), Object(CodeIgniter\Log\Logger))
 2 SYSTEMPATH/CodeIgniter.php(500): CodeIgniter\CodeIgniter->createController()
 3 SYSTEMPATH/CodeIgniter.php(355): CodeIgniter\CodeIgniter->handleRequest(null, Object(Config\Cache), false)
 4 SYSTEMPATH/Boot.php(312): CodeIgniter\CodeIgniter->run()
 5 SYSTEMPATH/Boot.php(67): CodeIgniter\Boot::runCodeIgniter(Object(CodeIgniter\CodeIgniter))
 6 FCPATH/index.php(56): CodeIgniter\Boot::bootWeb(Object(Config\Paths))
WARNING - 2024-11-06 12:10:15 --> [DEPRECATED] Creation of dynamic property App\Models\EscolaModel::$session is deprecated in APPPATH/Models/EscolaModel.php on line 12.
 1 APPPATH/Controllers/Documento.php(37): App\Models\EscolaModel->__construct()
 2 SYSTEMPATH/CodeIgniter.php(904): App\Controllers\Documento->initController(Object(CodeIgniter\HTTP\IncomingRequest), Object(CodeIgniter\HTTP\Response), Object(CodeIgniter\Log\Logger))
 3 SYSTEMPATH/CodeIgniter.php(500): CodeIgniter\CodeIgniter->createController()
 4 SYSTEMPATH/CodeIgniter.php(355): CodeIgniter\CodeIgniter->handleRequest(null, Object(Config\Cache), false)
 5 SYSTEMPATH/Boot.php(312): CodeIgniter\CodeIgniter->run()
 6 SYSTEMPATH/Boot.php(67): CodeIgniter\Boot::runCodeIgniter(Object(CodeIgniter\CodeIgniter))
 7 FCPATH/index.php(56): CodeIgniter\Boot::bootWeb(Object(Config\Paths))
WARNING - 2024-11-06 12:10:15 --> [DEPRECATED] Creation of dynamic property App\Models\EscolaModel::$usuario is deprecated in APPPATH/Models/EscolaModel.php on line 13.
 1 APPPATH/Controllers/Documento.php(37): App\Models\EscolaModel->__construct()
 2 SYSTEMPATH/CodeIgniter.php(904): App\Controllers\Documento->initController(Object(CodeIgniter\HTTP\IncomingRequest), Object(CodeIgniter\HTTP\Response), Object(CodeIgniter\Log\Logger))
 3 SYSTEMPATH/CodeIgniter.php(500): CodeIgniter\CodeIgniter->createController()
 4 SYSTEMPATH/CodeIgniter.php(355): CodeIgniter\CodeIgniter->handleRequest(null, Object(Config\Cache), false)
 5 SYSTEMPATH/Boot.php(312): CodeIgniter\CodeIgniter->run()
 6 SYSTEMPATH/Boot.php(67): CodeIgniter\Boot::runCodeIgniter(Object(CodeIgniter\CodeIgniter))
 7 FCPATH/index.php(56): CodeIgniter\Boot::bootWeb(Object(Config\Paths))
WARNING - 2024-11-06 12:10:15 --> [DEPRECATED] Creation of dynamic property App\Controllers\Documento::$escolaModel is deprecated in APPPATH/Controllers/Documento.php on line 37.
 1 SYSTEMPATH/CodeIgniter.php(904): App\Controllers\Documento->initController(Object(CodeIgniter\HTTP\IncomingRequest), Object(CodeIgniter\HTTP\Response), Object(CodeIgniter\Log\Logger))
 2 SYSTEMPATH/CodeIgniter.php(500): CodeIgniter\CodeIgniter->createController()
 3 SYSTEMPATH/CodeIgniter.php(355): CodeIgniter\CodeIgniter->handleRequest(null, Object(Config\Cache), false)
 4 SYSTEMPATH/Boot.php(312): CodeIgniter\CodeIgniter->run()
 5 SYSTEMPATH/Boot.php(67): CodeIgniter\Boot::runCodeIgniter(Object(CodeIgniter\CodeIgniter))
 6 FCPATH/index.php(56): CodeIgniter\Boot::bootWeb(Object(Config\Paths))
WARNING - 2024-11-06 12:10:15 --> [DEPRECATED] Creation of dynamic property App\Controllers\Documento::$profissionalModel is deprecated in APPPATH/Controllers/Documento.php on line 38.
 1 SYSTEMPATH/CodeIgniter.php(904): App\Controllers\Documento->initController(Object(CodeIgniter\HTTP\IncomingRequest), Object(CodeIgniter\HTTP\Response), Object(CodeIgniter\Log\Logger))
 2 SYSTEMPATH/CodeIgniter.php(500): CodeIgniter\CodeIgniter->createController()
 3 SYSTEMPATH/CodeIgniter.php(355): CodeIgniter\CodeIgniter->handleRequest(null, Object(Config\Cache), false)
 4 SYSTEMPATH/Boot.php(312): CodeIgniter\CodeIgniter->run()
 5 SYSTEMPATH/Boot.php(67): CodeIgniter\Boot::runCodeIgniter(Object(CodeIgniter\CodeIgniter))
 6 FCPATH/index.php(56): CodeIgniter\Boot::bootWeb(Object(Config\Paths))
WARNING - 2024-11-06 12:10:15 --> [DEPRECATED] Creation of dynamic property App\Controllers\Documento::$profissaoModel is deprecated in APPPATH/Controllers/Documento.php on line 39.
 1 SYSTEMPATH/CodeIgniter.php(904): App\Controllers\Documento->initController(Object(CodeIgniter\HTTP\IncomingRequest), Object(CodeIgniter\HTTP\Response), Object(CodeIgniter\Log\Logger))
 2 SYSTEMPATH/CodeIgniter.php(500): CodeIgniter\CodeIgniter->createController()
 3 SYSTEMPATH/CodeIgniter.php(355): CodeIgniter\CodeIgniter->handleRequest(null, Object(Config\Cache), false)
 4 SYSTEMPATH/Boot.php(312): CodeIgniter\CodeIgniter->run()
 5 SYSTEMPATH/Boot.php(67): CodeIgniter\Boot::runCodeIgniter(Object(CodeIgniter\CodeIgniter))
 6 FCPATH/index.php(56): CodeIgniter\Boot::bootWeb(Object(Config\Paths))
CRITICAL - 2024-11-06 12:10:15 --> ErrorException: Attempt to read property "LATERALIDADE" on null
[Method: POST, Route: Documento/DocumentoFichaObs]
in APPPATH/Views/turma/ficha_obs.php on line 202.
 1 APPPATH/Views/turma/ficha_obs.php(202): CodeIgniter\Debug\Exceptions->errorHandler()
 2 SYSTEMPATH/View/View.php(234): include('/var/www/html/sigeo/app/Views/turma/ficha_obs.php')
 3 SYSTEMPATH/View/View.php(237): CodeIgniter\View\View->CodeIgniter\View\{closure}()
 4 SYSTEMPATH/Common.php(1171): CodeIgniter\View\View->render()
 5 APPPATH/Controllers/Documento.php(616): view()
 6 SYSTEMPATH/CodeIgniter.php(933): App\Controllers\Documento->DocumentoFichaObs()
 7 SYSTEMPATH/CodeIgniter.php(509): CodeIgniter\CodeIgniter->runController()
 8 SYSTEMPATH/CodeIgniter.php(355): CodeIgniter\CodeIgniter->handleRequest()
 9 SYSTEMPATH/Boot.php(312): CodeIgniter\CodeIgniter->run()
10 SYSTEMPATH/Boot.php(67): CodeIgniter\Boot::runCodeIgniter()
11 FCPATH/index.php(56): CodeIgniter\Boot::bootWeb()
CRITICAL - 2024-11-06 12:23:05 --> ErrorException: Attempt to read property "LATERALIDADE" on null
[Method: POST, Route: Documento/DocumentoFichaObs]
in APPPATH/Views/turma/ficha_obs.php on line 202.
 1 APPPATH/Views/turma/ficha_obs.php(202): CodeIgniter\Debug\Exceptions->errorHandler()
 2 SYSTEMPATH/View/View.php(234): include('/var/www/html/sigeo/app/Views/turma/ficha_obs.php')
 3 SYSTEMPATH/View/View.php(237): CodeIgniter\View\View->CodeIgniter\View\{closure}()
 4 SYSTEMPATH/Common.php(1171): CodeIgniter\View\View->render()
 5 APPPATH/Controllers/Documento.php(616): view()
 6 SYSTEMPATH/CodeIgniter.php(933): App\Controllers\Documento->DocumentoFichaObs()
 7 SYSTEMPATH/CodeIgniter.php(509): CodeIgniter\CodeIgniter->runController()
 8 SYSTEMPATH/CodeIgniter.php(355): CodeIgniter\CodeIgniter->handleRequest()
 9 SYSTEMPATH/Boot.php(312): CodeIgniter\CodeIgniter->run()
10 SYSTEMPATH/Boot.php(67): CodeIgniter\Boot::runCodeIgniter()
11 FCPATH/index.php(56): CodeIgniter\Boot::bootWeb()
CRITICAL - 2024-11-06 19:29:14 --> ErrorException: Undefined variable $resultado
[Method: GET, Route: Aplicativo/OcorrenciaNovo/34/0]
in APPPATH/Views/nova_ocorrencia.php on line 77.
 1 APPPATH/Views/nova_ocorrencia.php(77): CodeIgniter\Debug\Exceptions->errorHandler()
 2 SYSTEMPATH/View/View.php(234): include('/var/www/html/sigeo/app/Views/nova_ocorrencia.php')
 3 SYSTEMPATH/View/View.php(237): CodeIgniter\View\View->CodeIgniter\View\{closure}()
 4 SYSTEMPATH/Common.php(1171): CodeIgniter\View\View->render()
 5 APPPATH/Controllers/Aplicativo.php(250): view()
 6 SYSTEMPATH/CodeIgniter.php(933): App\Controllers\Aplicativo->OcorrenciaNovo()
 7 SYSTEMPATH/CodeIgniter.php(509): CodeIgniter\CodeIgniter->runController()
 8 SYSTEMPATH/CodeIgniter.php(355): CodeIgniter\CodeIgniter->handleRequest()
 9 SYSTEMPATH/Boot.php(312): CodeIgniter\CodeIgniter->run()
10 SYSTEMPATH/Boot.php(67): CodeIgniter\Boot::runCodeIgniter()
11 FCPATH/index.php(56): CodeIgniter\Boot::bootWeb()
INFO - 2024-11-06 22:30:20 --> Session: Class initialized using 'CodeIgniter\Session\Handlers\FileHandler' driver.
WARNING - 2024-11-06 22:30:20 --> [DEPRECATED] Creation of dynamic property App\Models\UsuarioModel::$session is deprecated in APPPATH/Models/UsuarioModel.php on line 12.
 1 APPPATH/Controllers/Aplicativo.php(21): App\Models\UsuarioModel->__construct()
 2 SYSTEMPATH/CodeIgniter.php(904): App\Controllers\Aplicativo->initController(Object(CodeIgniter\HTTP\IncomingRequest), Object(CodeIgniter\HTTP\Response), Object(CodeIgniter\Log\Logger))
 3 SYSTEMPATH/CodeIgniter.php(500): CodeIgniter\CodeIgniter->createController()
 4 SYSTEMPATH/CodeIgniter.php(355): CodeIgniter\CodeIgniter->handleRequest(null, Object(Config\Cache), false)
 5 SYSTEMPATH/Boot.php(312): CodeIgniter\CodeIgniter->run()
 6 SYSTEMPATH/Boot.php(67): CodeIgniter\Boot::runCodeIgniter(Object(CodeIgniter\CodeIgniter))
 7 FCPATH/index.php(56): CodeIgniter\Boot::bootWeb(Object(Config\Paths))
WARNING - 2024-11-06 22:30:20 --> [DEPRECATED] Creation of dynamic property App\Models\UsuarioModel::$usuario is deprecated in APPPATH/Models/UsuarioModel.php on line 13.
 1 APPPATH/Controllers/Aplicativo.php(21): App\Models\UsuarioModel->__construct()
 2 SYSTEMPATH/CodeIgniter.php(904): App\Controllers\Aplicativo->initController(Object(CodeIgniter\HTTP\IncomingRequest), Object(CodeIgniter\HTTP\Response), Object(CodeIgniter\Log\Logger))
 3 SYSTEMPATH/CodeIgniter.php(500): CodeIgniter\CodeIgniter->createController()
 4 SYSTEMPATH/CodeIgniter.php(355): CodeIgniter\CodeIgniter->handleRequest(null, Object(Config\Cache), false)
 5 SYSTEMPATH/Boot.php(312): CodeIgniter\CodeIgniter->run()
 6 SYSTEMPATH/Boot.php(67): CodeIgniter\Boot::runCodeIgniter(Object(CodeIgniter\CodeIgniter))
 7 FCPATH/index.php(56): CodeIgniter\Boot::bootWeb(Object(Config\Paths))
WARNING - 2024-11-06 22:30:20 --> [DEPRECATED] Creation of dynamic property App\Controllers\Aplicativo::$usuarioModel is deprecated in APPPATH/Controllers/Aplicativo.php on line 21.
 1 SYSTEMPATH/CodeIgniter.php(904): App\Controllers\Aplicativo->initController(Object(CodeIgniter\HTTP\IncomingRequest), Object(CodeIgniter\HTTP\Response), Object(CodeIgniter\Log\Logger))
 2 SYSTEMPATH/CodeIgniter.php(500): CodeIgniter\CodeIgniter->createController()
 3 SYSTEMPATH/CodeIgniter.php(355): CodeIgniter\CodeIgniter->handleRequest(null, Object(Config\Cache), false)
 4 SYSTEMPATH/Boot.php(312): CodeIgniter\CodeIgniter->run()
 5 SYSTEMPATH/Boot.php(67): CodeIgniter\Boot::runCodeIgniter(Object(CodeIgniter\CodeIgniter))
 6 FCPATH/index.php(56): CodeIgniter\Boot::bootWeb(Object(Config\Paths))
WARNING - 2024-11-06 22:30:20 --> [DEPRECATED] Creation of dynamic property App\Controllers\Aplicativo::$turmaModel is deprecated in APPPATH/Controllers/Aplicativo.php on line 22.
 1 SYSTEMPATH/CodeIgniter.php(904): App\Controllers\Aplicativo->initController(Object(CodeIgniter\HTTP\IncomingRequest), Object(CodeIgniter\HTTP\Response), Object(CodeIgniter\Log\Logger))
 2 SYSTEMPATH/CodeIgniter.php(500): CodeIgniter\CodeIgniter->createController()
 3 SYSTEMPATH/CodeIgniter.php(355): CodeIgniter\CodeIgniter->handleRequest(null, Object(Config\Cache), false)
 4 SYSTEMPATH/Boot.php(312): CodeIgniter\CodeIgniter->run()
 5 SYSTEMPATH/Boot.php(67): CodeIgniter\Boot::runCodeIgniter(Object(CodeIgniter\CodeIgniter))
 6 FCPATH/index.php(56): CodeIgniter\Boot::bootWeb(Object(Config\Paths))
WARNING - 2024-11-06 22:30:20 --> [DEPRECATED] Creation of dynamic property App\Controllers\Aplicativo::$alunoModel is deprecated in APPPATH/Controllers/Aplicativo.php on line 23.
 1 SYSTEMPATH/CodeIgniter.php(904): App\Controllers\Aplicativo->initController(Object(CodeIgniter\HTTP\IncomingRequest), Object(CodeIgniter\HTTP\Response), Object(CodeIgniter\Log\Logger))
 2 SYSTEMPATH/CodeIgniter.php(500): CodeIgniter\CodeIgniter->createController()
 3 SYSTEMPATH/CodeIgniter.php(355): CodeIgniter\CodeIgniter->handleRequest(null, Object(Config\Cache), false)
 4 SYSTEMPATH/Boot.php(312): CodeIgniter\CodeIgniter->run()
 5 SYSTEMPATH/Boot.php(67): CodeIgniter\Boot::runCodeIgniter(Object(CodeIgniter\CodeIgniter))
 6 FCPATH/index.php(56): CodeIgniter\Boot::bootWeb(Object(Config\Paths))
WARNING - 2024-11-06 22:30:20 --> [DEPRECATED] Creation of dynamic property App\Controllers\Aplicativo::$session is deprecated in APPPATH/Controllers/Aplicativo.php on line 24.
 1 SYSTEMPATH/CodeIgniter.php(904): App\Controllers\Aplicativo->initController(Object(CodeIgniter\HTTP\IncomingRequest), Object(CodeIgniter\HTTP\Response), Object(CodeIgniter\Log\Logger))
 2 SYSTEMPATH/CodeIgniter.php(500): CodeIgniter\CodeIgniter->createController()
 3 SYSTEMPATH/CodeIgniter.php(355): CodeIgniter\CodeIgniter->handleRequest(null, Object(Config\Cache), false)
 4 SYSTEMPATH/Boot.php(312): CodeIgniter\CodeIgniter->run()
 5 SYSTEMPATH/Boot.php(67): CodeIgniter\Boot::runCodeIgniter(Object(CodeIgniter\CodeIgniter))
 6 FCPATH/index.php(56): CodeIgniter\Boot::bootWeb(Object(Config\Paths))
WARNING - 2024-11-06 22:30:20 --> [DEPRECATED] Creation of dynamic property App\Controllers\Aplicativo::$usuario is deprecated in APPPATH/Controllers/Aplicativo.php on line 25.
 1 SYSTEMPATH/CodeIgniter.php(904): App\Controllers\Aplicativo->initController(Object(CodeIgniter\HTTP\IncomingRequest), Object(CodeIgniter\HTTP\Response), Object(CodeIgniter\Log\Logger))
 2 SYSTEMPATH/CodeIgniter.php(500): CodeIgniter\CodeIgniter->createController()
 3 SYSTEMPATH/CodeIgniter.php(355): CodeIgniter\CodeIgniter->handleRequest(null, Object(Config\Cache), false)
 4 SYSTEMPATH/Boot.php(312): CodeIgniter\CodeIgniter->run()
 5 SYSTEMPATH/Boot.php(67): CodeIgniter\Boot::runCodeIgniter(Object(CodeIgniter\CodeIgniter))
 6 FCPATH/index.php(56): CodeIgniter\Boot::bootWeb(Object(Config\Paths))
WARNING - 2024-11-06 22:30:20 --> [DEPRECATED] Creation of dynamic property App\Controllers\Aplicativo::$escola is deprecated in APPPATH/Controllers/Aplicativo.php on line 26.
 1 SYSTEMPATH/CodeIgniter.php(904): App\Controllers\Aplicativo->initController(Object(CodeIgniter\HTTP\IncomingRequest), Object(CodeIgniter\HTTP\Response), Object(CodeIgniter\Log\Logger))
 2 SYSTEMPATH/CodeIgniter.php(500): CodeIgniter\CodeIgniter->createController()
 3 SYSTEMPATH/CodeIgniter.php(355): CodeIgniter\CodeIgniter->handleRequest(null, Object(Config\Cache), false)
 4 SYSTEMPATH/Boot.php(312): CodeIgniter\CodeIgniter->run()
 5 SYSTEMPATH/Boot.php(67): CodeIgniter\Boot::runCodeIgniter(Object(CodeIgniter\CodeIgniter))
 6 FCPATH/index.php(56): CodeIgniter\Boot::bootWeb(Object(Config\Paths))
WARNING - 2024-11-06 19:30:20 --> [DEPRECATED] Creation of dynamic property CodeIgniter\View\View::$session is deprecated in APPPATH/Views/commons_app/navbartop.php on line 3.
 1 SYSTEMPATH/View/View.php(234): include('/var/www/html/sigeo/app/Views/commons_app/navbartop.php')
 2 SYSTEMPATH/View/View.php(237): CodeIgniter\View\View->CodeIgniter\View\{closure}()
 3 SYSTEMPATH/Common.php(1171): CodeIgniter\View\View->render('commons_app/navbartop', [], true)
 4 APPPATH/Controllers/Aplicativo.php(248): view('commons_app/navbartop')
 5 SYSTEMPATH/CodeIgniter.php(933): App\Controllers\Aplicativo->OcorrenciaNovo('34', '0')
 6 SYSTEMPATH/CodeIgniter.php(509): CodeIgniter\CodeIgniter->runController(Object(App\Controllers\Aplicativo))
 7 SYSTEMPATH/CodeIgniter.php(355): CodeIgniter\CodeIgniter->handleRequest(null, Object(Config\Cache), false)
 8 SYSTEMPATH/Boot.php(312): CodeIgniter\CodeIgniter->run()
 9 SYSTEMPATH/Boot.php(67): CodeIgniter\Boot::runCodeIgniter(Object(CodeIgniter\CodeIgniter))
10 FCPATH/index.php(56): CodeIgniter\Boot::bootWeb(Object(Config\Paths))
WARNING - 2024-11-06 19:30:20 --> [DEPRECATED] Creation of dynamic property CodeIgniter\View\View::$usuario is deprecated in APPPATH/Views/commons_app/navbartop.php on line 4.
 1 SYSTEMPATH/View/View.php(234): include('/var/www/html/sigeo/app/Views/commons_app/navbartop.php')
 2 SYSTEMPATH/View/View.php(237): CodeIgniter\View\View->CodeIgniter\View\{closure}()
 3 SYSTEMPATH/Common.php(1171): CodeIgniter\View\View->render('commons_app/navbartop', [], true)
 4 APPPATH/Controllers/Aplicativo.php(248): view('commons_app/navbartop')
 5 SYSTEMPATH/CodeIgniter.php(933): App\Controllers\Aplicativo->OcorrenciaNovo('34', '0')
 6 SYSTEMPATH/CodeIgniter.php(509): CodeIgniter\CodeIgniter->runController(Object(App\Controllers\Aplicativo))
 7 SYSTEMPATH/CodeIgniter.php(355): CodeIgniter\CodeIgniter->handleRequest(null, Object(Config\Cache), false)
 8 SYSTEMPATH/Boot.php(312): CodeIgniter\CodeIgniter->run()
 9 SYSTEMPATH/Boot.php(67): CodeIgniter\Boot::runCodeIgniter(Object(CodeIgniter\CodeIgniter))
10 FCPATH/index.php(56): CodeIgniter\Boot::bootWeb(Object(Config\Paths))
WARNING - 2024-11-06 19:30:20 --> [DEPRECATED] Creation of dynamic property CodeIgniter\View\View::$escola is deprecated in APPPATH/Views/commons_app/navbartop.php on line 5.
 1 SYSTEMPATH/View/View.php(234): include('/var/www/html/sigeo/app/Views/commons_app/navbartop.php')
 2 SYSTEMPATH/View/View.php(237): CodeIgniter\View\View->CodeIgniter\View\{closure}()
 3 SYSTEMPATH/Common.php(1171): CodeIgniter\View\View->render('commons_app/navbartop', [], true)
 4 APPPATH/Controllers/Aplicativo.php(248): view('commons_app/navbartop')
 5 SYSTEMPATH/CodeIgniter.php(933): App\Controllers\Aplicativo->OcorrenciaNovo('34', '0')
 6 SYSTEMPATH/CodeIgniter.php(509): CodeIgniter\CodeIgniter->runController(Object(App\Controllers\Aplicativo))
 7 SYSTEMPATH/CodeIgniter.php(355): CodeIgniter\CodeIgniter->handleRequest(null, Object(Config\Cache), false)
 8 SYSTEMPATH/Boot.php(312): CodeIgniter\CodeIgniter->run()
 9 SYSTEMPATH/Boot.php(67): CodeIgniter\Boot::runCodeIgniter(Object(CodeIgniter\CodeIgniter))
10 FCPATH/index.php(56): CodeIgniter\Boot::bootWeb(Object(Config\Paths))
WARNING - 2024-11-06 19:30:20 --> [DEPRECATED] Creation of dynamic property App\Models\UsuarioModel::$session is deprecated in APPPATH/Models/UsuarioModel.php on line 12.
 1 APPPATH/Helpers/complementos_helper.php(185): App\Models\UsuarioModel->__construct()
 2 APPPATH/Controllers/Aplicativo.php(249): getBarMenu(Object(stdClass))
 3 SYSTEMPATH/CodeIgniter.php(933): App\Controllers\Aplicativo->OcorrenciaNovo('34', '0')
 4 SYSTEMPATH/CodeIgniter.php(509): CodeIgniter\CodeIgniter->runController(Object(App\Controllers\Aplicativo))
 5 SYSTEMPATH/CodeIgniter.php(355): CodeIgniter\CodeIgniter->handleRequest(null, Object(Config\Cache), false)
 6 SYSTEMPATH/Boot.php(312): CodeIgniter\CodeIgniter->run()
 7 SYSTEMPATH/Boot.php(67): CodeIgniter\Boot::runCodeIgniter(Object(CodeIgniter\CodeIgniter))
 8 FCPATH/index.php(56): CodeIgniter\Boot::bootWeb(Object(Config\Paths))
WARNING - 2024-11-06 19:30:20 --> [DEPRECATED] Creation of dynamic property App\Models\UsuarioModel::$usuario is deprecated in APPPATH/Models/UsuarioModel.php on line 13.
 1 APPPATH/Helpers/complementos_helper.php(185): App\Models\UsuarioModel->__construct()
 2 APPPATH/Controllers/Aplicativo.php(249): getBarMenu(Object(stdClass))
 3 SYSTEMPATH/CodeIgniter.php(933): App\Controllers\Aplicativo->OcorrenciaNovo('34', '0')
 4 SYSTEMPATH/CodeIgniter.php(509): CodeIgniter\CodeIgniter->runController(Object(App\Controllers\Aplicativo))
 5 SYSTEMPATH/CodeIgniter.php(355): CodeIgniter\CodeIgniter->handleRequest(null, Object(Config\Cache), false)
 6 SYSTEMPATH/Boot.php(312): CodeIgniter\CodeIgniter->run()
 7 SYSTEMPATH/Boot.php(67): CodeIgniter\Boot::runCodeIgniter(Object(CodeIgniter\CodeIgniter))
 8 FCPATH/index.php(56): CodeIgniter\Boot::bootWeb(Object(Config\Paths))
WARNING - 2024-11-06 19:30:20 --> [DEPRECATED] Function strftime() is deprecated in APPPATH/Views/commons_app/navbarleft.php on line 13.
 1 SYSTEMPATH/View/View.php(234): include('/var/www/html/sigeo/app/Views/commons_app/navbarleft.php')
 2 SYSTEMPATH/View/View.php(237): CodeIgniter\View\View->CodeIgniter\View\{closure}()
 3 SYSTEMPATH/Common.php(1171): CodeIgniter\View\View->render('commons_app/navbarleft', [], true)
 4 APPPATH/Controllers/Aplicativo.php(249): view('commons_app/navbarleft', [...])
 5 SYSTEMPATH/CodeIgniter.php(933): App\Controllers\Aplicativo->OcorrenciaNovo('34', '0')
 6 SYSTEMPATH/CodeIgniter.php(509): CodeIgniter\CodeIgniter->runController(Object(App\Controllers\Aplicativo))
 7 SYSTEMPATH/CodeIgniter.php(355): CodeIgniter\CodeIgniter->handleRequest(null, Object(Config\Cache), false)
 8 SYSTEMPATH/Boot.php(312): CodeIgniter\CodeIgniter->run()
 9 SYSTEMPATH/Boot.php(67): CodeIgniter\Boot::runCodeIgniter(Object(CodeIgniter\CodeIgniter))
10 FCPATH/index.php(56): CodeIgniter\Boot::bootWeb(Object(Config\Paths))
CRITICAL - 2024-11-06 19:30:20 --> ErrorException: Undefined variable $resultado
[Method: GET, Route: Aplicativo/OcorrenciaNovo/34/0]
in APPPATH/Views/nova_ocorrencia.php on line 77.
 1 APPPATH/Views/nova_ocorrencia.php(77): CodeIgniter\Debug\Exceptions->errorHandler()
 2 SYSTEMPATH/View/View.php(234): include('/var/www/html/sigeo/app/Views/nova_ocorrencia.php')
 3 SYSTEMPATH/View/View.php(237): CodeIgniter\View\View->CodeIgniter\View\{closure}()
 4 SYSTEMPATH/Common.php(1171): CodeIgniter\View\View->render()
 5 APPPATH/Controllers/Aplicativo.php(250): view()
 6 SYSTEMPATH/CodeIgniter.php(933): App\Controllers\Aplicativo->OcorrenciaNovo()
 7 SYSTEMPATH/CodeIgniter.php(509): CodeIgniter\CodeIgniter->runController()
 8 SYSTEMPATH/CodeIgniter.php(355): CodeIgniter\CodeIgniter->handleRequest()
 9 SYSTEMPATH/Boot.php(312): CodeIgniter\CodeIgniter->run()
10 SYSTEMPATH/Boot.php(67): CodeIgniter\Boot::runCodeIgniter()
11 FCPATH/index.php(56): CodeIgniter\Boot::bootWeb()
