INFO - 2024-09-05 20:52:34 --> Session: Class initialized using 'CodeIgniter\Session\Handlers\FileHandler' driver.
INFO - 2024-09-05 20:52:46 --> Session: Class initialized using 'CodeIgniter\Session\Handlers\FileHandler' driver.
INFO - 2024-09-05 20:54:12 --> Session: Class initialized using 'CodeIgniter\Session\Handlers\FileHandler' driver.
INFO - 2024-09-05 20:54:15 --> Session: Class initialized using 'CodeIgniter\Session\Handlers\FileHandler' driver.
INFO - 2024-09-05 20:54:17 --> Session: Class initialized using 'CodeIgniter\Session\Handlers\FileHandler' driver.
INFO - 2024-09-05 20:54:17 --> Session: Class initialized using 'CodeIgniter\Session\Handlers\FileHandler' driver.
WARNING - 2024-09-05 17:54:17 --> [DEPRECATED] Function strftime() is deprecated in APPPATH/Views/commons_app/navbarleft.php on line 13.
 1 SYSTEMPATH/View/View.php(234): include('/var/www/html/sigeo/app/Views/commons_app/navbarleft.php')
 2 SYSTEMPATH/View/View.php(237): CodeIgniter\View\View->CodeIgniter\View\{closure}()
 3 SYSTEMPATH/Common.php(1171): CodeIgniter\View\View->render('commons_app/navbarleft', [], true)
 4 APPPATH/Controllers/Aplicativo.php(39): view('commons_app/navbarleft', [...])
 5 SYSTEMPATH/CodeIgniter.php(933): App\Controllers\Aplicativo->index()
 6 SYSTEMPATH/CodeIgniter.php(509): CodeIgniter\CodeIgniter->runController(Object(App\Controllers\Aplicativo))
 7 SYSTEMPATH/CodeIgniter.php(355): CodeIgniter\CodeIgniter->handleRequest(null, Object(Config\Cache), false)
 8 SYSTEMPATH/Boot.php(312): CodeIgniter\CodeIgniter->run()
 9 SYSTEMPATH/Boot.php(67): CodeIgniter\Boot::runCodeIgniter(Object(CodeIgniter\CodeIgniter))
10 FCPATH/index.php(56): CodeIgniter\Boot::bootWeb(Object(Config\Paths))
INFO - 2024-09-05 20:55:32 --> Session: Class initialized using 'CodeIgniter\Session\Handlers\FileHandler' driver.
WARNING - 2024-09-05 17:55:32 --> [DEPRECATED] Function strftime() is deprecated in APPPATH/Views/commons_app/navbarleft.php on line 13.
 1 SYSTEMPATH/View/View.php(234): include('/var/www/html/sigeo/app/Views/commons_app/navbarleft.php')
 2 SYSTEMPATH/View/View.php(237): CodeIgniter\View\View->CodeIgniter\View\{closure}()
 3 SYSTEMPATH/Common.php(1171): CodeIgniter\View\View->render('commons_app/navbarleft', [], true)
 4 APPPATH/Controllers/Aplicativo.php(39): view('commons_app/navbarleft', [...])
 5 SYSTEMPATH/CodeIgniter.php(933): App\Controllers\Aplicativo->index()
 6 SYSTEMPATH/CodeIgniter.php(509): CodeIgniter\CodeIgniter->runController(Object(App\Controllers\Aplicativo))
 7 SYSTEMPATH/CodeIgniter.php(355): CodeIgniter\CodeIgniter->handleRequest(null, Object(Config\Cache), false)
 8 SYSTEMPATH/Boot.php(312): CodeIgniter\CodeIgniter->run()
 9 SYSTEMPATH/Boot.php(67): CodeIgniter\Boot::runCodeIgniter(Object(CodeIgniter\CodeIgniter))
10 FCPATH/index.php(56): CodeIgniter\Boot::bootWeb(Object(Config\Paths))
INFO - 2024-09-05 20:55:48 --> Session: Class initialized using 'CodeIgniter\Session\Handlers\FileHandler' driver.
WARNING - 2024-09-05 17:55:48 --> [DEPRECATED] Function strftime() is deprecated in APPPATH/Views/commons_app/navbarleft.php on line 13.
 1 SYSTEMPATH/View/View.php(234): include('/var/www/html/sigeo/app/Views/commons_app/navbarleft.php')
 2 SYSTEMPATH/View/View.php(237): CodeIgniter\View\View->CodeIgniter\View\{closure}()
 3 SYSTEMPATH/Common.php(1171): CodeIgniter\View\View->render('commons_app/navbarleft', [], true)
 4 APPPATH/Controllers/Aplicativo.php(39): view('commons_app/navbarleft', [...])
 5 SYSTEMPATH/CodeIgniter.php(933): App\Controllers\Aplicativo->index()
 6 SYSTEMPATH/CodeIgniter.php(509): CodeIgniter\CodeIgniter->runController(Object(App\Controllers\Aplicativo))
 7 SYSTEMPATH/CodeIgniter.php(355): CodeIgniter\CodeIgniter->handleRequest(null, Object(Config\Cache), false)
 8 SYSTEMPATH/Boot.php(312): CodeIgniter\CodeIgniter->run()
 9 SYSTEMPATH/Boot.php(67): CodeIgniter\Boot::runCodeIgniter(Object(CodeIgniter\CodeIgniter))
10 FCPATH/index.php(56): CodeIgniter\Boot::bootWeb(Object(Config\Paths))
INFO - 2024-09-05 20:55:53 --> Session: Class initialized using 'CodeIgniter\Session\Handlers\FileHandler' driver.
WARNING - 2024-09-05 17:55:53 --> [DEPRECATED] Function strftime() is deprecated in APPPATH/Views/commons_app/navbarleft.php on line 13.
 1 SYSTEMPATH/View/View.php(234): include('/var/www/html/sigeo/app/Views/commons_app/navbarleft.php')
 2 SYSTEMPATH/View/View.php(237): CodeIgniter\View\View->CodeIgniter\View\{closure}()
 3 SYSTEMPATH/Common.php(1171): CodeIgniter\View\View->render('commons_app/navbarleft', [], true)
 4 APPPATH/Controllers/Aplicativo.php(39): view('commons_app/navbarleft', [...])
 5 SYSTEMPATH/CodeIgniter.php(933): App\Controllers\Aplicativo->index()
 6 SYSTEMPATH/CodeIgniter.php(509): CodeIgniter\CodeIgniter->runController(Object(App\Controllers\Aplicativo))
 7 SYSTEMPATH/CodeIgniter.php(355): CodeIgniter\CodeIgniter->handleRequest(null, Object(Config\Cache), false)
 8 SYSTEMPATH/Boot.php(312): CodeIgniter\CodeIgniter->run()
 9 SYSTEMPATH/Boot.php(67): CodeIgniter\Boot::runCodeIgniter(Object(CodeIgniter\CodeIgniter))
10 FCPATH/index.php(56): CodeIgniter\Boot::bootWeb(Object(Config\Paths))
INFO - 2024-09-05 20:55:58 --> Session: Class initialized using 'CodeIgniter\Session\Handlers\FileHandler' driver.
WARNING - 2024-09-05 17:55:58 --> [DEPRECATED] Function strftime() is deprecated in APPPATH/Views/commons_app/navbarleft.php on line 13.
 1 SYSTEMPATH/View/View.php(234): include('/var/www/html/sigeo/app/Views/commons_app/navbarleft.php')
 2 SYSTEMPATH/View/View.php(237): CodeIgniter\View\View->CodeIgniter\View\{closure}()
 3 SYSTEMPATH/Common.php(1171): CodeIgniter\View\View->render('commons_app/navbarleft', [], true)
 4 APPPATH/Controllers/Aplicativo.php(39): view('commons_app/navbarleft', [...])
 5 SYSTEMPATH/CodeIgniter.php(933): App\Controllers\Aplicativo->index()
 6 SYSTEMPATH/CodeIgniter.php(509): CodeIgniter\CodeIgniter->runController(Object(App\Controllers\Aplicativo))
 7 SYSTEMPATH/CodeIgniter.php(355): CodeIgniter\CodeIgniter->handleRequest(null, Object(Config\Cache), false)
 8 SYSTEMPATH/Boot.php(312): CodeIgniter\CodeIgniter->run()
 9 SYSTEMPATH/Boot.php(67): CodeIgniter\Boot::runCodeIgniter(Object(CodeIgniter\CodeIgniter))
10 FCPATH/index.php(56): CodeIgniter\Boot::bootWeb(Object(Config\Paths))
INFO - 2024-09-05 20:56:19 --> Session: Class initialized using 'CodeIgniter\Session\Handlers\FileHandler' driver.
WARNING - 2024-09-05 17:56:19 --> [DEPRECATED] Function strftime() is deprecated in APPPATH/Views/commons_app/navbarleft.php on line 13.
 1 SYSTEMPATH/View/View.php(234): include('/var/www/html/sigeo/app/Views/commons_app/navbarleft.php')
 2 SYSTEMPATH/View/View.php(237): CodeIgniter\View\View->CodeIgniter\View\{closure}()
 3 SYSTEMPATH/Common.php(1171): CodeIgniter\View\View->render('commons_app/navbarleft', [], true)
 4 APPPATH/Controllers/Aplicativo.php(178): view('commons_app/navbarleft', [...])
 5 SYSTEMPATH/CodeIgniter.php(933): App\Controllers\Aplicativo->Ocorrencia()
 6 SYSTEMPATH/CodeIgniter.php(509): CodeIgniter\CodeIgniter->runController(Object(App\Controllers\Aplicativo))
 7 SYSTEMPATH/CodeIgniter.php(355): CodeIgniter\CodeIgniter->handleRequest(null, Object(Config\Cache), false)
 8 SYSTEMPATH/Boot.php(312): CodeIgniter\CodeIgniter->run()
 9 SYSTEMPATH/Boot.php(67): CodeIgniter\Boot::runCodeIgniter(Object(CodeIgniter\CodeIgniter))
10 FCPATH/index.php(56): CodeIgniter\Boot::bootWeb(Object(Config\Paths))
INFO - 2024-09-05 20:56:19 --> Session: Class initialized using 'CodeIgniter\Session\Handlers\FileHandler' driver.
INFO - 2024-09-05 20:56:20 --> Session: Class initialized using 'CodeIgniter\Session\Handlers\FileHandler' driver.
WARNING - 2024-09-05 17:56:20 --> [DEPRECATED] Function strftime() is deprecated in APPPATH/Views/commons_app/navbarleft.php on line 13.
 1 SYSTEMPATH/View/View.php(234): include('/var/www/html/sigeo/app/Views/commons_app/navbarleft.php')
 2 SYSTEMPATH/View/View.php(237): CodeIgniter\View\View->CodeIgniter\View\{closure}()
 3 SYSTEMPATH/Common.php(1171): CodeIgniter\View\View->render('commons_app/navbarleft', [], true)
 4 APPPATH/Controllers/Aplicativo.php(221): view('commons_app/navbarleft', [...])
 5 SYSTEMPATH/CodeIgniter.php(933): App\Controllers\Aplicativo->ListaOcorrencia('34')
 6 SYSTEMPATH/CodeIgniter.php(509): CodeIgniter\CodeIgniter->runController(Object(App\Controllers\Aplicativo))
 7 SYSTEMPATH/CodeIgniter.php(355): CodeIgniter\CodeIgniter->handleRequest(null, Object(Config\Cache), false)
 8 SYSTEMPATH/Boot.php(312): CodeIgniter\CodeIgniter->run()
 9 SYSTEMPATH/Boot.php(67): CodeIgniter\Boot::runCodeIgniter(Object(CodeIgniter\CodeIgniter))
10 FCPATH/index.php(56): CodeIgniter\Boot::bootWeb(Object(Config\Paths))
INFO - 2024-09-05 20:56:20 --> Session: Class initialized using 'CodeIgniter\Session\Handlers\FileHandler' driver.
INFO - 2024-09-05 20:56:21 --> Session: Class initialized using 'CodeIgniter\Session\Handlers\FileHandler' driver.
WARNING - 2024-09-05 17:56:21 --> [DEPRECATED] Function strftime() is deprecated in APPPATH/Views/commons_app/navbarleft.php on line 13.
 1 SYSTEMPATH/View/View.php(234): include('/var/www/html/sigeo/app/Views/commons_app/navbarleft.php')
 2 SYSTEMPATH/View/View.php(237): CodeIgniter\View\View->CodeIgniter\View\{closure}()
 3 SYSTEMPATH/Common.php(1171): CodeIgniter\View\View->render('commons_app/navbarleft', [], true)
 4 APPPATH/Controllers/Aplicativo.php(201): view('commons_app/navbarleft', [...])
 5 SYSTEMPATH/CodeIgniter.php(933): App\Controllers\Aplicativo->OcorrenciaNovo('34', '1')
 6 SYSTEMPATH/CodeIgniter.php(509): CodeIgniter\CodeIgniter->runController(Object(App\Controllers\Aplicativo))
 7 SYSTEMPATH/CodeIgniter.php(355): CodeIgniter\CodeIgniter->handleRequest(null, Object(Config\Cache), false)
 8 SYSTEMPATH/Boot.php(312): CodeIgniter\CodeIgniter->run()
 9 SYSTEMPATH/Boot.php(67): CodeIgniter\Boot::runCodeIgniter(Object(CodeIgniter\CodeIgniter))
10 FCPATH/index.php(56): CodeIgniter\Boot::bootWeb(Object(Config\Paths))
INFO - 2024-09-05 20:56:21 --> Session: Class initialized using 'CodeIgniter\Session\Handlers\FileHandler' driver.
INFO - 2024-09-05 20:57:17 --> Session: Class initialized using 'CodeIgniter\Session\Handlers\FileHandler' driver.
WARNING - 2024-09-05 17:57:17 --> [DEPRECATED] Function strftime() is deprecated in APPPATH/Views/commons_app/navbarleft.php on line 13.
 1 SYSTEMPATH/View/View.php(234): include('/var/www/html/sigeo/app/Views/commons_app/navbarleft.php')
 2 SYSTEMPATH/View/View.php(237): CodeIgniter\View\View->CodeIgniter\View\{closure}()
 3 SYSTEMPATH/Common.php(1171): CodeIgniter\View\View->render('commons_app/navbarleft', [], true)
 4 APPPATH/Controllers/Aplicativo.php(201): view('commons_app/navbarleft', [...])
 5 SYSTEMPATH/CodeIgniter.php(933): App\Controllers\Aplicativo->OcorrenciaNovo('34', '1')
 6 SYSTEMPATH/CodeIgniter.php(509): CodeIgniter\CodeIgniter->runController(Object(App\Controllers\Aplicativo))
 7 SYSTEMPATH/CodeIgniter.php(355): CodeIgniter\CodeIgniter->handleRequest(null, Object(Config\Cache), false)
 8 SYSTEMPATH/Boot.php(312): CodeIgniter\CodeIgniter->run()
 9 SYSTEMPATH/Boot.php(67): CodeIgniter\Boot::runCodeIgniter(Object(CodeIgniter\CodeIgniter))
10 FCPATH/index.php(56): CodeIgniter\Boot::bootWeb(Object(Config\Paths))
INFO - 2024-09-05 20:57:18 --> Session: Class initialized using 'CodeIgniter\Session\Handlers\FileHandler' driver.
INFO - 2024-09-05 20:57:22 --> Session: Class initialized using 'CodeIgniter\Session\Handlers\FileHandler' driver.
WARNING - 2024-09-05 17:57:22 --> [DEPRECATED] Function strftime() is deprecated in APPPATH/Views/commons_app/navbarleft.php on line 13.
 1 SYSTEMPATH/View/View.php(234): include('/var/www/html/sigeo/app/Views/commons_app/navbarleft.php')
 2 SYSTEMPATH/View/View.php(237): CodeIgniter\View\View->CodeIgniter\View\{closure}()
 3 SYSTEMPATH/Common.php(1171): CodeIgniter\View\View->render('commons_app/navbarleft', [], true)
 4 APPPATH/Controllers/Aplicativo.php(201): view('commons_app/navbarleft', [...])
 5 SYSTEMPATH/CodeIgniter.php(933): App\Controllers\Aplicativo->OcorrenciaNovo('34', '1')
 6 SYSTEMPATH/CodeIgniter.php(509): CodeIgniter\CodeIgniter->runController(Object(App\Controllers\Aplicativo))
 7 SYSTEMPATH/CodeIgniter.php(355): CodeIgniter\CodeIgniter->handleRequest(null, Object(Config\Cache), false)
 8 SYSTEMPATH/Boot.php(312): CodeIgniter\CodeIgniter->run()
 9 SYSTEMPATH/Boot.php(67): CodeIgniter\Boot::runCodeIgniter(Object(CodeIgniter\CodeIgniter))
10 FCPATH/index.php(56): CodeIgniter\Boot::bootWeb(Object(Config\Paths))
INFO - 2024-09-05 20:57:23 --> Session: Class initialized using 'CodeIgniter\Session\Handlers\FileHandler' driver.
INFO - 2024-09-05 20:57:30 --> Session: Class initialized using 'CodeIgniter\Session\Handlers\FileHandler' driver.
WARNING - 2024-09-05 17:57:30 --> [DEPRECATED] Function strftime() is deprecated in APPPATH/Views/commons_app/navbarleft.php on line 13.
 1 SYSTEMPATH/View/View.php(234): include('/var/www/html/sigeo/app/Views/commons_app/navbarleft.php')
 2 SYSTEMPATH/View/View.php(237): CodeIgniter\View\View->CodeIgniter\View\{closure}()
 3 SYSTEMPATH/Common.php(1171): CodeIgniter\View\View->render('commons_app/navbarleft', [], true)
 4 APPPATH/Controllers/Aplicativo.php(201): view('commons_app/navbarleft', [...])
 5 SYSTEMPATH/CodeIgniter.php(933): App\Controllers\Aplicativo->OcorrenciaNovo('34', '1')
 6 SYSTEMPATH/CodeIgniter.php(509): CodeIgniter\CodeIgniter->runController(Object(App\Controllers\Aplicativo))
 7 SYSTEMPATH/CodeIgniter.php(355): CodeIgniter\CodeIgniter->handleRequest(null, Object(Config\Cache), false)
 8 SYSTEMPATH/Boot.php(312): CodeIgniter\CodeIgniter->run()
 9 SYSTEMPATH/Boot.php(67): CodeIgniter\Boot::runCodeIgniter(Object(CodeIgniter\CodeIgniter))
10 FCPATH/index.php(56): CodeIgniter\Boot::bootWeb(Object(Config\Paths))
INFO - 2024-09-05 20:57:31 --> Session: Class initialized using 'CodeIgniter\Session\Handlers\FileHandler' driver.
INFO - 2024-09-05 20:57:59 --> Session: Class initialized using 'CodeIgniter\Session\Handlers\FileHandler' driver.
WARNING - 2024-09-05 17:57:59 --> [DEPRECATED] Function strftime() is deprecated in APPPATH/Views/commons_app/navbarleft.php on line 13.
 1 SYSTEMPATH/View/View.php(234): include('/var/www/html/sigeo/app/Views/commons_app/navbarleft.php')
 2 SYSTEMPATH/View/View.php(237): CodeIgniter\View\View->CodeIgniter\View\{closure}()
 3 SYSTEMPATH/Common.php(1171): CodeIgniter\View\View->render('commons_app/navbarleft', [], true)
 4 APPPATH/Controllers/Aplicativo.php(201): view('commons_app/navbarleft', [...])
 5 SYSTEMPATH/CodeIgniter.php(933): App\Controllers\Aplicativo->OcorrenciaNovo('34', '1')
 6 SYSTEMPATH/CodeIgniter.php(509): CodeIgniter\CodeIgniter->runController(Object(App\Controllers\Aplicativo))
 7 SYSTEMPATH/CodeIgniter.php(355): CodeIgniter\CodeIgniter->handleRequest(null, Object(Config\Cache), false)
 8 SYSTEMPATH/Boot.php(312): CodeIgniter\CodeIgniter->run()
 9 SYSTEMPATH/Boot.php(67): CodeIgniter\Boot::runCodeIgniter(Object(CodeIgniter\CodeIgniter))
10 FCPATH/index.php(56): CodeIgniter\Boot::bootWeb(Object(Config\Paths))
INFO - 2024-09-05 20:57:59 --> Session: Class initialized using 'CodeIgniter\Session\Handlers\FileHandler' driver.
INFO - 2024-09-05 20:58:26 --> Session: Class initialized using 'CodeIgniter\Session\Handlers\FileHandler' driver.
WARNING - 2024-09-05 17:58:26 --> [DEPRECATED] Function strftime() is deprecated in APPPATH/Views/commons_app/navbarleft.php on line 13.
 1 SYSTEMPATH/View/View.php(234): include('/var/www/html/sigeo/app/Views/commons_app/navbarleft.php')
 2 SYSTEMPATH/View/View.php(237): CodeIgniter\View\View->CodeIgniter\View\{closure}()
 3 SYSTEMPATH/Common.php(1171): CodeIgniter\View\View->render('commons_app/navbarleft', [], true)
 4 APPPATH/Controllers/Aplicativo.php(201): view('commons_app/navbarleft', [...])
 5 SYSTEMPATH/CodeIgniter.php(933): App\Controllers\Aplicativo->OcorrenciaNovo('34', '1')
 6 SYSTEMPATH/CodeIgniter.php(509): CodeIgniter\CodeIgniter->runController(Object(App\Controllers\Aplicativo))
 7 SYSTEMPATH/CodeIgniter.php(355): CodeIgniter\CodeIgniter->handleRequest(null, Object(Config\Cache), false)
 8 SYSTEMPATH/Boot.php(312): CodeIgniter\CodeIgniter->run()
 9 SYSTEMPATH/Boot.php(67): CodeIgniter\Boot::runCodeIgniter(Object(CodeIgniter\CodeIgniter))
10 FCPATH/index.php(56): CodeIgniter\Boot::bootWeb(Object(Config\Paths))
INFO - 2024-09-05 20:58:26 --> Session: Class initialized using 'CodeIgniter\Session\Handlers\FileHandler' driver.
INFO - 2024-09-05 20:58:28 --> Session: Class initialized using 'CodeIgniter\Session\Handlers\FileHandler' driver.
INFO - 2024-09-05 20:58:29 --> Session: Class initialized using 'CodeIgniter\Session\Handlers\FileHandler' driver.
WARNING - 2024-09-05 17:58:29 --> [DEPRECATED] Function strftime() is deprecated in APPPATH/Views/commons_app/navbarleft.php on line 13.
 1 SYSTEMPATH/View/View.php(234): include('/var/www/html/sigeo/app/Views/commons_app/navbarleft.php')
 2 SYSTEMPATH/View/View.php(237): CodeIgniter\View\View->CodeIgniter\View\{closure}()
 3 SYSTEMPATH/Common.php(1171): CodeIgniter\View\View->render('commons_app/navbarleft', [], true)
 4 APPPATH/Controllers/Aplicativo.php(221): view('commons_app/navbarleft', [...])
 5 SYSTEMPATH/CodeIgniter.php(933): App\Controllers\Aplicativo->ListaOcorrencia('34')
 6 SYSTEMPATH/CodeIgniter.php(509): CodeIgniter\CodeIgniter->runController(Object(App\Controllers\Aplicativo))
 7 SYSTEMPATH/CodeIgniter.php(355): CodeIgniter\CodeIgniter->handleRequest(null, Object(Config\Cache), false)
 8 SYSTEMPATH/Boot.php(312): CodeIgniter\CodeIgniter->run()
 9 SYSTEMPATH/Boot.php(67): CodeIgniter\Boot::runCodeIgniter(Object(CodeIgniter\CodeIgniter))
10 FCPATH/index.php(56): CodeIgniter\Boot::bootWeb(Object(Config\Paths))
INFO - 2024-09-05 20:58:29 --> Session: Class initialized using 'CodeIgniter\Session\Handlers\FileHandler' driver.
INFO - 2024-09-05 20:58:30 --> Session: Class initialized using 'CodeIgniter\Session\Handlers\FileHandler' driver.
WARNING - 2024-09-05 17:58:30 --> [DEPRECATED] Function strftime() is deprecated in APPPATH/Views/commons_app/navbarleft.php on line 13.
 1 SYSTEMPATH/View/View.php(234): include('/var/www/html/sigeo/app/Views/commons_app/navbarleft.php')
 2 SYSTEMPATH/View/View.php(237): CodeIgniter\View\View->CodeIgniter\View\{closure}()
 3 SYSTEMPATH/Common.php(1171): CodeIgniter\View\View->render('commons_app/navbarleft', [], true)
 4 APPPATH/Controllers/Aplicativo.php(201): view('commons_app/navbarleft', [...])
 5 SYSTEMPATH/CodeIgniter.php(933): App\Controllers\Aplicativo->OcorrenciaNovo('34', '2')
 6 SYSTEMPATH/CodeIgniter.php(509): CodeIgniter\CodeIgniter->runController(Object(App\Controllers\Aplicativo))
 7 SYSTEMPATH/CodeIgniter.php(355): CodeIgniter\CodeIgniter->handleRequest(null, Object(Config\Cache), false)
 8 SYSTEMPATH/Boot.php(312): CodeIgniter\CodeIgniter->run()
 9 SYSTEMPATH/Boot.php(67): CodeIgniter\Boot::runCodeIgniter(Object(CodeIgniter\CodeIgniter))
10 FCPATH/index.php(56): CodeIgniter\Boot::bootWeb(Object(Config\Paths))
INFO - 2024-09-05 20:58:30 --> Session: Class initialized using 'CodeIgniter\Session\Handlers\FileHandler' driver.
INFO - 2024-09-05 20:58:31 --> Session: Class initialized using 'CodeIgniter\Session\Handlers\FileHandler' driver.
INFO - 2024-09-05 20:58:32 --> Session: Class initialized using 'CodeIgniter\Session\Handlers\FileHandler' driver.
WARNING - 2024-09-05 17:58:32 --> [DEPRECATED] Function strftime() is deprecated in APPPATH/Views/commons_app/navbarleft.php on line 13.
 1 SYSTEMPATH/View/View.php(234): include('/var/www/html/sigeo/app/Views/commons_app/navbarleft.php')
 2 SYSTEMPATH/View/View.php(237): CodeIgniter\View\View->CodeIgniter\View\{closure}()
 3 SYSTEMPATH/Common.php(1171): CodeIgniter\View\View->render('commons_app/navbarleft', [], true)
 4 APPPATH/Controllers/Aplicativo.php(221): view('commons_app/navbarleft', [...])
 5 SYSTEMPATH/CodeIgniter.php(933): App\Controllers\Aplicativo->ListaOcorrencia('34')
 6 SYSTEMPATH/CodeIgniter.php(509): CodeIgniter\CodeIgniter->runController(Object(App\Controllers\Aplicativo))
 7 SYSTEMPATH/CodeIgniter.php(355): CodeIgniter\CodeIgniter->handleRequest(null, Object(Config\Cache), false)
 8 SYSTEMPATH/Boot.php(312): CodeIgniter\CodeIgniter->run()
 9 SYSTEMPATH/Boot.php(67): CodeIgniter\Boot::runCodeIgniter(Object(CodeIgniter\CodeIgniter))
10 FCPATH/index.php(56): CodeIgniter\Boot::bootWeb(Object(Config\Paths))
INFO - 2024-09-05 20:58:33 --> Session: Class initialized using 'CodeIgniter\Session\Handlers\FileHandler' driver.
INFO - 2024-09-05 20:58:37 --> Session: Class initialized using 'CodeIgniter\Session\Handlers\FileHandler' driver.
WARNING - 2024-09-05 17:58:37 --> [DEPRECATED] Function strftime() is deprecated in APPPATH/Views/commons_app/navbarleft.php on line 13.
 1 SYSTEMPATH/View/View.php(234): include('/var/www/html/sigeo/app/Views/commons_app/navbarleft.php')
 2 SYSTEMPATH/View/View.php(237): CodeIgniter\View\View->CodeIgniter\View\{closure}()
 3 SYSTEMPATH/Common.php(1171): CodeIgniter\View\View->render('commons_app/navbarleft', [], true)
 4 APPPATH/Controllers/Aplicativo.php(201): view('commons_app/navbarleft', [...])
 5 SYSTEMPATH/CodeIgniter.php(933): App\Controllers\Aplicativo->OcorrenciaNovo('34', '0')
 6 SYSTEMPATH/CodeIgniter.php(509): CodeIgniter\CodeIgniter->runController(Object(App\Controllers\Aplicativo))
 7 SYSTEMPATH/CodeIgniter.php(355): CodeIgniter\CodeIgniter->handleRequest(null, Object(Config\Cache), false)
 8 SYSTEMPATH/Boot.php(312): CodeIgniter\CodeIgniter->run()
 9 SYSTEMPATH/Boot.php(67): CodeIgniter\Boot::runCodeIgniter(Object(CodeIgniter\CodeIgniter))
10 FCPATH/index.php(56): CodeIgniter\Boot::bootWeb(Object(Config\Paths))
INFO - 2024-09-05 20:58:37 --> Session: Class initialized using 'CodeIgniter\Session\Handlers\FileHandler' driver.
INFO - 2024-09-05 20:58:42 --> Session: Class initialized using 'CodeIgniter\Session\Handlers\FileHandler' driver.
INFO - 2024-09-05 20:58:43 --> Session: Class initialized using 'CodeIgniter\Session\Handlers\FileHandler' driver.
WARNING - 2024-09-05 17:58:43 --> [DEPRECATED] Function strftime() is deprecated in APPPATH/Views/commons_app/navbarleft.php on line 13.
 1 SYSTEMPATH/View/View.php(234): include('/var/www/html/sigeo/app/Views/commons_app/navbarleft.php')
 2 SYSTEMPATH/View/View.php(237): CodeIgniter\View\View->CodeIgniter\View\{closure}()
 3 SYSTEMPATH/Common.php(1171): CodeIgniter\View\View->render('commons_app/navbarleft', [], true)
 4 APPPATH/Controllers/Aplicativo.php(221): view('commons_app/navbarleft', [...])
 5 SYSTEMPATH/CodeIgniter.php(933): App\Controllers\Aplicativo->ListaOcorrencia('34')
 6 SYSTEMPATH/CodeIgniter.php(509): CodeIgniter\CodeIgniter->runController(Object(App\Controllers\Aplicativo))
 7 SYSTEMPATH/CodeIgniter.php(355): CodeIgniter\CodeIgniter->handleRequest(null, Object(Config\Cache), false)
 8 SYSTEMPATH/Boot.php(312): CodeIgniter\CodeIgniter->run()
 9 SYSTEMPATH/Boot.php(67): CodeIgniter\Boot::runCodeIgniter(Object(CodeIgniter\CodeIgniter))
10 FCPATH/index.php(56): CodeIgniter\Boot::bootWeb(Object(Config\Paths))
INFO - 2024-09-05 20:58:43 --> Session: Class initialized using 'CodeIgniter\Session\Handlers\FileHandler' driver.
INFO - 2024-09-05 20:58:44 --> Session: Class initialized using 'CodeIgniter\Session\Handlers\FileHandler' driver.
WARNING - 2024-09-05 17:58:44 --> [DEPRECATED] Function strftime() is deprecated in APPPATH/Views/commons_app/navbarleft.php on line 13.
 1 SYSTEMPATH/View/View.php(234): include('/var/www/html/sigeo/app/Views/commons_app/navbarleft.php')
 2 SYSTEMPATH/View/View.php(237): CodeIgniter\View\View->CodeIgniter\View\{closure}()
 3 SYSTEMPATH/Common.php(1171): CodeIgniter\View\View->render('commons_app/navbarleft', [], true)
 4 APPPATH/Controllers/Aplicativo.php(201): view('commons_app/navbarleft', [...])
 5 SYSTEMPATH/CodeIgniter.php(933): App\Controllers\Aplicativo->OcorrenciaNovo('34', '3')
 6 SYSTEMPATH/CodeIgniter.php(509): CodeIgniter\CodeIgniter->runController(Object(App\Controllers\Aplicativo))
 7 SYSTEMPATH/CodeIgniter.php(355): CodeIgniter\CodeIgniter->handleRequest(null, Object(Config\Cache), false)
 8 SYSTEMPATH/Boot.php(312): CodeIgniter\CodeIgniter->run()
 9 SYSTEMPATH/Boot.php(67): CodeIgniter\Boot::runCodeIgniter(Object(CodeIgniter\CodeIgniter))
10 FCPATH/index.php(56): CodeIgniter\Boot::bootWeb(Object(Config\Paths))
INFO - 2024-09-05 20:58:44 --> Session: Class initialized using 'CodeIgniter\Session\Handlers\FileHandler' driver.
INFO - 2024-09-05 20:58:45 --> Session: Class initialized using 'CodeIgniter\Session\Handlers\FileHandler' driver.
INFO - 2024-09-05 20:58:46 --> Session: Class initialized using 'CodeIgniter\Session\Handlers\FileHandler' driver.
WARNING - 2024-09-05 17:58:46 --> [DEPRECATED] Function strftime() is deprecated in APPPATH/Views/commons_app/navbarleft.php on line 13.
 1 SYSTEMPATH/View/View.php(234): include('/var/www/html/sigeo/app/Views/commons_app/navbarleft.php')
 2 SYSTEMPATH/View/View.php(237): CodeIgniter\View\View->CodeIgniter\View\{closure}()
 3 SYSTEMPATH/Common.php(1171): CodeIgniter\View\View->render('commons_app/navbarleft', [], true)
 4 APPPATH/Controllers/Aplicativo.php(221): view('commons_app/navbarleft', [...])
 5 SYSTEMPATH/CodeIgniter.php(933): App\Controllers\Aplicativo->ListaOcorrencia('34')
 6 SYSTEMPATH/CodeIgniter.php(509): CodeIgniter\CodeIgniter->runController(Object(App\Controllers\Aplicativo))
 7 SYSTEMPATH/CodeIgniter.php(355): CodeIgniter\CodeIgniter->handleRequest(null, Object(Config\Cache), false)
 8 SYSTEMPATH/Boot.php(312): CodeIgniter\CodeIgniter->run()
 9 SYSTEMPATH/Boot.php(67): CodeIgniter\Boot::runCodeIgniter(Object(CodeIgniter\CodeIgniter))
10 FCPATH/index.php(56): CodeIgniter\Boot::bootWeb(Object(Config\Paths))
INFO - 2024-09-05 20:58:46 --> Session: Class initialized using 'CodeIgniter\Session\Handlers\FileHandler' driver.
INFO - 2024-09-05 20:58:47 --> Session: Class initialized using 'CodeIgniter\Session\Handlers\FileHandler' driver.
WARNING - 2024-09-05 17:58:47 --> [DEPRECATED] Function strftime() is deprecated in APPPATH/Views/commons_app/navbarleft.php on line 13.
 1 SYSTEMPATH/View/View.php(234): include('/var/www/html/sigeo/app/Views/commons_app/navbarleft.php')
 2 SYSTEMPATH/View/View.php(237): CodeIgniter\View\View->CodeIgniter\View\{closure}()
 3 SYSTEMPATH/Common.php(1171): CodeIgniter\View\View->render('commons_app/navbarleft', [], true)
 4 APPPATH/Controllers/Aplicativo.php(201): view('commons_app/navbarleft', [...])
 5 SYSTEMPATH/CodeIgniter.php(933): App\Controllers\Aplicativo->OcorrenciaNovo('34', '3')
 6 SYSTEMPATH/CodeIgniter.php(509): CodeIgniter\CodeIgniter->runController(Object(App\Controllers\Aplicativo))
 7 SYSTEMPATH/CodeIgniter.php(355): CodeIgniter\CodeIgniter->handleRequest(null, Object(Config\Cache), false)
 8 SYSTEMPATH/Boot.php(312): CodeIgniter\CodeIgniter->run()
 9 SYSTEMPATH/Boot.php(67): CodeIgniter\Boot::runCodeIgniter(Object(CodeIgniter\CodeIgniter))
10 FCPATH/index.php(56): CodeIgniter\Boot::bootWeb(Object(Config\Paths))
INFO - 2024-09-05 20:58:47 --> Session: Class initialized using 'CodeIgniter\Session\Handlers\FileHandler' driver.
INFO - 2024-09-05 20:58:51 --> Session: Class initialized using 'CodeIgniter\Session\Handlers\FileHandler' driver.
INFO - 2024-09-05 20:58:53 --> Session: Class initialized using 'CodeIgniter\Session\Handlers\FileHandler' driver.
WARNING - 2024-09-05 17:58:53 --> [DEPRECATED] Function strftime() is deprecated in APPPATH/Views/commons_app/navbarleft.php on line 13.
 1 SYSTEMPATH/View/View.php(234): include('/var/www/html/sigeo/app/Views/commons_app/navbarleft.php')
 2 SYSTEMPATH/View/View.php(237): CodeIgniter\View\View->CodeIgniter\View\{closure}()
 3 SYSTEMPATH/Common.php(1171): CodeIgniter\View\View->render('commons_app/navbarleft', [], true)
 4 APPPATH/Controllers/Aplicativo.php(221): view('commons_app/navbarleft', [...])
 5 SYSTEMPATH/CodeIgniter.php(933): App\Controllers\Aplicativo->ListaOcorrencia('34')
 6 SYSTEMPATH/CodeIgniter.php(509): CodeIgniter\CodeIgniter->runController(Object(App\Controllers\Aplicativo))
 7 SYSTEMPATH/CodeIgniter.php(355): CodeIgniter\CodeIgniter->handleRequest(null, Object(Config\Cache), false)
 8 SYSTEMPATH/Boot.php(312): CodeIgniter\CodeIgniter->run()
 9 SYSTEMPATH/Boot.php(67): CodeIgniter\Boot::runCodeIgniter(Object(CodeIgniter\CodeIgniter))
10 FCPATH/index.php(56): CodeIgniter\Boot::bootWeb(Object(Config\Paths))
INFO - 2024-09-05 20:58:53 --> Session: Class initialized using 'CodeIgniter\Session\Handlers\FileHandler' driver.
INFO - 2024-09-05 20:58:54 --> Session: Class initialized using 'CodeIgniter\Session\Handlers\FileHandler' driver.
WARNING - 2024-09-05 17:58:54 --> [DEPRECATED] Function strftime() is deprecated in APPPATH/Views/commons_app/navbarleft.php on line 13.
 1 SYSTEMPATH/View/View.php(234): include('/var/www/html/sigeo/app/Views/commons_app/navbarleft.php')
 2 SYSTEMPATH/View/View.php(237): CodeIgniter\View\View->CodeIgniter\View\{closure}()
 3 SYSTEMPATH/Common.php(1171): CodeIgniter\View\View->render('commons_app/navbarleft', [], true)
 4 APPPATH/Controllers/Aplicativo.php(201): view('commons_app/navbarleft', [...])
 5 SYSTEMPATH/CodeIgniter.php(933): App\Controllers\Aplicativo->OcorrenciaNovo('34', '3')
 6 SYSTEMPATH/CodeIgniter.php(509): CodeIgniter\CodeIgniter->runController(Object(App\Controllers\Aplicativo))
 7 SYSTEMPATH/CodeIgniter.php(355): CodeIgniter\CodeIgniter->handleRequest(null, Object(Config\Cache), false)
 8 SYSTEMPATH/Boot.php(312): CodeIgniter\CodeIgniter->run()
 9 SYSTEMPATH/Boot.php(67): CodeIgniter\Boot::runCodeIgniter(Object(CodeIgniter\CodeIgniter))
10 FCPATH/index.php(56): CodeIgniter\Boot::bootWeb(Object(Config\Paths))
INFO - 2024-09-05 20:58:54 --> Session: Class initialized using 'CodeIgniter\Session\Handlers\FileHandler' driver.
INFO - 2024-09-05 20:58:56 --> Session: Class initialized using 'CodeIgniter\Session\Handlers\FileHandler' driver.
INFO - 2024-09-05 20:58:57 --> Session: Class initialized using 'CodeIgniter\Session\Handlers\FileHandler' driver.
WARNING - 2024-09-05 17:58:57 --> [DEPRECATED] Function strftime() is deprecated in APPPATH/Views/commons_app/navbarleft.php on line 13.
 1 SYSTEMPATH/View/View.php(234): include('/var/www/html/sigeo/app/Views/commons_app/navbarleft.php')
 2 SYSTEMPATH/View/View.php(237): CodeIgniter\View\View->CodeIgniter\View\{closure}()
 3 SYSTEMPATH/Common.php(1171): CodeIgniter\View\View->render('commons_app/navbarleft', [], true)
 4 APPPATH/Controllers/Aplicativo.php(221): view('commons_app/navbarleft', [...])
 5 SYSTEMPATH/CodeIgniter.php(933): App\Controllers\Aplicativo->ListaOcorrencia('34')
 6 SYSTEMPATH/CodeIgniter.php(509): CodeIgniter\CodeIgniter->runController(Object(App\Controllers\Aplicativo))
 7 SYSTEMPATH/CodeIgniter.php(355): CodeIgniter\CodeIgniter->handleRequest(null, Object(Config\Cache), false)
 8 SYSTEMPATH/Boot.php(312): CodeIgniter\CodeIgniter->run()
 9 SYSTEMPATH/Boot.php(67): CodeIgniter\Boot::runCodeIgniter(Object(CodeIgniter\CodeIgniter))
10 FCPATH/index.php(56): CodeIgniter\Boot::bootWeb(Object(Config\Paths))
INFO - 2024-09-05 20:58:57 --> Session: Class initialized using 'CodeIgniter\Session\Handlers\FileHandler' driver.
INFO - 2024-09-05 20:58:57 --> Session: Class initialized using 'CodeIgniter\Session\Handlers\FileHandler' driver.
WARNING - 2024-09-05 17:58:57 --> [DEPRECATED] Function strftime() is deprecated in APPPATH/Views/commons_app/navbarleft.php on line 13.
 1 SYSTEMPATH/View/View.php(234): include('/var/www/html/sigeo/app/Views/commons_app/navbarleft.php')
 2 SYSTEMPATH/View/View.php(237): CodeIgniter\View\View->CodeIgniter\View\{closure}()
 3 SYSTEMPATH/Common.php(1171): CodeIgniter\View\View->render('commons_app/navbarleft', [], true)
 4 APPPATH/Controllers/Aplicativo.php(201): view('commons_app/navbarleft', [...])
 5 SYSTEMPATH/CodeIgniter.php(933): App\Controllers\Aplicativo->OcorrenciaNovo('34', '3')
 6 SYSTEMPATH/CodeIgniter.php(509): CodeIgniter\CodeIgniter->runController(Object(App\Controllers\Aplicativo))
 7 SYSTEMPATH/CodeIgniter.php(355): CodeIgniter\CodeIgniter->handleRequest(null, Object(Config\Cache), false)
 8 SYSTEMPATH/Boot.php(312): CodeIgniter\CodeIgniter->run()
 9 SYSTEMPATH/Boot.php(67): CodeIgniter\Boot::runCodeIgniter(Object(CodeIgniter\CodeIgniter))
10 FCPATH/index.php(56): CodeIgniter\Boot::bootWeb(Object(Config\Paths))
INFO - 2024-09-05 20:58:58 --> Session: Class initialized using 'CodeIgniter\Session\Handlers\FileHandler' driver.
INFO - 2024-09-05 20:58:59 --> Session: Class initialized using 'CodeIgniter\Session\Handlers\FileHandler' driver.
INFO - 2024-09-05 20:59:00 --> Session: Class initialized using 'CodeIgniter\Session\Handlers\FileHandler' driver.
WARNING - 2024-09-05 17:59:00 --> [DEPRECATED] Function strftime() is deprecated in APPPATH/Views/commons_app/navbarleft.php on line 13.
 1 SYSTEMPATH/View/View.php(234): include('/var/www/html/sigeo/app/Views/commons_app/navbarleft.php')
 2 SYSTEMPATH/View/View.php(237): CodeIgniter\View\View->CodeIgniter\View\{closure}()
 3 SYSTEMPATH/Common.php(1171): CodeIgniter\View\View->render('commons_app/navbarleft', [], true)
 4 APPPATH/Controllers/Aplicativo.php(221): view('commons_app/navbarleft', [...])
 5 SYSTEMPATH/CodeIgniter.php(933): App\Controllers\Aplicativo->ListaOcorrencia('34')
 6 SYSTEMPATH/CodeIgniter.php(509): CodeIgniter\CodeIgniter->runController(Object(App\Controllers\Aplicativo))
 7 SYSTEMPATH/CodeIgniter.php(355): CodeIgniter\CodeIgniter->handleRequest(null, Object(Config\Cache), false)
 8 SYSTEMPATH/Boot.php(312): CodeIgniter\CodeIgniter->run()
 9 SYSTEMPATH/Boot.php(67): CodeIgniter\Boot::runCodeIgniter(Object(CodeIgniter\CodeIgniter))
10 FCPATH/index.php(56): CodeIgniter\Boot::bootWeb(Object(Config\Paths))
INFO - 2024-09-05 20:59:00 --> Session: Class initialized using 'CodeIgniter\Session\Handlers\FileHandler' driver.
INFO - 2024-09-05 20:59:01 --> Session: Class initialized using 'CodeIgniter\Session\Handlers\FileHandler' driver.
WARNING - 2024-09-05 17:59:01 --> [DEPRECATED] Function strftime() is deprecated in APPPATH/Views/commons_app/navbarleft.php on line 13.
 1 SYSTEMPATH/View/View.php(234): include('/var/www/html/sigeo/app/Views/commons_app/navbarleft.php')
 2 SYSTEMPATH/View/View.php(237): CodeIgniter\View\View->CodeIgniter\View\{closure}()
 3 SYSTEMPATH/Common.php(1171): CodeIgniter\View\View->render('commons_app/navbarleft', [], true)
 4 APPPATH/Controllers/Aplicativo.php(201): view('commons_app/navbarleft', [...])
 5 SYSTEMPATH/CodeIgniter.php(933): App\Controllers\Aplicativo->OcorrenciaNovo('34', '1')
 6 SYSTEMPATH/CodeIgniter.php(509): CodeIgniter\CodeIgniter->runController(Object(App\Controllers\Aplicativo))
 7 SYSTEMPATH/CodeIgniter.php(355): CodeIgniter\CodeIgniter->handleRequest(null, Object(Config\Cache), false)
 8 SYSTEMPATH/Boot.php(312): CodeIgniter\CodeIgniter->run()
 9 SYSTEMPATH/Boot.php(67): CodeIgniter\Boot::runCodeIgniter(Object(CodeIgniter\CodeIgniter))
10 FCPATH/index.php(56): CodeIgniter\Boot::bootWeb(Object(Config\Paths))
INFO - 2024-09-05 20:59:01 --> Session: Class initialized using 'CodeIgniter\Session\Handlers\FileHandler' driver.
INFO - 2024-09-05 20:59:03 --> Session: Class initialized using 'CodeIgniter\Session\Handlers\FileHandler' driver.
INFO - 2024-09-05 20:59:04 --> Session: Class initialized using 'CodeIgniter\Session\Handlers\FileHandler' driver.
WARNING - 2024-09-05 17:59:04 --> [DEPRECATED] Function strftime() is deprecated in APPPATH/Views/commons_app/navbarleft.php on line 13.
 1 SYSTEMPATH/View/View.php(234): include('/var/www/html/sigeo/app/Views/commons_app/navbarleft.php')
 2 SYSTEMPATH/View/View.php(237): CodeIgniter\View\View->CodeIgniter\View\{closure}()
 3 SYSTEMPATH/Common.php(1171): CodeIgniter\View\View->render('commons_app/navbarleft', [], true)
 4 APPPATH/Controllers/Aplicativo.php(221): view('commons_app/navbarleft', [...])
 5 SYSTEMPATH/CodeIgniter.php(933): App\Controllers\Aplicativo->ListaOcorrencia('34')
 6 SYSTEMPATH/CodeIgniter.php(509): CodeIgniter\CodeIgniter->runController(Object(App\Controllers\Aplicativo))
 7 SYSTEMPATH/CodeIgniter.php(355): CodeIgniter\CodeIgniter->handleRequest(null, Object(Config\Cache), false)
 8 SYSTEMPATH/Boot.php(312): CodeIgniter\CodeIgniter->run()
 9 SYSTEMPATH/Boot.php(67): CodeIgniter\Boot::runCodeIgniter(Object(CodeIgniter\CodeIgniter))
10 FCPATH/index.php(56): CodeIgniter\Boot::bootWeb(Object(Config\Paths))
INFO - 2024-09-05 20:59:04 --> Session: Class initialized using 'CodeIgniter\Session\Handlers\FileHandler' driver.
INFO - 2024-09-05 20:59:04 --> Session: Class initialized using 'CodeIgniter\Session\Handlers\FileHandler' driver.
WARNING - 2024-09-05 17:59:04 --> [DEPRECATED] Function strftime() is deprecated in APPPATH/Views/commons_app/navbarleft.php on line 13.
 1 SYSTEMPATH/View/View.php(234): include('/var/www/html/sigeo/app/Views/commons_app/navbarleft.php')
 2 SYSTEMPATH/View/View.php(237): CodeIgniter\View\View->CodeIgniter\View\{closure}()
 3 SYSTEMPATH/Common.php(1171): CodeIgniter\View\View->render('commons_app/navbarleft', [], true)
 4 APPPATH/Controllers/Aplicativo.php(201): view('commons_app/navbarleft', [...])
 5 SYSTEMPATH/CodeIgniter.php(933): App\Controllers\Aplicativo->OcorrenciaNovo('34', '2')
 6 SYSTEMPATH/CodeIgniter.php(509): CodeIgniter\CodeIgniter->runController(Object(App\Controllers\Aplicativo))
 7 SYSTEMPATH/CodeIgniter.php(355): CodeIgniter\CodeIgniter->handleRequest(null, Object(Config\Cache), false)
 8 SYSTEMPATH/Boot.php(312): CodeIgniter\CodeIgniter->run()
 9 SYSTEMPATH/Boot.php(67): CodeIgniter\Boot::runCodeIgniter(Object(CodeIgniter\CodeIgniter))
10 FCPATH/index.php(56): CodeIgniter\Boot::bootWeb(Object(Config\Paths))
INFO - 2024-09-05 20:59:05 --> Session: Class initialized using 'CodeIgniter\Session\Handlers\FileHandler' driver.
INFO - 2024-09-05 20:59:08 --> Session: Class initialized using 'CodeIgniter\Session\Handlers\FileHandler' driver.
INFO - 2024-09-05 20:59:09 --> Session: Class initialized using 'CodeIgniter\Session\Handlers\FileHandler' driver.
WARNING - 2024-09-05 17:59:09 --> [DEPRECATED] Function strftime() is deprecated in APPPATH/Views/commons_app/navbarleft.php on line 13.
 1 SYSTEMPATH/View/View.php(234): include('/var/www/html/sigeo/app/Views/commons_app/navbarleft.php')
 2 SYSTEMPATH/View/View.php(237): CodeIgniter\View\View->CodeIgniter\View\{closure}()
 3 SYSTEMPATH/Common.php(1171): CodeIgniter\View\View->render('commons_app/navbarleft', [], true)
 4 APPPATH/Controllers/Aplicativo.php(221): view('commons_app/navbarleft', [...])
 5 SYSTEMPATH/CodeIgniter.php(933): App\Controllers\Aplicativo->ListaOcorrencia('34')
 6 SYSTEMPATH/CodeIgniter.php(509): CodeIgniter\CodeIgniter->runController(Object(App\Controllers\Aplicativo))
 7 SYSTEMPATH/CodeIgniter.php(355): CodeIgniter\CodeIgniter->handleRequest(null, Object(Config\Cache), false)
 8 SYSTEMPATH/Boot.php(312): CodeIgniter\CodeIgniter->run()
 9 SYSTEMPATH/Boot.php(67): CodeIgniter\Boot::runCodeIgniter(Object(CodeIgniter\CodeIgniter))
10 FCPATH/index.php(56): CodeIgniter\Boot::bootWeb(Object(Config\Paths))
INFO - 2024-09-05 20:59:09 --> Session: Class initialized using 'CodeIgniter\Session\Handlers\FileHandler' driver.
INFO - 2024-09-05 20:59:09 --> Session: Class initialized using 'CodeIgniter\Session\Handlers\FileHandler' driver.
WARNING - 2024-09-05 17:59:09 --> [DEPRECATED] Function strftime() is deprecated in APPPATH/Views/commons_app/navbarleft.php on line 13.
 1 SYSTEMPATH/View/View.php(234): include('/var/www/html/sigeo/app/Views/commons_app/navbarleft.php')
 2 SYSTEMPATH/View/View.php(237): CodeIgniter\View\View->CodeIgniter\View\{closure}()
 3 SYSTEMPATH/Common.php(1171): CodeIgniter\View\View->render('commons_app/navbarleft', [], true)
 4 APPPATH/Controllers/Aplicativo.php(201): view('commons_app/navbarleft', [...])
 5 SYSTEMPATH/CodeIgniter.php(933): App\Controllers\Aplicativo->OcorrenciaNovo('34', '2')
 6 SYSTEMPATH/CodeIgniter.php(509): CodeIgniter\CodeIgniter->runController(Object(App\Controllers\Aplicativo))
 7 SYSTEMPATH/CodeIgniter.php(355): CodeIgniter\CodeIgniter->handleRequest(null, Object(Config\Cache), false)
 8 SYSTEMPATH/Boot.php(312): CodeIgniter\CodeIgniter->run()
 9 SYSTEMPATH/Boot.php(67): CodeIgniter\Boot::runCodeIgniter(Object(CodeIgniter\CodeIgniter))
10 FCPATH/index.php(56): CodeIgniter\Boot::bootWeb(Object(Config\Paths))
INFO - 2024-09-05 20:59:10 --> Session: Class initialized using 'CodeIgniter\Session\Handlers\FileHandler' driver.
INFO - 2024-09-05 20:59:12 --> Session: Class initialized using 'CodeIgniter\Session\Handlers\FileHandler' driver.
WARNING - 2024-09-05 17:59:12 --> [DEPRECATED] Function strftime() is deprecated in APPPATH/Views/commons_app/navbarleft.php on line 13.
 1 SYSTEMPATH/View/View.php(234): include('/var/www/html/sigeo/app/Views/commons_app/navbarleft.php')
 2 SYSTEMPATH/View/View.php(237): CodeIgniter\View\View->CodeIgniter\View\{closure}()
 3 SYSTEMPATH/Common.php(1171): CodeIgniter\View\View->render('commons_app/navbarleft', [], true)
 4 APPPATH/Controllers/Aplicativo.php(221): view('commons_app/navbarleft', [...])
 5 SYSTEMPATH/CodeIgniter.php(933): App\Controllers\Aplicativo->ListaOcorrencia('34')
 6 SYSTEMPATH/CodeIgniter.php(509): CodeIgniter\CodeIgniter->runController(Object(App\Controllers\Aplicativo))
 7 SYSTEMPATH/CodeIgniter.php(355): CodeIgniter\CodeIgniter->handleRequest(null, Object(Config\Cache), false)
 8 SYSTEMPATH/Boot.php(312): CodeIgniter\CodeIgniter->run()
 9 SYSTEMPATH/Boot.php(67): CodeIgniter\Boot::runCodeIgniter(Object(CodeIgniter\CodeIgniter))
10 FCPATH/index.php(56): CodeIgniter\Boot::bootWeb(Object(Config\Paths))
INFO - 2024-09-05 20:59:13 --> Session: Class initialized using 'CodeIgniter\Session\Handlers\FileHandler' driver.
INFO - 2024-09-05 20:59:13 --> Session: Class initialized using 'CodeIgniter\Session\Handlers\FileHandler' driver.
WARNING - 2024-09-05 17:59:13 --> [DEPRECATED] Function strftime() is deprecated in APPPATH/Views/commons_app/navbarleft.php on line 13.
 1 SYSTEMPATH/View/View.php(234): include('/var/www/html/sigeo/app/Views/commons_app/navbarleft.php')
 2 SYSTEMPATH/View/View.php(237): CodeIgniter\View\View->CodeIgniter\View\{closure}()
 3 SYSTEMPATH/Common.php(1171): CodeIgniter\View\View->render('commons_app/navbarleft', [], true)
 4 APPPATH/Controllers/Aplicativo.php(178): view('commons_app/navbarleft', [...])
 5 SYSTEMPATH/CodeIgniter.php(933): App\Controllers\Aplicativo->Ocorrencia()
 6 SYSTEMPATH/CodeIgniter.php(509): CodeIgniter\CodeIgniter->runController(Object(App\Controllers\Aplicativo))
 7 SYSTEMPATH/CodeIgniter.php(355): CodeIgniter\CodeIgniter->handleRequest(null, Object(Config\Cache), false)
 8 SYSTEMPATH/Boot.php(312): CodeIgniter\CodeIgniter->run()
 9 SYSTEMPATH/Boot.php(67): CodeIgniter\Boot::runCodeIgniter(Object(CodeIgniter\CodeIgniter))
10 FCPATH/index.php(56): CodeIgniter\Boot::bootWeb(Object(Config\Paths))
INFO - 2024-09-05 20:59:14 --> Session: Class initialized using 'CodeIgniter\Session\Handlers\FileHandler' driver.
INFO - 2024-09-05 20:59:14 --> Session: Class initialized using 'CodeIgniter\Session\Handlers\FileHandler' driver.
WARNING - 2024-09-05 17:59:14 --> [DEPRECATED] Function strftime() is deprecated in APPPATH/Views/commons_app/navbarleft.php on line 13.
 1 SYSTEMPATH/View/View.php(234): include('/var/www/html/sigeo/app/Views/commons_app/navbarleft.php')
 2 SYSTEMPATH/View/View.php(237): CodeIgniter\View\View->CodeIgniter\View\{closure}()
 3 SYSTEMPATH/Common.php(1171): CodeIgniter\View\View->render('commons_app/navbarleft', [], true)
 4 APPPATH/Controllers/Aplicativo.php(39): view('commons_app/navbarleft', [...])
 5 SYSTEMPATH/CodeIgniter.php(933): App\Controllers\Aplicativo->index()
 6 SYSTEMPATH/CodeIgniter.php(509): CodeIgniter\CodeIgniter->runController(Object(App\Controllers\Aplicativo))
 7 SYSTEMPATH/CodeIgniter.php(355): CodeIgniter\CodeIgniter->handleRequest(null, Object(Config\Cache), false)
 8 SYSTEMPATH/Boot.php(312): CodeIgniter\CodeIgniter->run()
 9 SYSTEMPATH/Boot.php(67): CodeIgniter\Boot::runCodeIgniter(Object(CodeIgniter\CodeIgniter))
10 FCPATH/index.php(56): CodeIgniter\Boot::bootWeb(Object(Config\Paths))
