CRITICAL - 2024-10-21 21:15:16 --> ErrorException: Undefined property: stdClass::$TELEFONE_1
[Method: GET, Route: Documento/FichaObs]
in APPPATH/Views/commons/navbartop.php on line 153.
 1 APPPATH/Views/commons/navbartop.php(153): CodeIgniter\Debug\Exceptions->errorHandler()
 2 SYSTEMPATH/View/View.php(234): include('/var/www/html/sigeo/app/Views/commons/navbartop.php')
 3 SYSTEMPATH/View/View.php(237): CodeIgniter\View\View->CodeIgniter\View\{closure}()
 4 SYSTEMPATH/Common.php(1171): CodeIgniter\View\View->render()
 5 APPPATH/Controllers/Documento.php(528): view()
 6 SYSTEMPATH/CodeIgniter.php(933): App\Controllers\Documento->FichaObs()
 7 SYSTEMPATH/CodeIgniter.php(509): CodeIgniter\CodeIgniter->runController()
 8 SYSTEMPATH/CodeIgniter.php(355): CodeIgniter\CodeIgniter->handleRequest()
 9 SYSTEMPATH/Boot.php(312): CodeIgniter\CodeIgniter->run()
10 SYSTEMPATH/Boot.php(67): CodeIgniter\Boot::runCodeIgniter()
11 FCPATH/index.php(56): CodeIgniter\Boot::bootWeb()
ERROR - 2024-10-21 21:16:16 --> mysqli_sql_exception: Unknown column 'C.TELEFONE_1' in 'field list' in /var/www/html/sigeo/system/Database/MySQLi/Connection.php:308
Stack trace:
#0 /var/www/html/sigeo/system/Database/MySQLi/Connection.php(308): mysqli->query()
#1 /var/www/html/sigeo/system/Database/BaseConnection.php(722): CodeIgniter\Database\MySQLi\Connection->execute()
#2 /var/www/html/sigeo/system/Database/BaseConnection.php(636): CodeIgniter\Database\BaseConnection->simpleQuery()
#3 /var/www/html/sigeo/system/Database/BaseBuilder.php(1629): CodeIgniter\Database\BaseConnection->query()
#4 /var/www/html/sigeo/app/Models/TurmaModel.php(353): CodeIgniter\Database\BaseBuilder->get()
#5 /var/www/html/sigeo/app/Helpers/complementos_helper.php(252): App\Models\TurmaModel->getAlunosChamadas()
#6 /var/www/html/sigeo/app/Views/commons/navbartop.php(151): getAlunosChamadas()
#7 /var/www/html/sigeo/system/View/View.php(234): include('...')
#8 /var/www/html/sigeo/system/View/View.php(237): CodeIgniter\View\View->CodeIgniter\View\{closure}()
#9 /var/www/html/sigeo/system/Common.php(1171): CodeIgniter\View\View->render()
#10 /var/www/html/sigeo/app/Controllers/Documento.php(528): view()
#11 /var/www/html/sigeo/system/CodeIgniter.php(933): App\Controllers\Documento->FichaObs()
#12 /var/www/html/sigeo/system/CodeIgniter.php(509): CodeIgniter\CodeIgniter->runController()
#13 /var/www/html/sigeo/system/CodeIgniter.php(355): CodeIgniter\CodeIgniter->handleRequest()
#14 /var/www/html/sigeo/system/Boot.php(312): CodeIgniter\CodeIgniter->run()
#15 /var/www/html/sigeo/system/Boot.php(67): CodeIgniter\Boot::runCodeIgniter()
#16 /var/www/html/sigeo/public/index.php(56): CodeIgniter\Boot::bootWeb()
#17 {main}
CRITICAL - 2024-10-21 21:16:16 --> CodeIgniter\Database\Exceptions\DatabaseException: Unknown column 'C.TELEFONE_1' in 'field list'
[Method: GET, Route: Documento/FichaObs]
in SYSTEMPATH/Database/BaseConnection.php on line 676.
 1 SYSTEMPATH/Database/BaseBuilder.php(1629): CodeIgniter\Database\BaseConnection->query()
 2 APPPATH/Models/TurmaModel.php(353): CodeIgniter\Database\BaseBuilder->get()
 3 APPPATH/Helpers/complementos_helper.php(252): App\Models\TurmaModel->getAlunosChamadas()
 4 APPPATH/Views/commons/navbartop.php(151): getAlunosChamadas()
 5 SYSTEMPATH/View/View.php(234): include('/var/www/html/sigeo/app/Views/commons/navbartop.php')
 6 SYSTEMPATH/View/View.php(237): CodeIgniter\View\View->CodeIgniter\View\{closure}()
 7 SYSTEMPATH/Common.php(1171): CodeIgniter\View\View->render()
 8 APPPATH/Controllers/Documento.php(528): view()
 9 SYSTEMPATH/CodeIgniter.php(933): App\Controllers\Documento->FichaObs()
10 SYSTEMPATH/CodeIgniter.php(509): CodeIgniter\CodeIgniter->runController()
11 SYSTEMPATH/CodeIgniter.php(355): CodeIgniter\CodeIgniter->handleRequest()
12 SYSTEMPATH/Boot.php(312): CodeIgniter\CodeIgniter->run()
13 SYSTEMPATH/Boot.php(67): CodeIgniter\Boot::runCodeIgniter()
14 FCPATH/index.php(56): CodeIgniter\Boot::bootWeb()
CRITICAL - 2024-10-21 21:16:16 --> [Caused by] CodeIgniter\Database\Exceptions\DatabaseException: Unknown column 'C.TELEFONE_1' in 'field list'
in SYSTEMPATH/Database/MySQLi/Connection.php on line 313.
 1 SYSTEMPATH/Database/BaseConnection.php(722): CodeIgniter\Database\MySQLi\Connection->execute()
 2 SYSTEMPATH/Database/BaseConnection.php(636): CodeIgniter\Database\BaseConnection->simpleQuery()
 3 SYSTEMPATH/Database/BaseBuilder.php(1629): CodeIgniter\Database\BaseConnection->query()
 4 APPPATH/Models/TurmaModel.php(353): CodeIgniter\Database\BaseBuilder->get()
 5 APPPATH/Helpers/complementos_helper.php(252): App\Models\TurmaModel->getAlunosChamadas()
 6 APPPATH/Views/commons/navbartop.php(151): getAlunosChamadas()
 7 SYSTEMPATH/View/View.php(234): include('/var/www/html/sigeo/app/Views/commons/navbartop.php')
 8 SYSTEMPATH/View/View.php(237): CodeIgniter\View\View->CodeIgniter\View\{closure}()
 9 SYSTEMPATH/Common.php(1171): CodeIgniter\View\View->render()
10 APPPATH/Controllers/Documento.php(528): view()
11 SYSTEMPATH/CodeIgniter.php(933): App\Controllers\Documento->FichaObs()
12 SYSTEMPATH/CodeIgniter.php(509): CodeIgniter\CodeIgniter->runController()
13 SYSTEMPATH/CodeIgniter.php(355): CodeIgniter\CodeIgniter->handleRequest()
14 SYSTEMPATH/Boot.php(312): CodeIgniter\CodeIgniter->run()
15 SYSTEMPATH/Boot.php(67): CodeIgniter\Boot::runCodeIgniter()
16 FCPATH/index.php(56): CodeIgniter\Boot::bootWeb()
CRITICAL - 2024-10-21 21:16:16 --> [Caused by] mysqli_sql_exception: Unknown column 'C.TELEFONE_1' in 'field list'
in SYSTEMPATH/Database/MySQLi/Connection.php on line 308.
 1 SYSTEMPATH/Database/MySQLi/Connection.php(308): mysqli->query()
 2 SYSTEMPATH/Database/BaseConnection.php(722): CodeIgniter\Database\MySQLi\Connection->execute()
 3 SYSTEMPATH/Database/BaseConnection.php(636): CodeIgniter\Database\BaseConnection->simpleQuery()
 4 SYSTEMPATH/Database/BaseBuilder.php(1629): CodeIgniter\Database\BaseConnection->query()
 5 APPPATH/Models/TurmaModel.php(353): CodeIgniter\Database\BaseBuilder->get()
 6 APPPATH/Helpers/complementos_helper.php(252): App\Models\TurmaModel->getAlunosChamadas()
 7 APPPATH/Views/commons/navbartop.php(151): getAlunosChamadas()
 8 SYSTEMPATH/View/View.php(234): include('/var/www/html/sigeo/app/Views/commons/navbartop.php')
 9 SYSTEMPATH/View/View.php(237): CodeIgniter\View\View->CodeIgniter\View\{closure}()
10 SYSTEMPATH/Common.php(1171): CodeIgniter\View\View->render()
11 APPPATH/Controllers/Documento.php(528): view()
12 SYSTEMPATH/CodeIgniter.php(933): App\Controllers\Documento->FichaObs()
13 SYSTEMPATH/CodeIgniter.php(509): CodeIgniter\CodeIgniter->runController()
14 SYSTEMPATH/CodeIgniter.php(355): CodeIgniter\CodeIgniter->handleRequest()
15 SYSTEMPATH/Boot.php(312): CodeIgniter\CodeIgniter->run()
16 SYSTEMPATH/Boot.php(67): CodeIgniter\Boot::runCodeIgniter()
17 FCPATH/index.php(56): CodeIgniter\Boot::bootWeb()
