WARNING - 2024-08-29 22:07:21 --> [DEPRECATED] Function strftime() is deprecated in APPPATH/Views/commons/navbarleft.php on line 13.
 1 SYSTEMPATH/View/View.php(234): include('/var/www/html/sigeo/app/Views/commons/navbarleft.php')
 2 SYSTEMPATH/View/View.php(237): CodeIgniter\View\View->CodeIgniter\View\{closure}()
 3 SYSTEMPATH/Common.php(1171): CodeIgniter\View\View->render('commons/navbarleft', [], true)
 4 APPPATH/Controllers/Home.php(34): view('commons/navbarleft', [...])
 5 SYSTEMPATH/CodeIgniter.php(933): App\Controllers\Home->index()
 6 SYSTEMPATH/CodeIgniter.php(509): CodeIgniter\CodeIgniter->runController(Object(App\Controllers\Home))
 7 SYSTEMPATH/CodeIgniter.php(355): CodeIgniter\CodeIgniter->handleRequest(null, Object(Config\Cache), false)
 8 SYSTEMPATH/Boot.php(312): CodeIgniter\CodeIgniter->run()
 9 SYSTEMPATH/Boot.php(67): CodeIgniter\Boot::runCodeIgniter(Object(CodeIgniter\CodeIgniter))
10 FCPATH/index.php(56): CodeIgniter\Boot::bootWeb(Object(Config\Paths))
WARNING - 2024-08-29 22:48:04 --> [DEPRECATED] Function strftime() is deprecated in APPPATH/Views/commons/navbarleft.php on line 13.
 1 SYSTEMPATH/View/View.php(234): include('/var/www/html/sigeo/app/Views/commons/navbarleft.php')
 2 SYSTEMPATH/View/View.php(237): CodeIgniter\View\View->CodeIgniter\View\{closure}()
 3 SYSTEMPATH/Common.php(1171): CodeIgniter\View\View->render('commons/navbarleft', [], true)
 4 APPPATH/Controllers/Home.php(34): view('commons/navbarleft', [...])
 5 SYSTEMPATH/CodeIgniter.php(933): App\Controllers\Home->index()
 6 SYSTEMPATH/CodeIgniter.php(509): CodeIgniter\CodeIgniter->runController(Object(App\Controllers\Home))
 7 SYSTEMPATH/CodeIgniter.php(355): CodeIgniter\CodeIgniter->handleRequest(null, Object(Config\Cache), false)
 8 SYSTEMPATH/Boot.php(312): CodeIgniter\CodeIgniter->run()
 9 SYSTEMPATH/Boot.php(67): CodeIgniter\Boot::runCodeIgniter(Object(CodeIgniter\CodeIgniter))
10 FCPATH/index.php(56): CodeIgniter\Boot::bootWeb(Object(Config\Paths))
WARNING - 2024-08-29 22:48:07 --> [DEPRECATED] Function strftime() is deprecated in APPPATH/Views/commons/navbarleft.php on line 13.
 1 SYSTEMPATH/View/View.php(234): include('/var/www/html/sigeo/app/Views/commons/navbarleft.php')
 2 SYSTEMPATH/View/View.php(237): CodeIgniter\View\View->CodeIgniter\View\{closure}()
 3 SYSTEMPATH/Common.php(1171): CodeIgniter\View\View->render('commons/navbarleft', [], true)
 4 APPPATH/Controllers/Configuracoes/Usuario.php(37): view('commons/navbarleft', [...])
 5 SYSTEMPATH/CodeIgniter.php(933): App\Controllers\Configuracoes\Usuario->usuarioConsultar()
 6 SYSTEMPATH/CodeIgniter.php(509): CodeIgniter\CodeIgniter->runController(Object(App\Controllers\Configuracoes\Usuario))
 7 SYSTEMPATH/CodeIgniter.php(355): CodeIgniter\CodeIgniter->handleRequest(null, Object(Config\Cache), false)
 8 SYSTEMPATH/Boot.php(312): CodeIgniter\CodeIgniter->run()
 9 SYSTEMPATH/Boot.php(67): CodeIgniter\Boot::runCodeIgniter(Object(CodeIgniter\CodeIgniter))
10 FCPATH/index.php(56): CodeIgniter\Boot::bootWeb(Object(Config\Paths))
WARNING - 2024-08-29 22:49:18 --> [DEPRECATED] Function strftime() is deprecated in APPPATH/Views/commons/navbarleft.php on line 13.
 1 SYSTEMPATH/View/View.php(234): include('/var/www/html/sigeo/app/Views/commons/navbarleft.php')
 2 SYSTEMPATH/View/View.php(237): CodeIgniter\View\View->CodeIgniter\View\{closure}()
 3 SYSTEMPATH/Common.php(1171): CodeIgniter\View\View->render('commons/navbarleft', [], true)
 4 APPPATH/Controllers/Home.php(34): view('commons/navbarleft', [...])
 5 SYSTEMPATH/CodeIgniter.php(933): App\Controllers\Home->index()
 6 SYSTEMPATH/CodeIgniter.php(509): CodeIgniter\CodeIgniter->runController(Object(App\Controllers\Home))
 7 SYSTEMPATH/CodeIgniter.php(355): CodeIgniter\CodeIgniter->handleRequest(null, Object(Config\Cache), false)
 8 SYSTEMPATH/Boot.php(312): CodeIgniter\CodeIgniter->run()
 9 SYSTEMPATH/Boot.php(67): CodeIgniter\Boot::runCodeIgniter(Object(CodeIgniter\CodeIgniter))
10 FCPATH/index.php(56): CodeIgniter\Boot::bootWeb(Object(Config\Paths))
WARNING - 2024-08-29 22:49:21 --> [DEPRECATED] Function strftime() is deprecated in APPPATH/Views/commons/navbarleft.php on line 13.
 1 SYSTEMPATH/View/View.php(234): include('/var/www/html/sigeo/app/Views/commons/navbarleft.php')
 2 SYSTEMPATH/View/View.php(237): CodeIgniter\View\View->CodeIgniter\View\{closure}()
 3 SYSTEMPATH/Common.php(1171): CodeIgniter\View\View->render('commons/navbarleft', [], true)
 4 APPPATH/Controllers/Turma.php(59): view('commons/navbarleft', [...])
 5 SYSTEMPATH/CodeIgniter.php(933): App\Controllers\Turma->index()
 6 SYSTEMPATH/CodeIgniter.php(509): CodeIgniter\CodeIgniter->runController(Object(App\Controllers\Turma))
 7 SYSTEMPATH/CodeIgniter.php(355): CodeIgniter\CodeIgniter->handleRequest(null, Object(Config\Cache), false)
 8 SYSTEMPATH/Boot.php(312): CodeIgniter\CodeIgniter->run()
 9 SYSTEMPATH/Boot.php(67): CodeIgniter\Boot::runCodeIgniter(Object(CodeIgniter\CodeIgniter))
10 FCPATH/index.php(56): CodeIgniter\Boot::bootWeb(Object(Config\Paths))
WARNING - 2024-08-29 22:49:23 --> [DEPRECATED] Function strftime() is deprecated in APPPATH/Views/commons/navbarleft.php on line 13.
 1 SYSTEMPATH/View/View.php(234): include('/var/www/html/sigeo/app/Views/commons/navbarleft.php')
 2 SYSTEMPATH/View/View.php(237): CodeIgniter\View\View->CodeIgniter\View\{closure}()
 3 SYSTEMPATH/Common.php(1171): CodeIgniter\View\View->render('commons/navbarleft', [], true)
 4 APPPATH/Controllers/Aluno.php(43): view('commons/navbarleft', [...])
 5 SYSTEMPATH/CodeIgniter.php(933): App\Controllers\Aluno->index()
 6 SYSTEMPATH/CodeIgniter.php(509): CodeIgniter\CodeIgniter->runController(Object(App\Controllers\Aluno))
 7 SYSTEMPATH/CodeIgniter.php(355): CodeIgniter\CodeIgniter->handleRequest(null, Object(Config\Cache), false)
 8 SYSTEMPATH/Boot.php(312): CodeIgniter\CodeIgniter->run()
 9 SYSTEMPATH/Boot.php(67): CodeIgniter\Boot::runCodeIgniter(Object(CodeIgniter\CodeIgniter))
10 FCPATH/index.php(56): CodeIgniter\Boot::bootWeb(Object(Config\Paths))
WARNING - 2024-08-29 22:49:40 --> [DEPRECATED] Function strftime() is deprecated in APPPATH/Views/commons/navbarleft.php on line 13.
 1 SYSTEMPATH/View/View.php(234): include('/var/www/html/sigeo/app/Views/commons/navbarleft.php')
 2 SYSTEMPATH/View/View.php(237): CodeIgniter\View\View->CodeIgniter\View\{closure}()
 3 SYSTEMPATH/Common.php(1171): CodeIgniter\View\View->render('commons/navbarleft', [], true)
 4 APPPATH/Controllers/Aluno.php(320): view('commons/navbarleft', [...])
 5 SYSTEMPATH/CodeIgniter.php(933): App\Controllers\Aluno->Vinculo('MjA=')
 6 SYSTEMPATH/CodeIgniter.php(509): CodeIgniter\CodeIgniter->runController(Object(App\Controllers\Aluno))
 7 SYSTEMPATH/CodeIgniter.php(355): CodeIgniter\CodeIgniter->handleRequest(null, Object(Config\Cache), false)
 8 SYSTEMPATH/Boot.php(312): CodeIgniter\CodeIgniter->run()
 9 SYSTEMPATH/Boot.php(67): CodeIgniter\Boot::runCodeIgniter(Object(CodeIgniter\CodeIgniter))
10 FCPATH/index.php(56): CodeIgniter\Boot::bootWeb(Object(Config\Paths))
WARNING - 2024-08-29 22:49:45 --> [DEPRECATED] Function strftime() is deprecated in APPPATH/Views/commons/navbarleft.php on line 13.
 1 SYSTEMPATH/View/View.php(234): include('/var/www/html/sigeo/app/Views/commons/navbarleft.php')
 2 SYSTEMPATH/View/View.php(237): CodeIgniter\View\View->CodeIgniter\View\{closure}()
 3 SYSTEMPATH/Common.php(1171): CodeIgniter\View\View->render('commons/navbarleft', [], true)
 4 APPPATH/Controllers/Aluno.php(43): view('commons/navbarleft', [...])
 5 SYSTEMPATH/CodeIgniter.php(933): App\Controllers\Aluno->index()
 6 SYSTEMPATH/CodeIgniter.php(509): CodeIgniter\CodeIgniter->runController(Object(App\Controllers\Aluno))
 7 SYSTEMPATH/CodeIgniter.php(355): CodeIgniter\CodeIgniter->handleRequest(null, Object(Config\Cache), false)
 8 SYSTEMPATH/Boot.php(312): CodeIgniter\CodeIgniter->run()
 9 SYSTEMPATH/Boot.php(67): CodeIgniter\Boot::runCodeIgniter(Object(CodeIgniter\CodeIgniter))
10 FCPATH/index.php(56): CodeIgniter\Boot::bootWeb(Object(Config\Paths))
WARNING - 2024-08-29 22:49:52 --> [DEPRECATED] Function strftime() is deprecated in APPPATH/Views/commons/navbarleft.php on line 13.
 1 SYSTEMPATH/View/View.php(234): include('/var/www/html/sigeo/app/Views/commons/navbarleft.php')
 2 SYSTEMPATH/View/View.php(237): CodeIgniter\View\View->CodeIgniter\View\{closure}()
 3 SYSTEMPATH/Common.php(1171): CodeIgniter\View\View->render('commons/navbarleft', [], true)
 4 APPPATH/Controllers/Turma.php(59): view('commons/navbarleft', [...])
 5 SYSTEMPATH/CodeIgniter.php(933): App\Controllers\Turma->index()
 6 SYSTEMPATH/CodeIgniter.php(509): CodeIgniter\CodeIgniter->runController(Object(App\Controllers\Turma))
 7 SYSTEMPATH/CodeIgniter.php(355): CodeIgniter\CodeIgniter->handleRequest(null, Object(Config\Cache), false)
 8 SYSTEMPATH/Boot.php(312): CodeIgniter\CodeIgniter->run()
 9 SYSTEMPATH/Boot.php(67): CodeIgniter\Boot::runCodeIgniter(Object(CodeIgniter\CodeIgniter))
10 FCPATH/index.php(56): CodeIgniter\Boot::bootWeb(Object(Config\Paths))
WARNING - 2024-08-29 22:49:53 --> [DEPRECATED] Function strftime() is deprecated in APPPATH/Views/commons/navbarleft.php on line 13.
 1 SYSTEMPATH/View/View.php(234): include('/var/www/html/sigeo/app/Views/commons/navbarleft.php')
 2 SYSTEMPATH/View/View.php(237): CodeIgniter\View\View->CodeIgniter\View\{closure}()
 3 SYSTEMPATH/Common.php(1171): CodeIgniter\View\View->render('commons/navbarleft', [], true)
 4 APPPATH/Controllers/Profissional.php(47): view('commons/navbarleft', [...])
 5 SYSTEMPATH/CodeIgniter.php(933): App\Controllers\Profissional->index()
 6 SYSTEMPATH/CodeIgniter.php(509): CodeIgniter\CodeIgniter->runController(Object(App\Controllers\Profissional))
 7 SYSTEMPATH/CodeIgniter.php(355): CodeIgniter\CodeIgniter->handleRequest(null, Object(Config\Cache), false)
 8 SYSTEMPATH/Boot.php(312): CodeIgniter\CodeIgniter->run()
 9 SYSTEMPATH/Boot.php(67): CodeIgniter\Boot::runCodeIgniter(Object(CodeIgniter\CodeIgniter))
10 FCPATH/index.php(56): CodeIgniter\Boot::bootWeb(Object(Config\Paths))
WARNING - 2024-08-29 22:49:57 --> [DEPRECATED] Function strftime() is deprecated in APPPATH/Views/commons/navbarleft.php on line 13.
 1 SYSTEMPATH/View/View.php(234): include('/var/www/html/sigeo/app/Views/commons/navbarleft.php')
 2 SYSTEMPATH/View/View.php(237): CodeIgniter\View\View->CodeIgniter\View\{closure}()
 3 SYSTEMPATH/Common.php(1171): CodeIgniter\View\View->render('commons/navbarleft', [], true)
 4 APPPATH/Controllers/Profissional.php(240): view('commons/navbarleft', [...])
 5 SYSTEMPATH/CodeIgniter.php(933): App\Controllers\Profissional->Editar('MjE=')
 6 SYSTEMPATH/CodeIgniter.php(509): CodeIgniter\CodeIgniter->runController(Object(App\Controllers\Profissional))
 7 SYSTEMPATH/CodeIgniter.php(355): CodeIgniter\CodeIgniter->handleRequest(null, Object(Config\Cache), false)
 8 SYSTEMPATH/Boot.php(312): CodeIgniter\CodeIgniter->run()
 9 SYSTEMPATH/Boot.php(67): CodeIgniter\Boot::runCodeIgniter(Object(CodeIgniter\CodeIgniter))
10 FCPATH/index.php(56): CodeIgniter\Boot::bootWeb(Object(Config\Paths))
WARNING - 2024-08-29 22:50:03 --> [DEPRECATED] Function strftime() is deprecated in APPPATH/Views/commons/navbarleft.php on line 13.
 1 SYSTEMPATH/View/View.php(234): include('/var/www/html/sigeo/app/Views/commons/navbarleft.php')
 2 SYSTEMPATH/View/View.php(237): CodeIgniter\View\View->CodeIgniter\View\{closure}()
 3 SYSTEMPATH/Common.php(1171): CodeIgniter\View\View->render('commons/navbarleft', [], true)
 4 APPPATH/Controllers/Profissional.php(47): view('commons/navbarleft', [...])
 5 SYSTEMPATH/CodeIgniter.php(933): App\Controllers\Profissional->index()
 6 SYSTEMPATH/CodeIgniter.php(509): CodeIgniter\CodeIgniter->runController(Object(App\Controllers\Profissional))
 7 SYSTEMPATH/CodeIgniter.php(355): CodeIgniter\CodeIgniter->handleRequest(null, Object(Config\Cache), false)
 8 SYSTEMPATH/Boot.php(312): CodeIgniter\CodeIgniter->run()
 9 SYSTEMPATH/Boot.php(67): CodeIgniter\Boot::runCodeIgniter(Object(CodeIgniter\CodeIgniter))
10 FCPATH/index.php(56): CodeIgniter\Boot::bootWeb(Object(Config\Paths))
WARNING - 2024-08-29 22:50:05 --> [DEPRECATED] Function strftime() is deprecated in APPPATH/Views/commons/navbarleft.php on line 13.
 1 SYSTEMPATH/View/View.php(234): include('/var/www/html/sigeo/app/Views/commons/navbarleft.php')
 2 SYSTEMPATH/View/View.php(237): CodeIgniter\View\View->CodeIgniter\View\{closure}()
 3 SYSTEMPATH/Common.php(1171): CodeIgniter\View\View->render('commons/navbarleft', [], true)
 4 APPPATH/Controllers/Profissional.php(240): view('commons/navbarleft', [...])
 5 SYSTEMPATH/CodeIgniter.php(933): App\Controllers\Profissional->Editar('MjM=')
 6 SYSTEMPATH/CodeIgniter.php(509): CodeIgniter\CodeIgniter->runController(Object(App\Controllers\Profissional))
 7 SYSTEMPATH/CodeIgniter.php(355): CodeIgniter\CodeIgniter->handleRequest(null, Object(Config\Cache), false)
 8 SYSTEMPATH/Boot.php(312): CodeIgniter\CodeIgniter->run()
 9 SYSTEMPATH/Boot.php(67): CodeIgniter\Boot::runCodeIgniter(Object(CodeIgniter\CodeIgniter))
10 FCPATH/index.php(56): CodeIgniter\Boot::bootWeb(Object(Config\Paths))
WARNING - 2024-08-29 22:50:09 --> [DEPRECATED] Function strftime() is deprecated in APPPATH/Views/commons/navbarleft.php on line 13.
 1 SYSTEMPATH/View/View.php(234): include('/var/www/html/sigeo/app/Views/commons/navbarleft.php')
 2 SYSTEMPATH/View/View.php(237): CodeIgniter\View\View->CodeIgniter\View\{closure}()
 3 SYSTEMPATH/Common.php(1171): CodeIgniter\View\View->render('commons/navbarleft', [], true)
 4 APPPATH/Controllers/Profissional.php(47): view('commons/navbarleft', [...])
 5 SYSTEMPATH/CodeIgniter.php(933): App\Controllers\Profissional->index()
 6 SYSTEMPATH/CodeIgniter.php(509): CodeIgniter\CodeIgniter->runController(Object(App\Controllers\Profissional))
 7 SYSTEMPATH/CodeIgniter.php(355): CodeIgniter\CodeIgniter->handleRequest(null, Object(Config\Cache), false)
 8 SYSTEMPATH/Boot.php(312): CodeIgniter\CodeIgniter->run()
 9 SYSTEMPATH/Boot.php(67): CodeIgniter\Boot::runCodeIgniter(Object(CodeIgniter\CodeIgniter))
10 FCPATH/index.php(56): CodeIgniter\Boot::bootWeb(Object(Config\Paths))
WARNING - 2024-08-29 22:51:46 --> [DEPRECATED] Function strftime() is deprecated in APPPATH/Views/commons/navbarleft.php on line 13.
 1 SYSTEMPATH/View/View.php(234): include('/var/www/html/sigeo/app/Views/commons/navbarleft.php')
 2 SYSTEMPATH/View/View.php(237): CodeIgniter\View\View->CodeIgniter\View\{closure}()
 3 SYSTEMPATH/Common.php(1171): CodeIgniter\View\View->render('commons/navbarleft', [], true)
 4 APPPATH/Controllers/Home.php(34): view('commons/navbarleft', [...])
 5 SYSTEMPATH/CodeIgniter.php(933): App\Controllers\Home->index()
 6 SYSTEMPATH/CodeIgniter.php(509): CodeIgniter\CodeIgniter->runController(Object(App\Controllers\Home))
 7 SYSTEMPATH/CodeIgniter.php(355): CodeIgniter\CodeIgniter->handleRequest(null, Object(Config\Cache), false)
 8 SYSTEMPATH/Boot.php(312): CodeIgniter\CodeIgniter->run()
 9 SYSTEMPATH/Boot.php(67): CodeIgniter\Boot::runCodeIgniter(Object(CodeIgniter\CodeIgniter))
10 FCPATH/index.php(56): CodeIgniter\Boot::bootWeb(Object(Config\Paths))
WARNING - 2024-08-29 22:51:48 --> [DEPRECATED] Function strftime() is deprecated in APPPATH/Views/commons/navbarleft.php on line 13.
 1 SYSTEMPATH/View/View.php(234): include('/var/www/html/sigeo/app/Views/commons/navbarleft.php')
 2 SYSTEMPATH/View/View.php(237): CodeIgniter\View\View->CodeIgniter\View\{closure}()
 3 SYSTEMPATH/Common.php(1171): CodeIgniter\View\View->render('commons/navbarleft', [], true)
 4 APPPATH/Controllers/Home.php(34): view('commons/navbarleft', [...])
 5 SYSTEMPATH/CodeIgniter.php(933): App\Controllers\Home->index()
 6 SYSTEMPATH/CodeIgniter.php(509): CodeIgniter\CodeIgniter->runController(Object(App\Controllers\Home))
 7 SYSTEMPATH/CodeIgniter.php(355): CodeIgniter\CodeIgniter->handleRequest(null, Object(Config\Cache), false)
 8 SYSTEMPATH/Boot.php(312): CodeIgniter\CodeIgniter->run()
 9 SYSTEMPATH/Boot.php(67): CodeIgniter\Boot::runCodeIgniter(Object(CodeIgniter\CodeIgniter))
10 FCPATH/index.php(56): CodeIgniter\Boot::bootWeb(Object(Config\Paths))
WARNING - 2024-08-29 22:51:59 --> [DEPRECATED] Function strftime() is deprecated in APPPATH/Views/commons/navbarleft.php on line 13.
 1 SYSTEMPATH/View/View.php(234): include('/var/www/html/sigeo/app/Views/commons/navbarleft.php')
 2 SYSTEMPATH/View/View.php(237): CodeIgniter\View\View->CodeIgniter\View\{closure}()
 3 SYSTEMPATH/Common.php(1171): CodeIgniter\View\View->render('commons/navbarleft', [], true)
 4 APPPATH/Controllers/Home.php(34): view('commons/navbarleft', [...])
 5 SYSTEMPATH/CodeIgniter.php(933): App\Controllers\Home->index()
 6 SYSTEMPATH/CodeIgniter.php(509): CodeIgniter\CodeIgniter->runController(Object(App\Controllers\Home))
 7 SYSTEMPATH/CodeIgniter.php(355): CodeIgniter\CodeIgniter->handleRequest(null, Object(Config\Cache), false)
 8 SYSTEMPATH/Boot.php(312): CodeIgniter\CodeIgniter->run()
 9 SYSTEMPATH/Boot.php(67): CodeIgniter\Boot::runCodeIgniter(Object(CodeIgniter\CodeIgniter))
10 FCPATH/index.php(56): CodeIgniter\Boot::bootWeb(Object(Config\Paths))
WARNING - 2024-08-29 22:52:00 --> [DEPRECATED] Function strftime() is deprecated in APPPATH/Views/commons/navbarleft.php on line 13.
 1 SYSTEMPATH/View/View.php(234): include('/var/www/html/sigeo/app/Views/commons/navbarleft.php')
 2 SYSTEMPATH/View/View.php(237): CodeIgniter\View\View->CodeIgniter\View\{closure}()
 3 SYSTEMPATH/Common.php(1171): CodeIgniter\View\View->render('commons/navbarleft', [], true)
 4 APPPATH/Controllers/Home.php(34): view('commons/navbarleft', [...])
 5 SYSTEMPATH/CodeIgniter.php(933): App\Controllers\Home->index()
 6 SYSTEMPATH/CodeIgniter.php(509): CodeIgniter\CodeIgniter->runController(Object(App\Controllers\Home))
 7 SYSTEMPATH/CodeIgniter.php(355): CodeIgniter\CodeIgniter->handleRequest(null, Object(Config\Cache), false)
 8 SYSTEMPATH/Boot.php(312): CodeIgniter\CodeIgniter->run()
 9 SYSTEMPATH/Boot.php(67): CodeIgniter\Boot::runCodeIgniter(Object(CodeIgniter\CodeIgniter))
10 FCPATH/index.php(56): CodeIgniter\Boot::bootWeb(Object(Config\Paths))
WARNING - 2024-08-29 22:52:11 --> [DEPRECATED] Function strftime() is deprecated in APPPATH/Views/commons/navbarleft.php on line 13.
 1 SYSTEMPATH/View/View.php(234): include('/var/www/html/sigeo/app/Views/commons/navbarleft.php')
 2 SYSTEMPATH/View/View.php(237): CodeIgniter\View\View->CodeIgniter\View\{closure}()
 3 SYSTEMPATH/Common.php(1171): CodeIgniter\View\View->render('commons/navbarleft', [], true)
 4 APPPATH/Controllers/Home.php(34): view('commons/navbarleft', [...])
 5 SYSTEMPATH/CodeIgniter.php(933): App\Controllers\Home->index()
 6 SYSTEMPATH/CodeIgniter.php(509): CodeIgniter\CodeIgniter->runController(Object(App\Controllers\Home))
 7 SYSTEMPATH/CodeIgniter.php(355): CodeIgniter\CodeIgniter->handleRequest(null, Object(Config\Cache), false)
 8 SYSTEMPATH/Boot.php(312): CodeIgniter\CodeIgniter->run()
 9 SYSTEMPATH/Boot.php(67): CodeIgniter\Boot::runCodeIgniter(Object(CodeIgniter\CodeIgniter))
10 FCPATH/index.php(56): CodeIgniter\Boot::bootWeb(Object(Config\Paths))
WARNING - 2024-08-29 22:53:20 --> [DEPRECATED] Function strftime() is deprecated in APPPATH/Views/commons/navbarleft.php on line 13.
 1 SYSTEMPATH/View/View.php(234): include('/var/www/html/sigeo/app/Views/commons/navbarleft.php')
 2 SYSTEMPATH/View/View.php(237): CodeIgniter\View\View->CodeIgniter\View\{closure}()
 3 SYSTEMPATH/Common.php(1171): CodeIgniter\View\View->render('commons/navbarleft', [], true)
 4 APPPATH/Controllers/Aplicativo.php(34): view('commons/navbarleft', [...])
 5 SYSTEMPATH/CodeIgniter.php(933): App\Controllers\Aplicativo->index()
 6 SYSTEMPATH/CodeIgniter.php(509): CodeIgniter\CodeIgniter->runController(Object(App\Controllers\Aplicativo))
 7 SYSTEMPATH/CodeIgniter.php(355): CodeIgniter\CodeIgniter->handleRequest(null, Object(Config\Cache), false)
 8 SYSTEMPATH/Boot.php(312): CodeIgniter\CodeIgniter->run()
 9 SYSTEMPATH/Boot.php(67): CodeIgniter\Boot::runCodeIgniter(Object(CodeIgniter\CodeIgniter))
10 FCPATH/index.php(56): CodeIgniter\Boot::bootWeb(Object(Config\Paths))
WARNING - 2024-08-29 22:56:21 --> [DEPRECATED] Function strftime() is deprecated in APPPATH/Views/commons_app/navbarleft.php on line 13.
 1 SYSTEMPATH/View/View.php(234): include('/var/www/html/sigeo/app/Views/commons_app/navbarleft.php')
 2 SYSTEMPATH/View/View.php(237): CodeIgniter\View\View->CodeIgniter\View\{closure}()
 3 SYSTEMPATH/Common.php(1171): CodeIgniter\View\View->render('commons_app/navbarleft', [], true)
 4 APPPATH/Controllers/Aplicativo.php(34): view('commons_app/navbarleft', [...])
 5 SYSTEMPATH/CodeIgniter.php(933): App\Controllers\Aplicativo->index()
 6 SYSTEMPATH/CodeIgniter.php(509): CodeIgniter\CodeIgniter->runController(Object(App\Controllers\Aplicativo))
 7 SYSTEMPATH/CodeIgniter.php(355): CodeIgniter\CodeIgniter->handleRequest(null, Object(Config\Cache), false)
 8 SYSTEMPATH/Boot.php(312): CodeIgniter\CodeIgniter->run()
 9 SYSTEMPATH/Boot.php(67): CodeIgniter\Boot::runCodeIgniter(Object(CodeIgniter\CodeIgniter))
10 FCPATH/index.php(56): CodeIgniter\Boot::bootWeb(Object(Config\Paths))
WARNING - 2024-08-29 22:56:48 --> [DEPRECATED] Function strftime() is deprecated in APPPATH/Views/commons_app/navbarleft.php on line 13.
 1 SYSTEMPATH/View/View.php(234): include('/var/www/html/sigeo/app/Views/commons_app/navbarleft.php')
 2 SYSTEMPATH/View/View.php(237): CodeIgniter\View\View->CodeIgniter\View\{closure}()
 3 SYSTEMPATH/Common.php(1171): CodeIgniter\View\View->render('commons_app/navbarleft', [], true)
 4 APPPATH/Controllers/Aplicativo.php(34): view('commons_app/navbarleft', [...])
 5 SYSTEMPATH/CodeIgniter.php(933): App\Controllers\Aplicativo->index()
 6 SYSTEMPATH/CodeIgniter.php(509): CodeIgniter\CodeIgniter->runController(Object(App\Controllers\Aplicativo))
 7 SYSTEMPATH/CodeIgniter.php(355): CodeIgniter\CodeIgniter->handleRequest(null, Object(Config\Cache), false)
 8 SYSTEMPATH/Boot.php(312): CodeIgniter\CodeIgniter->run()
 9 SYSTEMPATH/Boot.php(67): CodeIgniter\Boot::runCodeIgniter(Object(CodeIgniter\CodeIgniter))
10 FCPATH/index.php(56): CodeIgniter\Boot::bootWeb(Object(Config\Paths))
WARNING - 2024-08-29 22:57:17 --> [DEPRECATED] Function strftime() is deprecated in APPPATH/Views/commons_app/navbarleft.php on line 13.
 1 SYSTEMPATH/View/View.php(234): include('/var/www/html/sigeo/app/Views/commons_app/navbarleft.php')
 2 SYSTEMPATH/View/View.php(237): CodeIgniter\View\View->CodeIgniter\View\{closure}()
 3 SYSTEMPATH/Common.php(1171): CodeIgniter\View\View->render('commons_app/navbarleft', [], true)
 4 APPPATH/Controllers/Aplicativo.php(34): view('commons_app/navbarleft', [...])
 5 SYSTEMPATH/CodeIgniter.php(933): App\Controllers\Aplicativo->index()
 6 SYSTEMPATH/CodeIgniter.php(509): CodeIgniter\CodeIgniter->runController(Object(App\Controllers\Aplicativo))
 7 SYSTEMPATH/CodeIgniter.php(355): CodeIgniter\CodeIgniter->handleRequest(null, Object(Config\Cache), false)
 8 SYSTEMPATH/Boot.php(312): CodeIgniter\CodeIgniter->run()
 9 SYSTEMPATH/Boot.php(67): CodeIgniter\Boot::runCodeIgniter(Object(CodeIgniter\CodeIgniter))
10 FCPATH/index.php(56): CodeIgniter\Boot::bootWeb(Object(Config\Paths))
WARNING - 2024-08-29 22:57:29 --> [DEPRECATED] Function strftime() is deprecated in APPPATH/Views/commons_app/navbarleft.php on line 13.
 1 SYSTEMPATH/View/View.php(234): include('/var/www/html/sigeo/app/Views/commons_app/navbarleft.php')
 2 SYSTEMPATH/View/View.php(237): CodeIgniter\View\View->CodeIgniter\View\{closure}()
 3 SYSTEMPATH/Common.php(1171): CodeIgniter\View\View->render('commons_app/navbarleft', [], true)
 4 APPPATH/Controllers/Aplicativo.php(34): view('commons_app/navbarleft', [...])
 5 SYSTEMPATH/CodeIgniter.php(933): App\Controllers\Aplicativo->index()
 6 SYSTEMPATH/CodeIgniter.php(509): CodeIgniter\CodeIgniter->runController(Object(App\Controllers\Aplicativo))
 7 SYSTEMPATH/CodeIgniter.php(355): CodeIgniter\CodeIgniter->handleRequest(null, Object(Config\Cache), false)
 8 SYSTEMPATH/Boot.php(312): CodeIgniter\CodeIgniter->run()
 9 SYSTEMPATH/Boot.php(67): CodeIgniter\Boot::runCodeIgniter(Object(CodeIgniter\CodeIgniter))
10 FCPATH/index.php(56): CodeIgniter\Boot::bootWeb(Object(Config\Paths))
WARNING - 2024-08-29 23:00:33 --> [DEPRECATED] Function strftime() is deprecated in APPPATH/Views/commons_app/navbarleft.php on line 13.
 1 SYSTEMPATH/View/View.php(234): include('/var/www/html/sigeo/app/Views/commons_app/navbarleft.php')
 2 SYSTEMPATH/View/View.php(237): CodeIgniter\View\View->CodeIgniter\View\{closure}()
 3 SYSTEMPATH/Common.php(1171): CodeIgniter\View\View->render('commons_app/navbarleft', [], true)
 4 APPPATH/Controllers/Aplicativo.php(34): view('commons_app/navbarleft', [...])
 5 SYSTEMPATH/CodeIgniter.php(933): App\Controllers\Aplicativo->index()
 6 SYSTEMPATH/CodeIgniter.php(509): CodeIgniter\CodeIgniter->runController(Object(App\Controllers\Aplicativo))
 7 SYSTEMPATH/CodeIgniter.php(355): CodeIgniter\CodeIgniter->handleRequest(null, Object(Config\Cache), false)
 8 SYSTEMPATH/Boot.php(312): CodeIgniter\CodeIgniter->run()
 9 SYSTEMPATH/Boot.php(67): CodeIgniter\Boot::runCodeIgniter(Object(CodeIgniter\CodeIgniter))
10 FCPATH/index.php(56): CodeIgniter\Boot::bootWeb(Object(Config\Paths))
WARNING - 2024-08-29 23:00:49 --> [DEPRECATED] Function strftime() is deprecated in APPPATH/Views/commons_app/navbarleft.php on line 13.
 1 SYSTEMPATH/View/View.php(234): include('/var/www/html/sigeo/app/Views/commons_app/navbarleft.php')
 2 SYSTEMPATH/View/View.php(237): CodeIgniter\View\View->CodeIgniter\View\{closure}()
 3 SYSTEMPATH/Common.php(1171): CodeIgniter\View\View->render('commons_app/navbarleft', [], true)
 4 APPPATH/Controllers/Aplicativo.php(34): view('commons_app/navbarleft', [...])
 5 SYSTEMPATH/CodeIgniter.php(933): App\Controllers\Aplicativo->index()
 6 SYSTEMPATH/CodeIgniter.php(509): CodeIgniter\CodeIgniter->runController(Object(App\Controllers\Aplicativo))
 7 SYSTEMPATH/CodeIgniter.php(355): CodeIgniter\CodeIgniter->handleRequest(null, Object(Config\Cache), false)
 8 SYSTEMPATH/Boot.php(312): CodeIgniter\CodeIgniter->run()
 9 SYSTEMPATH/Boot.php(67): CodeIgniter\Boot::runCodeIgniter(Object(CodeIgniter\CodeIgniter))
10 FCPATH/index.php(56): CodeIgniter\Boot::bootWeb(Object(Config\Paths))
WARNING - 2024-08-29 23:01:59 --> [DEPRECATED] Function strftime() is deprecated in APPPATH/Views/commons_app/navbarleft.php on line 13.
 1 SYSTEMPATH/View/View.php(234): include('/var/www/html/sigeo/app/Views/commons_app/navbarleft.php')
 2 SYSTEMPATH/View/View.php(237): CodeIgniter\View\View->CodeIgniter\View\{closure}()
 3 SYSTEMPATH/Common.php(1171): CodeIgniter\View\View->render('commons_app/navbarleft', [], true)
 4 APPPATH/Controllers/Aplicativo.php(34): view('commons_app/navbarleft', [...])
 5 SYSTEMPATH/CodeIgniter.php(933): App\Controllers\Aplicativo->index()
 6 SYSTEMPATH/CodeIgniter.php(509): CodeIgniter\CodeIgniter->runController(Object(App\Controllers\Aplicativo))
 7 SYSTEMPATH/CodeIgniter.php(355): CodeIgniter\CodeIgniter->handleRequest(null, Object(Config\Cache), false)
 8 SYSTEMPATH/Boot.php(312): CodeIgniter\CodeIgniter->run()
 9 SYSTEMPATH/Boot.php(67): CodeIgniter\Boot::runCodeIgniter(Object(CodeIgniter\CodeIgniter))
10 FCPATH/index.php(56): CodeIgniter\Boot::bootWeb(Object(Config\Paths))
WARNING - 2024-08-29 23:02:17 --> [DEPRECATED] Function strftime() is deprecated in APPPATH/Views/commons_app/navbarleft.php on line 13.
 1 SYSTEMPATH/View/View.php(234): include('/var/www/html/sigeo/app/Views/commons_app/navbarleft.php')
 2 SYSTEMPATH/View/View.php(237): CodeIgniter\View\View->CodeIgniter\View\{closure}()
 3 SYSTEMPATH/Common.php(1171): CodeIgniter\View\View->render('commons_app/navbarleft', [], true)
 4 APPPATH/Controllers/Aplicativo.php(34): view('commons_app/navbarleft', [...])
 5 SYSTEMPATH/CodeIgniter.php(933): App\Controllers\Aplicativo->index()
 6 SYSTEMPATH/CodeIgniter.php(509): CodeIgniter\CodeIgniter->runController(Object(App\Controllers\Aplicativo))
 7 SYSTEMPATH/CodeIgniter.php(355): CodeIgniter\CodeIgniter->handleRequest(null, Object(Config\Cache), false)
 8 SYSTEMPATH/Boot.php(312): CodeIgniter\CodeIgniter->run()
 9 SYSTEMPATH/Boot.php(67): CodeIgniter\Boot::runCodeIgniter(Object(CodeIgniter\CodeIgniter))
10 FCPATH/index.php(56): CodeIgniter\Boot::bootWeb(Object(Config\Paths))
WARNING - 2024-08-29 23:03:01 --> [DEPRECATED] Function strftime() is deprecated in APPPATH/Views/commons_app/navbarleft.php on line 13.
 1 SYSTEMPATH/View/View.php(234): include('/var/www/html/sigeo/app/Views/commons_app/navbarleft.php')
 2 SYSTEMPATH/View/View.php(237): CodeIgniter\View\View->CodeIgniter\View\{closure}()
 3 SYSTEMPATH/Common.php(1171): CodeIgniter\View\View->render('commons_app/navbarleft', [], true)
 4 APPPATH/Controllers/Aplicativo.php(34): view('commons_app/navbarleft', [...])
 5 SYSTEMPATH/CodeIgniter.php(933): App\Controllers\Aplicativo->index()
 6 SYSTEMPATH/CodeIgniter.php(509): CodeIgniter\CodeIgniter->runController(Object(App\Controllers\Aplicativo))
 7 SYSTEMPATH/CodeIgniter.php(355): CodeIgniter\CodeIgniter->handleRequest(null, Object(Config\Cache), false)
 8 SYSTEMPATH/Boot.php(312): CodeIgniter\CodeIgniter->run()
 9 SYSTEMPATH/Boot.php(67): CodeIgniter\Boot::runCodeIgniter(Object(CodeIgniter\CodeIgniter))
10 FCPATH/index.php(56): CodeIgniter\Boot::bootWeb(Object(Config\Paths))
WARNING - 2024-08-29 23:03:24 --> [DEPRECATED] Function strftime() is deprecated in APPPATH/Views/commons_app/navbarleft.php on line 13.
 1 SYSTEMPATH/View/View.php(234): include('/var/www/html/sigeo/app/Views/commons_app/navbarleft.php')
 2 SYSTEMPATH/View/View.php(237): CodeIgniter\View\View->CodeIgniter\View\{closure}()
 3 SYSTEMPATH/Common.php(1171): CodeIgniter\View\View->render('commons_app/navbarleft', [], true)
 4 APPPATH/Controllers/Aplicativo.php(34): view('commons_app/navbarleft', [...])
 5 SYSTEMPATH/CodeIgniter.php(933): App\Controllers\Aplicativo->index()
 6 SYSTEMPATH/CodeIgniter.php(509): CodeIgniter\CodeIgniter->runController(Object(App\Controllers\Aplicativo))
 7 SYSTEMPATH/CodeIgniter.php(355): CodeIgniter\CodeIgniter->handleRequest(null, Object(Config\Cache), false)
 8 SYSTEMPATH/Boot.php(312): CodeIgniter\CodeIgniter->run()
 9 SYSTEMPATH/Boot.php(67): CodeIgniter\Boot::runCodeIgniter(Object(CodeIgniter\CodeIgniter))
10 FCPATH/index.php(56): CodeIgniter\Boot::bootWeb(Object(Config\Paths))
WARNING - 2024-08-29 23:04:03 --> [DEPRECATED] Function strftime() is deprecated in APPPATH/Views/commons_app/navbarleft.php on line 13.
 1 SYSTEMPATH/View/View.php(234): include('/var/www/html/sigeo/app/Views/commons_app/navbarleft.php')
 2 SYSTEMPATH/View/View.php(237): CodeIgniter\View\View->CodeIgniter\View\{closure}()
 3 SYSTEMPATH/Common.php(1171): CodeIgniter\View\View->render('commons_app/navbarleft', [], true)
 4 APPPATH/Controllers/Aplicativo.php(34): view('commons_app/navbarleft', [...])
 5 SYSTEMPATH/CodeIgniter.php(933): App\Controllers\Aplicativo->index()
 6 SYSTEMPATH/CodeIgniter.php(509): CodeIgniter\CodeIgniter->runController(Object(App\Controllers\Aplicativo))
 7 SYSTEMPATH/CodeIgniter.php(355): CodeIgniter\CodeIgniter->handleRequest(null, Object(Config\Cache), false)
 8 SYSTEMPATH/Boot.php(312): CodeIgniter\CodeIgniter->run()
 9 SYSTEMPATH/Boot.php(67): CodeIgniter\Boot::runCodeIgniter(Object(CodeIgniter\CodeIgniter))
10 FCPATH/index.php(56): CodeIgniter\Boot::bootWeb(Object(Config\Paths))
WARNING - 2024-08-29 23:04:13 --> [DEPRECATED] Function strftime() is deprecated in APPPATH/Views/commons_app/navbarleft.php on line 13.
 1 SYSTEMPATH/View/View.php(234): include('/var/www/html/sigeo/app/Views/commons_app/navbarleft.php')
 2 SYSTEMPATH/View/View.php(237): CodeIgniter\View\View->CodeIgniter\View\{closure}()
 3 SYSTEMPATH/Common.php(1171): CodeIgniter\View\View->render('commons_app/navbarleft', [], true)
 4 APPPATH/Controllers/Aplicativo.php(34): view('commons_app/navbarleft', [...])
 5 SYSTEMPATH/CodeIgniter.php(933): App\Controllers\Aplicativo->index()
 6 SYSTEMPATH/CodeIgniter.php(509): CodeIgniter\CodeIgniter->runController(Object(App\Controllers\Aplicativo))
 7 SYSTEMPATH/CodeIgniter.php(355): CodeIgniter\CodeIgniter->handleRequest(null, Object(Config\Cache), false)
 8 SYSTEMPATH/Boot.php(312): CodeIgniter\CodeIgniter->run()
 9 SYSTEMPATH/Boot.php(67): CodeIgniter\Boot::runCodeIgniter(Object(CodeIgniter\CodeIgniter))
10 FCPATH/index.php(56): CodeIgniter\Boot::bootWeb(Object(Config\Paths))
WARNING - 2024-08-29 23:04:41 --> [DEPRECATED] Function strftime() is deprecated in APPPATH/Views/commons_app/navbarleft.php on line 13.
 1 SYSTEMPATH/View/View.php(234): include('/var/www/html/sigeo/app/Views/commons_app/navbarleft.php')
 2 SYSTEMPATH/View/View.php(237): CodeIgniter\View\View->CodeIgniter\View\{closure}()
 3 SYSTEMPATH/Common.php(1171): CodeIgniter\View\View->render('commons_app/navbarleft', [], true)
 4 APPPATH/Controllers/Aplicativo.php(34): view('commons_app/navbarleft', [...])
 5 SYSTEMPATH/CodeIgniter.php(933): App\Controllers\Aplicativo->index()
 6 SYSTEMPATH/CodeIgniter.php(509): CodeIgniter\CodeIgniter->runController(Object(App\Controllers\Aplicativo))
 7 SYSTEMPATH/CodeIgniter.php(355): CodeIgniter\CodeIgniter->handleRequest(null, Object(Config\Cache), false)
 8 SYSTEMPATH/Boot.php(312): CodeIgniter\CodeIgniter->run()
 9 SYSTEMPATH/Boot.php(67): CodeIgniter\Boot::runCodeIgniter(Object(CodeIgniter\CodeIgniter))
10 FCPATH/index.php(56): CodeIgniter\Boot::bootWeb(Object(Config\Paths))
WARNING - 2024-08-29 23:04:47 --> [DEPRECATED] Function strftime() is deprecated in APPPATH/Views/commons_app/navbarleft.php on line 13.
 1 SYSTEMPATH/View/View.php(234): include('/var/www/html/sigeo/app/Views/commons_app/navbarleft.php')
 2 SYSTEMPATH/View/View.php(237): CodeIgniter\View\View->CodeIgniter\View\{closure}()
 3 SYSTEMPATH/Common.php(1171): CodeIgniter\View\View->render('commons_app/navbarleft', [], true)
 4 APPPATH/Controllers/Aplicativo.php(34): view('commons_app/navbarleft', [...])
 5 SYSTEMPATH/CodeIgniter.php(933): App\Controllers\Aplicativo->index()
 6 SYSTEMPATH/CodeIgniter.php(509): CodeIgniter\CodeIgniter->runController(Object(App\Controllers\Aplicativo))
 7 SYSTEMPATH/CodeIgniter.php(355): CodeIgniter\CodeIgniter->handleRequest(null, Object(Config\Cache), false)
 8 SYSTEMPATH/Boot.php(312): CodeIgniter\CodeIgniter->run()
 9 SYSTEMPATH/Boot.php(67): CodeIgniter\Boot::runCodeIgniter(Object(CodeIgniter\CodeIgniter))
10 FCPATH/index.php(56): CodeIgniter\Boot::bootWeb(Object(Config\Paths))
WARNING - 2024-08-29 23:05:22 --> [DEPRECATED] Function strftime() is deprecated in APPPATH/Views/commons_app/navbarleft.php on line 13.
 1 SYSTEMPATH/View/View.php(234): include('/var/www/html/sigeo/app/Views/commons_app/navbarleft.php')
 2 SYSTEMPATH/View/View.php(237): CodeIgniter\View\View->CodeIgniter\View\{closure}()
 3 SYSTEMPATH/Common.php(1171): CodeIgniter\View\View->render('commons_app/navbarleft', [], true)
 4 APPPATH/Controllers/Aplicativo.php(34): view('commons_app/navbarleft', [...])
 5 SYSTEMPATH/CodeIgniter.php(933): App\Controllers\Aplicativo->index()
 6 SYSTEMPATH/CodeIgniter.php(509): CodeIgniter\CodeIgniter->runController(Object(App\Controllers\Aplicativo))
 7 SYSTEMPATH/CodeIgniter.php(355): CodeIgniter\CodeIgniter->handleRequest(null, Object(Config\Cache), false)
 8 SYSTEMPATH/Boot.php(312): CodeIgniter\CodeIgniter->run()
 9 SYSTEMPATH/Boot.php(67): CodeIgniter\Boot::runCodeIgniter(Object(CodeIgniter\CodeIgniter))
10 FCPATH/index.php(56): CodeIgniter\Boot::bootWeb(Object(Config\Paths))
WARNING - 2024-08-29 23:05:34 --> [DEPRECATED] Function strftime() is deprecated in APPPATH/Views/commons_app/navbarleft.php on line 13.
 1 SYSTEMPATH/View/View.php(234): include('/var/www/html/sigeo/app/Views/commons_app/navbarleft.php')
 2 SYSTEMPATH/View/View.php(237): CodeIgniter\View\View->CodeIgniter\View\{closure}()
 3 SYSTEMPATH/Common.php(1171): CodeIgniter\View\View->render('commons_app/navbarleft', [], true)
 4 APPPATH/Controllers/Aplicativo.php(34): view('commons_app/navbarleft', [...])
 5 SYSTEMPATH/CodeIgniter.php(933): App\Controllers\Aplicativo->index()
 6 SYSTEMPATH/CodeIgniter.php(509): CodeIgniter\CodeIgniter->runController(Object(App\Controllers\Aplicativo))
 7 SYSTEMPATH/CodeIgniter.php(355): CodeIgniter\CodeIgniter->handleRequest(null, Object(Config\Cache), false)
 8 SYSTEMPATH/Boot.php(312): CodeIgniter\CodeIgniter->run()
 9 SYSTEMPATH/Boot.php(67): CodeIgniter\Boot::runCodeIgniter(Object(CodeIgniter\CodeIgniter))
10 FCPATH/index.php(56): CodeIgniter\Boot::bootWeb(Object(Config\Paths))
WARNING - 2024-08-29 23:05:48 --> [DEPRECATED] Function strftime() is deprecated in APPPATH/Views/commons_app/navbarleft.php on line 13.
 1 SYSTEMPATH/View/View.php(234): include('/var/www/html/sigeo/app/Views/commons_app/navbarleft.php')
 2 SYSTEMPATH/View/View.php(237): CodeIgniter\View\View->CodeIgniter\View\{closure}()
 3 SYSTEMPATH/Common.php(1171): CodeIgniter\View\View->render('commons_app/navbarleft', [], true)
 4 APPPATH/Controllers/Aplicativo.php(34): view('commons_app/navbarleft', [...])
 5 SYSTEMPATH/CodeIgniter.php(933): App\Controllers\Aplicativo->index()
 6 SYSTEMPATH/CodeIgniter.php(509): CodeIgniter\CodeIgniter->runController(Object(App\Controllers\Aplicativo))
 7 SYSTEMPATH/CodeIgniter.php(355): CodeIgniter\CodeIgniter->handleRequest(null, Object(Config\Cache), false)
 8 SYSTEMPATH/Boot.php(312): CodeIgniter\CodeIgniter->run()
 9 SYSTEMPATH/Boot.php(67): CodeIgniter\Boot::runCodeIgniter(Object(CodeIgniter\CodeIgniter))
10 FCPATH/index.php(56): CodeIgniter\Boot::bootWeb(Object(Config\Paths))
WARNING - 2024-08-29 23:06:05 --> [DEPRECATED] Function strftime() is deprecated in APPPATH/Views/commons_app/navbarleft.php on line 13.
 1 SYSTEMPATH/View/View.php(234): include('/var/www/html/sigeo/app/Views/commons_app/navbarleft.php')
 2 SYSTEMPATH/View/View.php(237): CodeIgniter\View\View->CodeIgniter\View\{closure}()
 3 SYSTEMPATH/Common.php(1171): CodeIgniter\View\View->render('commons_app/navbarleft', [], true)
 4 APPPATH/Controllers/Aplicativo.php(34): view('commons_app/navbarleft', [...])
 5 SYSTEMPATH/CodeIgniter.php(933): App\Controllers\Aplicativo->index()
 6 SYSTEMPATH/CodeIgniter.php(509): CodeIgniter\CodeIgniter->runController(Object(App\Controllers\Aplicativo))
 7 SYSTEMPATH/CodeIgniter.php(355): CodeIgniter\CodeIgniter->handleRequest(null, Object(Config\Cache), false)
 8 SYSTEMPATH/Boot.php(312): CodeIgniter\CodeIgniter->run()
 9 SYSTEMPATH/Boot.php(67): CodeIgniter\Boot::runCodeIgniter(Object(CodeIgniter\CodeIgniter))
10 FCPATH/index.php(56): CodeIgniter\Boot::bootWeb(Object(Config\Paths))
WARNING - 2024-08-29 23:06:57 --> [DEPRECATED] Function strftime() is deprecated in APPPATH/Views/commons_app/navbarleft.php on line 13.
 1 SYSTEMPATH/View/View.php(234): include('/var/www/html/sigeo/app/Views/commons_app/navbarleft.php')
 2 SYSTEMPATH/View/View.php(237): CodeIgniter\View\View->CodeIgniter\View\{closure}()
 3 SYSTEMPATH/Common.php(1171): CodeIgniter\View\View->render('commons_app/navbarleft', [], true)
 4 APPPATH/Controllers/Aplicativo.php(34): view('commons_app/navbarleft', [...])
 5 SYSTEMPATH/CodeIgniter.php(933): App\Controllers\Aplicativo->index()
 6 SYSTEMPATH/CodeIgniter.php(509): CodeIgniter\CodeIgniter->runController(Object(App\Controllers\Aplicativo))
 7 SYSTEMPATH/CodeIgniter.php(355): CodeIgniter\CodeIgniter->handleRequest(null, Object(Config\Cache), false)
 8 SYSTEMPATH/Boot.php(312): CodeIgniter\CodeIgniter->run()
 9 SYSTEMPATH/Boot.php(67): CodeIgniter\Boot::runCodeIgniter(Object(CodeIgniter\CodeIgniter))
10 FCPATH/index.php(56): CodeIgniter\Boot::bootWeb(Object(Config\Paths))
WARNING - 2024-08-29 23:07:33 --> [DEPRECATED] Function strftime() is deprecated in APPPATH/Views/commons_app/navbarleft.php on line 13.
 1 SYSTEMPATH/View/View.php(234): include('/var/www/html/sigeo/app/Views/commons_app/navbarleft.php')
 2 SYSTEMPATH/View/View.php(237): CodeIgniter\View\View->CodeIgniter\View\{closure}()
 3 SYSTEMPATH/Common.php(1171): CodeIgniter\View\View->render('commons_app/navbarleft', [], true)
 4 APPPATH/Controllers/Aplicativo.php(34): view('commons_app/navbarleft', [...])
 5 SYSTEMPATH/CodeIgniter.php(933): App\Controllers\Aplicativo->index()
 6 SYSTEMPATH/CodeIgniter.php(509): CodeIgniter\CodeIgniter->runController(Object(App\Controllers\Aplicativo))
 7 SYSTEMPATH/CodeIgniter.php(355): CodeIgniter\CodeIgniter->handleRequest(null, Object(Config\Cache), false)
 8 SYSTEMPATH/Boot.php(312): CodeIgniter\CodeIgniter->run()
 9 SYSTEMPATH/Boot.php(67): CodeIgniter\Boot::runCodeIgniter(Object(CodeIgniter\CodeIgniter))
10 FCPATH/index.php(56): CodeIgniter\Boot::bootWeb(Object(Config\Paths))
WARNING - 2024-08-29 23:07:39 --> [DEPRECATED] Function strftime() is deprecated in APPPATH/Views/commons_app/navbarleft.php on line 13.
 1 SYSTEMPATH/View/View.php(234): include('/var/www/html/sigeo/app/Views/commons_app/navbarleft.php')
 2 SYSTEMPATH/View/View.php(237): CodeIgniter\View\View->CodeIgniter\View\{closure}()
 3 SYSTEMPATH/Common.php(1171): CodeIgniter\View\View->render('commons_app/navbarleft', [], true)
 4 APPPATH/Controllers/Aplicativo.php(34): view('commons_app/navbarleft', [...])
 5 SYSTEMPATH/CodeIgniter.php(933): App\Controllers\Aplicativo->index()
 6 SYSTEMPATH/CodeIgniter.php(509): CodeIgniter\CodeIgniter->runController(Object(App\Controllers\Aplicativo))
 7 SYSTEMPATH/CodeIgniter.php(355): CodeIgniter\CodeIgniter->handleRequest(null, Object(Config\Cache), false)
 8 SYSTEMPATH/Boot.php(312): CodeIgniter\CodeIgniter->run()
 9 SYSTEMPATH/Boot.php(67): CodeIgniter\Boot::runCodeIgniter(Object(CodeIgniter\CodeIgniter))
10 FCPATH/index.php(56): CodeIgniter\Boot::bootWeb(Object(Config\Paths))
WARNING - 2024-08-29 23:07:46 --> [DEPRECATED] Function strftime() is deprecated in APPPATH/Views/commons_app/navbarleft.php on line 13.
 1 SYSTEMPATH/View/View.php(234): include('/var/www/html/sigeo/app/Views/commons_app/navbarleft.php')
 2 SYSTEMPATH/View/View.php(237): CodeIgniter\View\View->CodeIgniter\View\{closure}()
 3 SYSTEMPATH/Common.php(1171): CodeIgniter\View\View->render('commons_app/navbarleft', [], true)
 4 APPPATH/Controllers/Aplicativo.php(34): view('commons_app/navbarleft', [...])
 5 SYSTEMPATH/CodeIgniter.php(933): App\Controllers\Aplicativo->index()
 6 SYSTEMPATH/CodeIgniter.php(509): CodeIgniter\CodeIgniter->runController(Object(App\Controllers\Aplicativo))
 7 SYSTEMPATH/CodeIgniter.php(355): CodeIgniter\CodeIgniter->handleRequest(null, Object(Config\Cache), false)
 8 SYSTEMPATH/Boot.php(312): CodeIgniter\CodeIgniter->run()
 9 SYSTEMPATH/Boot.php(67): CodeIgniter\Boot::runCodeIgniter(Object(CodeIgniter\CodeIgniter))
10 FCPATH/index.php(56): CodeIgniter\Boot::bootWeb(Object(Config\Paths))
WARNING - 2024-08-29 23:09:09 --> [DEPRECATED] Function strftime() is deprecated in APPPATH/Views/commons_app/navbarleft.php on line 13.
 1 SYSTEMPATH/View/View.php(234): include('/var/www/html/sigeo/app/Views/commons_app/navbarleft.php')
 2 SYSTEMPATH/View/View.php(237): CodeIgniter\View\View->CodeIgniter\View\{closure}()
 3 SYSTEMPATH/Common.php(1171): CodeIgniter\View\View->render('commons_app/navbarleft', [], true)
 4 APPPATH/Controllers/Aplicativo.php(34): view('commons_app/navbarleft', [...])
 5 SYSTEMPATH/CodeIgniter.php(933): App\Controllers\Aplicativo->index()
 6 SYSTEMPATH/CodeIgniter.php(509): CodeIgniter\CodeIgniter->runController(Object(App\Controllers\Aplicativo))
 7 SYSTEMPATH/CodeIgniter.php(355): CodeIgniter\CodeIgniter->handleRequest(null, Object(Config\Cache), false)
 8 SYSTEMPATH/Boot.php(312): CodeIgniter\CodeIgniter->run()
 9 SYSTEMPATH/Boot.php(67): CodeIgniter\Boot::runCodeIgniter(Object(CodeIgniter\CodeIgniter))
10 FCPATH/index.php(56): CodeIgniter\Boot::bootWeb(Object(Config\Paths))
WARNING - 2024-08-29 23:09:28 --> [DEPRECATED] Function strftime() is deprecated in APPPATH/Views/commons_app/navbarleft.php on line 13.
 1 SYSTEMPATH/View/View.php(234): include('/var/www/html/sigeo/app/Views/commons_app/navbarleft.php')
 2 SYSTEMPATH/View/View.php(237): CodeIgniter\View\View->CodeIgniter\View\{closure}()
 3 SYSTEMPATH/Common.php(1171): CodeIgniter\View\View->render('commons_app/navbarleft', [], true)
 4 APPPATH/Controllers/Aplicativo.php(34): view('commons_app/navbarleft', [...])
 5 SYSTEMPATH/CodeIgniter.php(933): App\Controllers\Aplicativo->index()
 6 SYSTEMPATH/CodeIgniter.php(509): CodeIgniter\CodeIgniter->runController(Object(App\Controllers\Aplicativo))
 7 SYSTEMPATH/CodeIgniter.php(355): CodeIgniter\CodeIgniter->handleRequest(null, Object(Config\Cache), false)
 8 SYSTEMPATH/Boot.php(312): CodeIgniter\CodeIgniter->run()
 9 SYSTEMPATH/Boot.php(67): CodeIgniter\Boot::runCodeIgniter(Object(CodeIgniter\CodeIgniter))
10 FCPATH/index.php(56): CodeIgniter\Boot::bootWeb(Object(Config\Paths))
WARNING - 2024-08-29 23:09:43 --> [DEPRECATED] Function strftime() is deprecated in APPPATH/Views/commons_app/navbarleft.php on line 13.
 1 SYSTEMPATH/View/View.php(234): include('/var/www/html/sigeo/app/Views/commons_app/navbarleft.php')
 2 SYSTEMPATH/View/View.php(237): CodeIgniter\View\View->CodeIgniter\View\{closure}()
 3 SYSTEMPATH/Common.php(1171): CodeIgniter\View\View->render('commons_app/navbarleft', [], true)
 4 APPPATH/Controllers/Aplicativo.php(34): view('commons_app/navbarleft', [...])
 5 SYSTEMPATH/CodeIgniter.php(933): App\Controllers\Aplicativo->index()
 6 SYSTEMPATH/CodeIgniter.php(509): CodeIgniter\CodeIgniter->runController(Object(App\Controllers\Aplicativo))
 7 SYSTEMPATH/CodeIgniter.php(355): CodeIgniter\CodeIgniter->handleRequest(null, Object(Config\Cache), false)
 8 SYSTEMPATH/Boot.php(312): CodeIgniter\CodeIgniter->run()
 9 SYSTEMPATH/Boot.php(67): CodeIgniter\Boot::runCodeIgniter(Object(CodeIgniter\CodeIgniter))
10 FCPATH/index.php(56): CodeIgniter\Boot::bootWeb(Object(Config\Paths))
WARNING - 2024-08-29 23:09:53 --> [DEPRECATED] Function strftime() is deprecated in APPPATH/Views/commons_app/navbarleft.php on line 13.
 1 SYSTEMPATH/View/View.php(234): include('/var/www/html/sigeo/app/Views/commons_app/navbarleft.php')
 2 SYSTEMPATH/View/View.php(237): CodeIgniter\View\View->CodeIgniter\View\{closure}()
 3 SYSTEMPATH/Common.php(1171): CodeIgniter\View\View->render('commons_app/navbarleft', [], true)
 4 APPPATH/Controllers/Aplicativo.php(34): view('commons_app/navbarleft', [...])
 5 SYSTEMPATH/CodeIgniter.php(933): App\Controllers\Aplicativo->index()
 6 SYSTEMPATH/CodeIgniter.php(509): CodeIgniter\CodeIgniter->runController(Object(App\Controllers\Aplicativo))
 7 SYSTEMPATH/CodeIgniter.php(355): CodeIgniter\CodeIgniter->handleRequest(null, Object(Config\Cache), false)
 8 SYSTEMPATH/Boot.php(312): CodeIgniter\CodeIgniter->run()
 9 SYSTEMPATH/Boot.php(67): CodeIgniter\Boot::runCodeIgniter(Object(CodeIgniter\CodeIgniter))
10 FCPATH/index.php(56): CodeIgniter\Boot::bootWeb(Object(Config\Paths))
WARNING - 2024-08-29 23:10:11 --> [DEPRECATED] Function strftime() is deprecated in APPPATH/Views/commons_app/navbarleft.php on line 13.
 1 SYSTEMPATH/View/View.php(234): include('/var/www/html/sigeo/app/Views/commons_app/navbarleft.php')
 2 SYSTEMPATH/View/View.php(237): CodeIgniter\View\View->CodeIgniter\View\{closure}()
 3 SYSTEMPATH/Common.php(1171): CodeIgniter\View\View->render('commons_app/navbarleft', [], true)
 4 APPPATH/Controllers/Aplicativo.php(34): view('commons_app/navbarleft', [...])
 5 SYSTEMPATH/CodeIgniter.php(933): App\Controllers\Aplicativo->index()
 6 SYSTEMPATH/CodeIgniter.php(509): CodeIgniter\CodeIgniter->runController(Object(App\Controllers\Aplicativo))
 7 SYSTEMPATH/CodeIgniter.php(355): CodeIgniter\CodeIgniter->handleRequest(null, Object(Config\Cache), false)
 8 SYSTEMPATH/Boot.php(312): CodeIgniter\CodeIgniter->run()
 9 SYSTEMPATH/Boot.php(67): CodeIgniter\Boot::runCodeIgniter(Object(CodeIgniter\CodeIgniter))
10 FCPATH/index.php(56): CodeIgniter\Boot::bootWeb(Object(Config\Paths))
WARNING - 2024-08-29 23:10:34 --> [DEPRECATED] Function strftime() is deprecated in APPPATH/Views/commons_app/navbarleft.php on line 13.
 1 SYSTEMPATH/View/View.php(234): include('/var/www/html/sigeo/app/Views/commons_app/navbarleft.php')
 2 SYSTEMPATH/View/View.php(237): CodeIgniter\View\View->CodeIgniter\View\{closure}()
 3 SYSTEMPATH/Common.php(1171): CodeIgniter\View\View->render('commons_app/navbarleft', [], true)
 4 APPPATH/Controllers/Aplicativo.php(34): view('commons_app/navbarleft', [...])
 5 SYSTEMPATH/CodeIgniter.php(933): App\Controllers\Aplicativo->index()
 6 SYSTEMPATH/CodeIgniter.php(509): CodeIgniter\CodeIgniter->runController(Object(App\Controllers\Aplicativo))
 7 SYSTEMPATH/CodeIgniter.php(355): CodeIgniter\CodeIgniter->handleRequest(null, Object(Config\Cache), false)
 8 SYSTEMPATH/Boot.php(312): CodeIgniter\CodeIgniter->run()
 9 SYSTEMPATH/Boot.php(67): CodeIgniter\Boot::runCodeIgniter(Object(CodeIgniter\CodeIgniter))
10 FCPATH/index.php(56): CodeIgniter\Boot::bootWeb(Object(Config\Paths))
WARNING - 2024-08-29 23:12:25 --> [DEPRECATED] Function strftime() is deprecated in APPPATH/Views/commons_app/navbarleft.php on line 13.
 1 SYSTEMPATH/View/View.php(234): include('/var/www/html/sigeo/app/Views/commons_app/navbarleft.php')
 2 SYSTEMPATH/View/View.php(237): CodeIgniter\View\View->CodeIgniter\View\{closure}()
 3 SYSTEMPATH/Common.php(1171): CodeIgniter\View\View->render('commons_app/navbarleft', [], true)
 4 APPPATH/Controllers/Aplicativo.php(34): view('commons_app/navbarleft', [...])
 5 SYSTEMPATH/CodeIgniter.php(933): App\Controllers\Aplicativo->index()
 6 SYSTEMPATH/CodeIgniter.php(509): CodeIgniter\CodeIgniter->runController(Object(App\Controllers\Aplicativo))
 7 SYSTEMPATH/CodeIgniter.php(355): CodeIgniter\CodeIgniter->handleRequest(null, Object(Config\Cache), false)
 8 SYSTEMPATH/Boot.php(312): CodeIgniter\CodeIgniter->run()
 9 SYSTEMPATH/Boot.php(67): CodeIgniter\Boot::runCodeIgniter(Object(CodeIgniter\CodeIgniter))
10 FCPATH/index.php(56): CodeIgniter\Boot::bootWeb(Object(Config\Paths))
WARNING - 2024-08-29 23:12:43 --> [DEPRECATED] Function strftime() is deprecated in APPPATH/Views/commons_app/navbarleft.php on line 13.
 1 SYSTEMPATH/View/View.php(234): include('/var/www/html/sigeo/app/Views/commons_app/navbarleft.php')
 2 SYSTEMPATH/View/View.php(237): CodeIgniter\View\View->CodeIgniter\View\{closure}()
 3 SYSTEMPATH/Common.php(1171): CodeIgniter\View\View->render('commons_app/navbarleft', [], true)
 4 APPPATH/Controllers/Aplicativo.php(34): view('commons_app/navbarleft', [...])
 5 SYSTEMPATH/CodeIgniter.php(933): App\Controllers\Aplicativo->index()
 6 SYSTEMPATH/CodeIgniter.php(509): CodeIgniter\CodeIgniter->runController(Object(App\Controllers\Aplicativo))
 7 SYSTEMPATH/CodeIgniter.php(355): CodeIgniter\CodeIgniter->handleRequest(null, Object(Config\Cache), false)
 8 SYSTEMPATH/Boot.php(312): CodeIgniter\CodeIgniter->run()
 9 SYSTEMPATH/Boot.php(67): CodeIgniter\Boot::runCodeIgniter(Object(CodeIgniter\CodeIgniter))
10 FCPATH/index.php(56): CodeIgniter\Boot::bootWeb(Object(Config\Paths))
WARNING - 2024-08-29 23:19:38 --> [DEPRECATED] Function strftime() is deprecated in APPPATH/Views/commons_app/navbarleft.php on line 13.
 1 SYSTEMPATH/View/View.php(234): include('/var/www/html/sigeo/app/Views/commons_app/navbarleft.php')
 2 SYSTEMPATH/View/View.php(237): CodeIgniter\View\View->CodeIgniter\View\{closure}()
 3 SYSTEMPATH/Common.php(1171): CodeIgniter\View\View->render('commons_app/navbarleft', [], true)
 4 APPPATH/Controllers/Aplicativo.php(34): view('commons_app/navbarleft', [...])
 5 SYSTEMPATH/CodeIgniter.php(933): App\Controllers\Aplicativo->index()
 6 SYSTEMPATH/CodeIgniter.php(509): CodeIgniter\CodeIgniter->runController(Object(App\Controllers\Aplicativo))
 7 SYSTEMPATH/CodeIgniter.php(355): CodeIgniter\CodeIgniter->handleRequest(null, Object(Config\Cache), false)
 8 SYSTEMPATH/Boot.php(312): CodeIgniter\CodeIgniter->run()
 9 SYSTEMPATH/Boot.php(67): CodeIgniter\Boot::runCodeIgniter(Object(CodeIgniter\CodeIgniter))
10 FCPATH/index.php(56): CodeIgniter\Boot::bootWeb(Object(Config\Paths))
WARNING - 2024-08-29 23:24:43 --> [DEPRECATED] Function strftime() is deprecated in APPPATH/Views/commons_app/navbarleft.php on line 13.
 1 SYSTEMPATH/View/View.php(234): include('/var/www/html/sigeo/app/Views/commons_app/navbarleft.php')
 2 SYSTEMPATH/View/View.php(237): CodeIgniter\View\View->CodeIgniter\View\{closure}()
 3 SYSTEMPATH/Common.php(1171): CodeIgniter\View\View->render('commons_app/navbarleft', [], true)
 4 APPPATH/Controllers/Aplicativo.php(34): view('commons_app/navbarleft', [...])
 5 SYSTEMPATH/CodeIgniter.php(933): App\Controllers\Aplicativo->index()
 6 SYSTEMPATH/CodeIgniter.php(509): CodeIgniter\CodeIgniter->runController(Object(App\Controllers\Aplicativo))
 7 SYSTEMPATH/CodeIgniter.php(355): CodeIgniter\CodeIgniter->handleRequest(null, Object(Config\Cache), false)
 8 SYSTEMPATH/Boot.php(312): CodeIgniter\CodeIgniter->run()
 9 SYSTEMPATH/Boot.php(67): CodeIgniter\Boot::runCodeIgniter(Object(CodeIgniter\CodeIgniter))
10 FCPATH/index.php(56): CodeIgniter\Boot::bootWeb(Object(Config\Paths))
WARNING - 2024-08-29 23:25:02 --> [DEPRECATED] Function strftime() is deprecated in APPPATH/Views/commons_app/navbarleft.php on line 13.
 1 SYSTEMPATH/View/View.php(234): include('/var/www/html/sigeo/app/Views/commons_app/navbarleft.php')
 2 SYSTEMPATH/View/View.php(237): CodeIgniter\View\View->CodeIgniter\View\{closure}()
 3 SYSTEMPATH/Common.php(1171): CodeIgniter\View\View->render('commons_app/navbarleft', [], true)
 4 APPPATH/Controllers/Aplicativo.php(34): view('commons_app/navbarleft', [...])
 5 SYSTEMPATH/CodeIgniter.php(933): App\Controllers\Aplicativo->index()
 6 SYSTEMPATH/CodeIgniter.php(509): CodeIgniter\CodeIgniter->runController(Object(App\Controllers\Aplicativo))
 7 SYSTEMPATH/CodeIgniter.php(355): CodeIgniter\CodeIgniter->handleRequest(null, Object(Config\Cache), false)
 8 SYSTEMPATH/Boot.php(312): CodeIgniter\CodeIgniter->run()
 9 SYSTEMPATH/Boot.php(67): CodeIgniter\Boot::runCodeIgniter(Object(CodeIgniter\CodeIgniter))
10 FCPATH/index.php(56): CodeIgniter\Boot::bootWeb(Object(Config\Paths))
WARNING - 2024-08-29 23:25:05 --> [DEPRECATED] Function strftime() is deprecated in APPPATH/Views/commons_app/navbarleft.php on line 13.
 1 SYSTEMPATH/View/View.php(234): include('/var/www/html/sigeo/app/Views/commons_app/navbarleft.php')
 2 SYSTEMPATH/View/View.php(237): CodeIgniter\View\View->CodeIgniter\View\{closure}()
 3 SYSTEMPATH/Common.php(1171): CodeIgniter\View\View->render('commons_app/navbarleft', [], true)
 4 APPPATH/Controllers/Aplicativo.php(34): view('commons_app/navbarleft', [...])
 5 SYSTEMPATH/CodeIgniter.php(933): App\Controllers\Aplicativo->index()
 6 SYSTEMPATH/CodeIgniter.php(509): CodeIgniter\CodeIgniter->runController(Object(App\Controllers\Aplicativo))
 7 SYSTEMPATH/CodeIgniter.php(355): CodeIgniter\CodeIgniter->handleRequest(null, Object(Config\Cache), false)
 8 SYSTEMPATH/Boot.php(312): CodeIgniter\CodeIgniter->run()
 9 SYSTEMPATH/Boot.php(67): CodeIgniter\Boot::runCodeIgniter(Object(CodeIgniter\CodeIgniter))
10 FCPATH/index.php(56): CodeIgniter\Boot::bootWeb(Object(Config\Paths))
WARNING - 2024-08-29 23:25:14 --> [DEPRECATED] Function strftime() is deprecated in APPPATH/Views/commons_app/navbarleft.php on line 13.
 1 SYSTEMPATH/View/View.php(234): include('/var/www/html/sigeo/app/Views/commons_app/navbarleft.php')
 2 SYSTEMPATH/View/View.php(237): CodeIgniter\View\View->CodeIgniter\View\{closure}()
 3 SYSTEMPATH/Common.php(1171): CodeIgniter\View\View->render('commons_app/navbarleft', [], true)
 4 APPPATH/Controllers/Aplicativo.php(34): view('commons_app/navbarleft', [...])
 5 SYSTEMPATH/CodeIgniter.php(933): App\Controllers\Aplicativo->index()
 6 SYSTEMPATH/CodeIgniter.php(509): CodeIgniter\CodeIgniter->runController(Object(App\Controllers\Aplicativo))
 7 SYSTEMPATH/CodeIgniter.php(355): CodeIgniter\CodeIgniter->handleRequest(null, Object(Config\Cache), false)
 8 SYSTEMPATH/Boot.php(312): CodeIgniter\CodeIgniter->run()
 9 SYSTEMPATH/Boot.php(67): CodeIgniter\Boot::runCodeIgniter(Object(CodeIgniter\CodeIgniter))
10 FCPATH/index.php(56): CodeIgniter\Boot::bootWeb(Object(Config\Paths))
WARNING - 2024-08-29 23:25:29 --> [DEPRECATED] Function strftime() is deprecated in APPPATH/Views/commons_app/navbarleft.php on line 13.
 1 SYSTEMPATH/View/View.php(234): include('/var/www/html/sigeo/app/Views/commons_app/navbarleft.php')
 2 SYSTEMPATH/View/View.php(237): CodeIgniter\View\View->CodeIgniter\View\{closure}()
 3 SYSTEMPATH/Common.php(1171): CodeIgniter\View\View->render('commons_app/navbarleft', [], true)
 4 APPPATH/Controllers/Aplicativo.php(34): view('commons_app/navbarleft', [...])
 5 SYSTEMPATH/CodeIgniter.php(933): App\Controllers\Aplicativo->index()
 6 SYSTEMPATH/CodeIgniter.php(509): CodeIgniter\CodeIgniter->runController(Object(App\Controllers\Aplicativo))
 7 SYSTEMPATH/CodeIgniter.php(355): CodeIgniter\CodeIgniter->handleRequest(null, Object(Config\Cache), false)
 8 SYSTEMPATH/Boot.php(312): CodeIgniter\CodeIgniter->run()
 9 SYSTEMPATH/Boot.php(67): CodeIgniter\Boot::runCodeIgniter(Object(CodeIgniter\CodeIgniter))
10 FCPATH/index.php(56): CodeIgniter\Boot::bootWeb(Object(Config\Paths))
WARNING - 2024-08-29 23:25:58 --> [DEPRECATED] Function strftime() is deprecated in APPPATH/Views/commons_app/navbarleft.php on line 13.
 1 SYSTEMPATH/View/View.php(234): include('/var/www/html/sigeo/app/Views/commons_app/navbarleft.php')
 2 SYSTEMPATH/View/View.php(237): CodeIgniter\View\View->CodeIgniter\View\{closure}()
 3 SYSTEMPATH/Common.php(1171): CodeIgniter\View\View->render('commons_app/navbarleft', [], true)
 4 APPPATH/Controllers/Aplicativo.php(34): view('commons_app/navbarleft', [...])
 5 SYSTEMPATH/CodeIgniter.php(933): App\Controllers\Aplicativo->index()
 6 SYSTEMPATH/CodeIgniter.php(509): CodeIgniter\CodeIgniter->runController(Object(App\Controllers\Aplicativo))
 7 SYSTEMPATH/CodeIgniter.php(355): CodeIgniter\CodeIgniter->handleRequest(null, Object(Config\Cache), false)
 8 SYSTEMPATH/Boot.php(312): CodeIgniter\CodeIgniter->run()
 9 SYSTEMPATH/Boot.php(67): CodeIgniter\Boot::runCodeIgniter(Object(CodeIgniter\CodeIgniter))
10 FCPATH/index.php(56): CodeIgniter\Boot::bootWeb(Object(Config\Paths))
WARNING - 2024-08-29 23:26:16 --> [DEPRECATED] Function strftime() is deprecated in APPPATH/Views/commons_app/navbarleft.php on line 13.
 1 SYSTEMPATH/View/View.php(234): include('/var/www/html/sigeo/app/Views/commons_app/navbarleft.php')
 2 SYSTEMPATH/View/View.php(237): CodeIgniter\View\View->CodeIgniter\View\{closure}()
 3 SYSTEMPATH/Common.php(1171): CodeIgniter\View\View->render('commons_app/navbarleft', [], true)
 4 APPPATH/Controllers/Aplicativo.php(34): view('commons_app/navbarleft', [...])
 5 SYSTEMPATH/CodeIgniter.php(933): App\Controllers\Aplicativo->index()
 6 SYSTEMPATH/CodeIgniter.php(509): CodeIgniter\CodeIgniter->runController(Object(App\Controllers\Aplicativo))
 7 SYSTEMPATH/CodeIgniter.php(355): CodeIgniter\CodeIgniter->handleRequest(null, Object(Config\Cache), false)
 8 SYSTEMPATH/Boot.php(312): CodeIgniter\CodeIgniter->run()
 9 SYSTEMPATH/Boot.php(67): CodeIgniter\Boot::runCodeIgniter(Object(CodeIgniter\CodeIgniter))
10 FCPATH/index.php(56): CodeIgniter\Boot::bootWeb(Object(Config\Paths))
WARNING - 2024-08-29 23:26:47 --> [DEPRECATED] Function strftime() is deprecated in APPPATH/Views/commons_app/navbarleft.php on line 13.
 1 SYSTEMPATH/View/View.php(234): include('/var/www/html/sigeo/app/Views/commons_app/navbarleft.php')
 2 SYSTEMPATH/View/View.php(237): CodeIgniter\View\View->CodeIgniter\View\{closure}()
 3 SYSTEMPATH/Common.php(1171): CodeIgniter\View\View->render('commons_app/navbarleft', [], true)
 4 APPPATH/Controllers/Aplicativo.php(34): view('commons_app/navbarleft', [...])
 5 SYSTEMPATH/CodeIgniter.php(933): App\Controllers\Aplicativo->index()
 6 SYSTEMPATH/CodeIgniter.php(509): CodeIgniter\CodeIgniter->runController(Object(App\Controllers\Aplicativo))
 7 SYSTEMPATH/CodeIgniter.php(355): CodeIgniter\CodeIgniter->handleRequest(null, Object(Config\Cache), false)
 8 SYSTEMPATH/Boot.php(312): CodeIgniter\CodeIgniter->run()
 9 SYSTEMPATH/Boot.php(67): CodeIgniter\Boot::runCodeIgniter(Object(CodeIgniter\CodeIgniter))
10 FCPATH/index.php(56): CodeIgniter\Boot::bootWeb(Object(Config\Paths))
WARNING - 2024-08-29 23:27:53 --> [DEPRECATED] Function strftime() is deprecated in APPPATH/Views/commons_app/navbarleft.php on line 13.
 1 SYSTEMPATH/View/View.php(234): include('/var/www/html/sigeo/app/Views/commons_app/navbarleft.php')
 2 SYSTEMPATH/View/View.php(237): CodeIgniter\View\View->CodeIgniter\View\{closure}()
 3 SYSTEMPATH/Common.php(1171): CodeIgniter\View\View->render('commons_app/navbarleft', [], true)
 4 APPPATH/Controllers/Aplicativo.php(34): view('commons_app/navbarleft', [...])
 5 SYSTEMPATH/CodeIgniter.php(933): App\Controllers\Aplicativo->index()
 6 SYSTEMPATH/CodeIgniter.php(509): CodeIgniter\CodeIgniter->runController(Object(App\Controllers\Aplicativo))
 7 SYSTEMPATH/CodeIgniter.php(355): CodeIgniter\CodeIgniter->handleRequest(null, Object(Config\Cache), false)
 8 SYSTEMPATH/Boot.php(312): CodeIgniter\CodeIgniter->run()
 9 SYSTEMPATH/Boot.php(67): CodeIgniter\Boot::runCodeIgniter(Object(CodeIgniter\CodeIgniter))
10 FCPATH/index.php(56): CodeIgniter\Boot::bootWeb(Object(Config\Paths))
WARNING - 2024-08-29 23:28:17 --> [DEPRECATED] Function strftime() is deprecated in APPPATH/Views/commons_app/navbarleft.php on line 13.
 1 SYSTEMPATH/View/View.php(234): include('/var/www/html/sigeo/app/Views/commons_app/navbarleft.php')
 2 SYSTEMPATH/View/View.php(237): CodeIgniter\View\View->CodeIgniter\View\{closure}()
 3 SYSTEMPATH/Common.php(1171): CodeIgniter\View\View->render('commons_app/navbarleft', [], true)
 4 APPPATH/Controllers/Aplicativo.php(34): view('commons_app/navbarleft', [...])
 5 SYSTEMPATH/CodeIgniter.php(933): App\Controllers\Aplicativo->index()
 6 SYSTEMPATH/CodeIgniter.php(509): CodeIgniter\CodeIgniter->runController(Object(App\Controllers\Aplicativo))
 7 SYSTEMPATH/CodeIgniter.php(355): CodeIgniter\CodeIgniter->handleRequest(null, Object(Config\Cache), false)
 8 SYSTEMPATH/Boot.php(312): CodeIgniter\CodeIgniter->run()
 9 SYSTEMPATH/Boot.php(67): CodeIgniter\Boot::runCodeIgniter(Object(CodeIgniter\CodeIgniter))
10 FCPATH/index.php(56): CodeIgniter\Boot::bootWeb(Object(Config\Paths))
WARNING - 2024-08-29 23:29:05 --> [DEPRECATED] Function strftime() is deprecated in APPPATH/Views/commons_app/navbarleft.php on line 13.
 1 SYSTEMPATH/View/View.php(234): include('/var/www/html/sigeo/app/Views/commons_app/navbarleft.php')
 2 SYSTEMPATH/View/View.php(237): CodeIgniter\View\View->CodeIgniter\View\{closure}()
 3 SYSTEMPATH/Common.php(1171): CodeIgniter\View\View->render('commons_app/navbarleft', [], true)
 4 APPPATH/Controllers/Aplicativo.php(34): view('commons_app/navbarleft', [...])
 5 SYSTEMPATH/CodeIgniter.php(933): App\Controllers\Aplicativo->index()
 6 SYSTEMPATH/CodeIgniter.php(509): CodeIgniter\CodeIgniter->runController(Object(App\Controllers\Aplicativo))
 7 SYSTEMPATH/CodeIgniter.php(355): CodeIgniter\CodeIgniter->handleRequest(null, Object(Config\Cache), false)
 8 SYSTEMPATH/Boot.php(312): CodeIgniter\CodeIgniter->run()
 9 SYSTEMPATH/Boot.php(67): CodeIgniter\Boot::runCodeIgniter(Object(CodeIgniter\CodeIgniter))
10 FCPATH/index.php(56): CodeIgniter\Boot::bootWeb(Object(Config\Paths))
WARNING - 2024-08-29 23:29:22 --> [DEPRECATED] Function strftime() is deprecated in APPPATH/Views/commons_app/navbarleft.php on line 13.
 1 SYSTEMPATH/View/View.php(234): include('/var/www/html/sigeo/app/Views/commons_app/navbarleft.php')
 2 SYSTEMPATH/View/View.php(237): CodeIgniter\View\View->CodeIgniter\View\{closure}()
 3 SYSTEMPATH/Common.php(1171): CodeIgniter\View\View->render('commons_app/navbarleft', [], true)
 4 APPPATH/Controllers/Aplicativo.php(34): view('commons_app/navbarleft', [...])
 5 SYSTEMPATH/CodeIgniter.php(933): App\Controllers\Aplicativo->index()
 6 SYSTEMPATH/CodeIgniter.php(509): CodeIgniter\CodeIgniter->runController(Object(App\Controllers\Aplicativo))
 7 SYSTEMPATH/CodeIgniter.php(355): CodeIgniter\CodeIgniter->handleRequest(null, Object(Config\Cache), false)
 8 SYSTEMPATH/Boot.php(312): CodeIgniter\CodeIgniter->run()
 9 SYSTEMPATH/Boot.php(67): CodeIgniter\Boot::runCodeIgniter(Object(CodeIgniter\CodeIgniter))
10 FCPATH/index.php(56): CodeIgniter\Boot::bootWeb(Object(Config\Paths))
WARNING - 2024-08-29 23:29:35 --> [DEPRECATED] Function strftime() is deprecated in APPPATH/Views/commons_app/navbarleft.php on line 13.
 1 SYSTEMPATH/View/View.php(234): include('/var/www/html/sigeo/app/Views/commons_app/navbarleft.php')
 2 SYSTEMPATH/View/View.php(237): CodeIgniter\View\View->CodeIgniter\View\{closure}()
 3 SYSTEMPATH/Common.php(1171): CodeIgniter\View\View->render('commons_app/navbarleft', [], true)
 4 APPPATH/Controllers/Aplicativo.php(34): view('commons_app/navbarleft', [...])
 5 SYSTEMPATH/CodeIgniter.php(933): App\Controllers\Aplicativo->index()
 6 SYSTEMPATH/CodeIgniter.php(509): CodeIgniter\CodeIgniter->runController(Object(App\Controllers\Aplicativo))
 7 SYSTEMPATH/CodeIgniter.php(355): CodeIgniter\CodeIgniter->handleRequest(null, Object(Config\Cache), false)
 8 SYSTEMPATH/Boot.php(312): CodeIgniter\CodeIgniter->run()
 9 SYSTEMPATH/Boot.php(67): CodeIgniter\Boot::runCodeIgniter(Object(CodeIgniter\CodeIgniter))
10 FCPATH/index.php(56): CodeIgniter\Boot::bootWeb(Object(Config\Paths))
WARNING - 2024-08-29 23:29:46 --> [DEPRECATED] Function strftime() is deprecated in APPPATH/Views/commons_app/navbarleft.php on line 13.
 1 SYSTEMPATH/View/View.php(234): include('/var/www/html/sigeo/app/Views/commons_app/navbarleft.php')
 2 SYSTEMPATH/View/View.php(237): CodeIgniter\View\View->CodeIgniter\View\{closure}()
 3 SYSTEMPATH/Common.php(1171): CodeIgniter\View\View->render('commons_app/navbarleft', [], true)
 4 APPPATH/Controllers/Aplicativo.php(34): view('commons_app/navbarleft', [...])
 5 SYSTEMPATH/CodeIgniter.php(933): App\Controllers\Aplicativo->index()
 6 SYSTEMPATH/CodeIgniter.php(509): CodeIgniter\CodeIgniter->runController(Object(App\Controllers\Aplicativo))
 7 SYSTEMPATH/CodeIgniter.php(355): CodeIgniter\CodeIgniter->handleRequest(null, Object(Config\Cache), false)
 8 SYSTEMPATH/Boot.php(312): CodeIgniter\CodeIgniter->run()
 9 SYSTEMPATH/Boot.php(67): CodeIgniter\Boot::runCodeIgniter(Object(CodeIgniter\CodeIgniter))
10 FCPATH/index.php(56): CodeIgniter\Boot::bootWeb(Object(Config\Paths))
WARNING - 2024-08-29 23:30:18 --> [DEPRECATED] Function strftime() is deprecated in APPPATH/Views/commons_app/navbarleft.php on line 13.
 1 SYSTEMPATH/View/View.php(234): include('/var/www/html/sigeo/app/Views/commons_app/navbarleft.php')
 2 SYSTEMPATH/View/View.php(237): CodeIgniter\View\View->CodeIgniter\View\{closure}()
 3 SYSTEMPATH/Common.php(1171): CodeIgniter\View\View->render('commons_app/navbarleft', [], true)
 4 APPPATH/Controllers/Aplicativo.php(34): view('commons_app/navbarleft', [...])
 5 SYSTEMPATH/CodeIgniter.php(933): App\Controllers\Aplicativo->index()
 6 SYSTEMPATH/CodeIgniter.php(509): CodeIgniter\CodeIgniter->runController(Object(App\Controllers\Aplicativo))
 7 SYSTEMPATH/CodeIgniter.php(355): CodeIgniter\CodeIgniter->handleRequest(null, Object(Config\Cache), false)
 8 SYSTEMPATH/Boot.php(312): CodeIgniter\CodeIgniter->run()
 9 SYSTEMPATH/Boot.php(67): CodeIgniter\Boot::runCodeIgniter(Object(CodeIgniter\CodeIgniter))
10 FCPATH/index.php(56): CodeIgniter\Boot::bootWeb(Object(Config\Paths))
WARNING - 2024-08-29 23:30:27 --> [DEPRECATED] Function strftime() is deprecated in APPPATH/Views/commons_app/navbarleft.php on line 13.
 1 SYSTEMPATH/View/View.php(234): include('/var/www/html/sigeo/app/Views/commons_app/navbarleft.php')
 2 SYSTEMPATH/View/View.php(237): CodeIgniter\View\View->CodeIgniter\View\{closure}()
 3 SYSTEMPATH/Common.php(1171): CodeIgniter\View\View->render('commons_app/navbarleft', [], true)
 4 APPPATH/Controllers/Aplicativo.php(34): view('commons_app/navbarleft', [...])
 5 SYSTEMPATH/CodeIgniter.php(933): App\Controllers\Aplicativo->index()
 6 SYSTEMPATH/CodeIgniter.php(509): CodeIgniter\CodeIgniter->runController(Object(App\Controllers\Aplicativo))
 7 SYSTEMPATH/CodeIgniter.php(355): CodeIgniter\CodeIgniter->handleRequest(null, Object(Config\Cache), false)
 8 SYSTEMPATH/Boot.php(312): CodeIgniter\CodeIgniter->run()
 9 SYSTEMPATH/Boot.php(67): CodeIgniter\Boot::runCodeIgniter(Object(CodeIgniter\CodeIgniter))
10 FCPATH/index.php(56): CodeIgniter\Boot::bootWeb(Object(Config\Paths))
WARNING - 2024-08-29 23:30:58 --> [DEPRECATED] Function strftime() is deprecated in APPPATH/Views/commons_app/navbarleft.php on line 13.
 1 SYSTEMPATH/View/View.php(234): include('/var/www/html/sigeo/app/Views/commons_app/navbarleft.php')
 2 SYSTEMPATH/View/View.php(237): CodeIgniter\View\View->CodeIgniter\View\{closure}()
 3 SYSTEMPATH/Common.php(1171): CodeIgniter\View\View->render('commons_app/navbarleft', [], true)
 4 APPPATH/Controllers/Aplicativo.php(34): view('commons_app/navbarleft', [...])
 5 SYSTEMPATH/CodeIgniter.php(933): App\Controllers\Aplicativo->index()
 6 SYSTEMPATH/CodeIgniter.php(509): CodeIgniter\CodeIgniter->runController(Object(App\Controllers\Aplicativo))
 7 SYSTEMPATH/CodeIgniter.php(355): CodeIgniter\CodeIgniter->handleRequest(null, Object(Config\Cache), false)
 8 SYSTEMPATH/Boot.php(312): CodeIgniter\CodeIgniter->run()
 9 SYSTEMPATH/Boot.php(67): CodeIgniter\Boot::runCodeIgniter(Object(CodeIgniter\CodeIgniter))
10 FCPATH/index.php(56): CodeIgniter\Boot::bootWeb(Object(Config\Paths))
WARNING - 2024-08-29 23:31:01 --> [DEPRECATED] Function strftime() is deprecated in APPPATH/Views/commons_app/navbarleft.php on line 13.
 1 SYSTEMPATH/View/View.php(234): include('/var/www/html/sigeo/app/Views/commons_app/navbarleft.php')
 2 SYSTEMPATH/View/View.php(237): CodeIgniter\View\View->CodeIgniter\View\{closure}()
 3 SYSTEMPATH/Common.php(1171): CodeIgniter\View\View->render('commons_app/navbarleft', [], true)
 4 APPPATH/Controllers/Aplicativo.php(34): view('commons_app/navbarleft', [...])
 5 SYSTEMPATH/CodeIgniter.php(933): App\Controllers\Aplicativo->index()
 6 SYSTEMPATH/CodeIgniter.php(509): CodeIgniter\CodeIgniter->runController(Object(App\Controllers\Aplicativo))
 7 SYSTEMPATH/CodeIgniter.php(355): CodeIgniter\CodeIgniter->handleRequest(null, Object(Config\Cache), false)
 8 SYSTEMPATH/Boot.php(312): CodeIgniter\CodeIgniter->run()
 9 SYSTEMPATH/Boot.php(67): CodeIgniter\Boot::runCodeIgniter(Object(CodeIgniter\CodeIgniter))
10 FCPATH/index.php(56): CodeIgniter\Boot::bootWeb(Object(Config\Paths))
WARNING - 2024-08-29 23:31:08 --> [DEPRECATED] Function strftime() is deprecated in APPPATH/Views/commons_app/navbarleft.php on line 13.
 1 SYSTEMPATH/View/View.php(234): include('/var/www/html/sigeo/app/Views/commons_app/navbarleft.php')
 2 SYSTEMPATH/View/View.php(237): CodeIgniter\View\View->CodeIgniter\View\{closure}()
 3 SYSTEMPATH/Common.php(1171): CodeIgniter\View\View->render('commons_app/navbarleft', [], true)
 4 APPPATH/Controllers/Aplicativo.php(34): view('commons_app/navbarleft', [...])
 5 SYSTEMPATH/CodeIgniter.php(933): App\Controllers\Aplicativo->index()
 6 SYSTEMPATH/CodeIgniter.php(509): CodeIgniter\CodeIgniter->runController(Object(App\Controllers\Aplicativo))
 7 SYSTEMPATH/CodeIgniter.php(355): CodeIgniter\CodeIgniter->handleRequest(null, Object(Config\Cache), false)
 8 SYSTEMPATH/Boot.php(312): CodeIgniter\CodeIgniter->run()
 9 SYSTEMPATH/Boot.php(67): CodeIgniter\Boot::runCodeIgniter(Object(CodeIgniter\CodeIgniter))
10 FCPATH/index.php(56): CodeIgniter\Boot::bootWeb(Object(Config\Paths))
WARNING - 2024-08-29 23:31:30 --> [DEPRECATED] Function strftime() is deprecated in APPPATH/Views/commons_app/navbarleft.php on line 13.
 1 SYSTEMPATH/View/View.php(234): include('/var/www/html/sigeo/app/Views/commons_app/navbarleft.php')
 2 SYSTEMPATH/View/View.php(237): CodeIgniter\View\View->CodeIgniter\View\{closure}()
 3 SYSTEMPATH/Common.php(1171): CodeIgniter\View\View->render('commons_app/navbarleft', [], true)
 4 APPPATH/Controllers/Aplicativo.php(34): view('commons_app/navbarleft', [...])
 5 SYSTEMPATH/CodeIgniter.php(933): App\Controllers\Aplicativo->index()
 6 SYSTEMPATH/CodeIgniter.php(509): CodeIgniter\CodeIgniter->runController(Object(App\Controllers\Aplicativo))
 7 SYSTEMPATH/CodeIgniter.php(355): CodeIgniter\CodeIgniter->handleRequest(null, Object(Config\Cache), false)
 8 SYSTEMPATH/Boot.php(312): CodeIgniter\CodeIgniter->run()
 9 SYSTEMPATH/Boot.php(67): CodeIgniter\Boot::runCodeIgniter(Object(CodeIgniter\CodeIgniter))
10 FCPATH/index.php(56): CodeIgniter\Boot::bootWeb(Object(Config\Paths))
WARNING - 2024-08-29 23:31:46 --> [DEPRECATED] Function strftime() is deprecated in APPPATH/Views/commons_app/navbarleft.php on line 13.
 1 SYSTEMPATH/View/View.php(234): include('/var/www/html/sigeo/app/Views/commons_app/navbarleft.php')
 2 SYSTEMPATH/View/View.php(237): CodeIgniter\View\View->CodeIgniter\View\{closure}()
 3 SYSTEMPATH/Common.php(1171): CodeIgniter\View\View->render('commons_app/navbarleft', [], true)
 4 APPPATH/Controllers/Aplicativo.php(34): view('commons_app/navbarleft', [...])
 5 SYSTEMPATH/CodeIgniter.php(933): App\Controllers\Aplicativo->index()
 6 SYSTEMPATH/CodeIgniter.php(509): CodeIgniter\CodeIgniter->runController(Object(App\Controllers\Aplicativo))
 7 SYSTEMPATH/CodeIgniter.php(355): CodeIgniter\CodeIgniter->handleRequest(null, Object(Config\Cache), false)
 8 SYSTEMPATH/Boot.php(312): CodeIgniter\CodeIgniter->run()
 9 SYSTEMPATH/Boot.php(67): CodeIgniter\Boot::runCodeIgniter(Object(CodeIgniter\CodeIgniter))
10 FCPATH/index.php(56): CodeIgniter\Boot::bootWeb(Object(Config\Paths))
WARNING - 2024-08-29 23:33:36 --> [DEPRECATED] Function strftime() is deprecated in APPPATH/Views/commons_app/navbarleft.php on line 13.
 1 SYSTEMPATH/View/View.php(234): include('/var/www/html/sigeo/app/Views/commons_app/navbarleft.php')
 2 SYSTEMPATH/View/View.php(237): CodeIgniter\View\View->CodeIgniter\View\{closure}()
 3 SYSTEMPATH/Common.php(1171): CodeIgniter\View\View->render('commons_app/navbarleft', [], true)
 4 APPPATH/Controllers/Aplicativo.php(34): view('commons_app/navbarleft', [...])
 5 SYSTEMPATH/CodeIgniter.php(933): App\Controllers\Aplicativo->index()
 6 SYSTEMPATH/CodeIgniter.php(509): CodeIgniter\CodeIgniter->runController(Object(App\Controllers\Aplicativo))
 7 SYSTEMPATH/CodeIgniter.php(355): CodeIgniter\CodeIgniter->handleRequest(null, Object(Config\Cache), false)
 8 SYSTEMPATH/Boot.php(312): CodeIgniter\CodeIgniter->run()
 9 SYSTEMPATH/Boot.php(67): CodeIgniter\Boot::runCodeIgniter(Object(CodeIgniter\CodeIgniter))
10 FCPATH/index.php(56): CodeIgniter\Boot::bootWeb(Object(Config\Paths))
WARNING - 2024-08-29 23:33:43 --> [DEPRECATED] Function strftime() is deprecated in APPPATH/Views/commons_app/navbarleft.php on line 13.
 1 SYSTEMPATH/View/View.php(234): include('/var/www/html/sigeo/app/Views/commons_app/navbarleft.php')
 2 SYSTEMPATH/View/View.php(237): CodeIgniter\View\View->CodeIgniter\View\{closure}()
 3 SYSTEMPATH/Common.php(1171): CodeIgniter\View\View->render('commons_app/navbarleft', [], true)
 4 APPPATH/Controllers/Aplicativo.php(34): view('commons_app/navbarleft', [...])
 5 SYSTEMPATH/CodeIgniter.php(933): App\Controllers\Aplicativo->index()
 6 SYSTEMPATH/CodeIgniter.php(509): CodeIgniter\CodeIgniter->runController(Object(App\Controllers\Aplicativo))
 7 SYSTEMPATH/CodeIgniter.php(355): CodeIgniter\CodeIgniter->handleRequest(null, Object(Config\Cache), false)
 8 SYSTEMPATH/Boot.php(312): CodeIgniter\CodeIgniter->run()
 9 SYSTEMPATH/Boot.php(67): CodeIgniter\Boot::runCodeIgniter(Object(CodeIgniter\CodeIgniter))
10 FCPATH/index.php(56): CodeIgniter\Boot::bootWeb(Object(Config\Paths))
WARNING - 2024-08-29 23:33:58 --> [DEPRECATED] Function strftime() is deprecated in APPPATH/Views/commons_app/navbarleft.php on line 13.
 1 SYSTEMPATH/View/View.php(234): include('/var/www/html/sigeo/app/Views/commons_app/navbarleft.php')
 2 SYSTEMPATH/View/View.php(237): CodeIgniter\View\View->CodeIgniter\View\{closure}()
 3 SYSTEMPATH/Common.php(1171): CodeIgniter\View\View->render('commons_app/navbarleft', [], true)
 4 APPPATH/Controllers/Aplicativo.php(34): view('commons_app/navbarleft', [...])
 5 SYSTEMPATH/CodeIgniter.php(933): App\Controllers\Aplicativo->index()
 6 SYSTEMPATH/CodeIgniter.php(509): CodeIgniter\CodeIgniter->runController(Object(App\Controllers\Aplicativo))
 7 SYSTEMPATH/CodeIgniter.php(355): CodeIgniter\CodeIgniter->handleRequest(null, Object(Config\Cache), false)
 8 SYSTEMPATH/Boot.php(312): CodeIgniter\CodeIgniter->run()
 9 SYSTEMPATH/Boot.php(67): CodeIgniter\Boot::runCodeIgniter(Object(CodeIgniter\CodeIgniter))
10 FCPATH/index.php(56): CodeIgniter\Boot::bootWeb(Object(Config\Paths))
WARNING - 2024-08-29 23:35:32 --> [DEPRECATED] Function strftime() is deprecated in APPPATH/Views/commons_app/navbarleft.php on line 13.
 1 SYSTEMPATH/View/View.php(234): include('/var/www/html/sigeo/app/Views/commons_app/navbarleft.php')
 2 SYSTEMPATH/View/View.php(237): CodeIgniter\View\View->CodeIgniter\View\{closure}()
 3 SYSTEMPATH/Common.php(1171): CodeIgniter\View\View->render('commons_app/navbarleft', [], true)
 4 APPPATH/Controllers/Aplicativo.php(34): view('commons_app/navbarleft', [...])
 5 SYSTEMPATH/CodeIgniter.php(933): App\Controllers\Aplicativo->index()
 6 SYSTEMPATH/CodeIgniter.php(509): CodeIgniter\CodeIgniter->runController(Object(App\Controllers\Aplicativo))
 7 SYSTEMPATH/CodeIgniter.php(355): CodeIgniter\CodeIgniter->handleRequest(null, Object(Config\Cache), false)
 8 SYSTEMPATH/Boot.php(312): CodeIgniter\CodeIgniter->run()
 9 SYSTEMPATH/Boot.php(67): CodeIgniter\Boot::runCodeIgniter(Object(CodeIgniter\CodeIgniter))
10 FCPATH/index.php(56): CodeIgniter\Boot::bootWeb(Object(Config\Paths))
WARNING - 2024-08-29 23:35:39 --> [DEPRECATED] Function strftime() is deprecated in APPPATH/Views/commons_app/navbarleft.php on line 13.
 1 SYSTEMPATH/View/View.php(234): include('/var/www/html/sigeo/app/Views/commons_app/navbarleft.php')
 2 SYSTEMPATH/View/View.php(237): CodeIgniter\View\View->CodeIgniter\View\{closure}()
 3 SYSTEMPATH/Common.php(1171): CodeIgniter\View\View->render('commons_app/navbarleft', [], true)
 4 APPPATH/Controllers/Aplicativo.php(34): view('commons_app/navbarleft', [...])
 5 SYSTEMPATH/CodeIgniter.php(933): App\Controllers\Aplicativo->index()
 6 SYSTEMPATH/CodeIgniter.php(509): CodeIgniter\CodeIgniter->runController(Object(App\Controllers\Aplicativo))
 7 SYSTEMPATH/CodeIgniter.php(355): CodeIgniter\CodeIgniter->handleRequest(null, Object(Config\Cache), false)
 8 SYSTEMPATH/Boot.php(312): CodeIgniter\CodeIgniter->run()
 9 SYSTEMPATH/Boot.php(67): CodeIgniter\Boot::runCodeIgniter(Object(CodeIgniter\CodeIgniter))
10 FCPATH/index.php(56): CodeIgniter\Boot::bootWeb(Object(Config\Paths))
WARNING - 2024-08-29 23:35:45 --> [DEPRECATED] Function strftime() is deprecated in APPPATH/Views/commons_app/navbarleft.php on line 13.
 1 SYSTEMPATH/View/View.php(234): include('/var/www/html/sigeo/app/Views/commons_app/navbarleft.php')
 2 SYSTEMPATH/View/View.php(237): CodeIgniter\View\View->CodeIgniter\View\{closure}()
 3 SYSTEMPATH/Common.php(1171): CodeIgniter\View\View->render('commons_app/navbarleft', [], true)
 4 APPPATH/Controllers/Aplicativo.php(34): view('commons_app/navbarleft', [...])
 5 SYSTEMPATH/CodeIgniter.php(933): App\Controllers\Aplicativo->index()
 6 SYSTEMPATH/CodeIgniter.php(509): CodeIgniter\CodeIgniter->runController(Object(App\Controllers\Aplicativo))
 7 SYSTEMPATH/CodeIgniter.php(355): CodeIgniter\CodeIgniter->handleRequest(null, Object(Config\Cache), false)
 8 SYSTEMPATH/Boot.php(312): CodeIgniter\CodeIgniter->run()
 9 SYSTEMPATH/Boot.php(67): CodeIgniter\Boot::runCodeIgniter(Object(CodeIgniter\CodeIgniter))
10 FCPATH/index.php(56): CodeIgniter\Boot::bootWeb(Object(Config\Paths))
WARNING - 2024-08-29 23:36:14 --> [DEPRECATED] Function strftime() is deprecated in APPPATH/Views/commons_app/navbarleft.php on line 13.
 1 SYSTEMPATH/View/View.php(234): include('/var/www/html/sigeo/app/Views/commons_app/navbarleft.php')
 2 SYSTEMPATH/View/View.php(237): CodeIgniter\View\View->CodeIgniter\View\{closure}()
 3 SYSTEMPATH/Common.php(1171): CodeIgniter\View\View->render('commons_app/navbarleft', [], true)
 4 APPPATH/Controllers/Aplicativo.php(34): view('commons_app/navbarleft', [...])
 5 SYSTEMPATH/CodeIgniter.php(933): App\Controllers\Aplicativo->index()
 6 SYSTEMPATH/CodeIgniter.php(509): CodeIgniter\CodeIgniter->runController(Object(App\Controllers\Aplicativo))
 7 SYSTEMPATH/CodeIgniter.php(355): CodeIgniter\CodeIgniter->handleRequest(null, Object(Config\Cache), false)
 8 SYSTEMPATH/Boot.php(312): CodeIgniter\CodeIgniter->run()
 9 SYSTEMPATH/Boot.php(67): CodeIgniter\Boot::runCodeIgniter(Object(CodeIgniter\CodeIgniter))
10 FCPATH/index.php(56): CodeIgniter\Boot::bootWeb(Object(Config\Paths))
WARNING - 2024-08-29 23:36:25 --> [DEPRECATED] Function strftime() is deprecated in APPPATH/Views/commons_app/navbarleft.php on line 13.
 1 SYSTEMPATH/View/View.php(234): include('/var/www/html/sigeo/app/Views/commons_app/navbarleft.php')
 2 SYSTEMPATH/View/View.php(237): CodeIgniter\View\View->CodeIgniter\View\{closure}()
 3 SYSTEMPATH/Common.php(1171): CodeIgniter\View\View->render('commons_app/navbarleft', [], true)
 4 APPPATH/Controllers/Aplicativo.php(34): view('commons_app/navbarleft', [...])
 5 SYSTEMPATH/CodeIgniter.php(933): App\Controllers\Aplicativo->index()
 6 SYSTEMPATH/CodeIgniter.php(509): CodeIgniter\CodeIgniter->runController(Object(App\Controllers\Aplicativo))
 7 SYSTEMPATH/CodeIgniter.php(355): CodeIgniter\CodeIgniter->handleRequest(null, Object(Config\Cache), false)
 8 SYSTEMPATH/Boot.php(312): CodeIgniter\CodeIgniter->run()
 9 SYSTEMPATH/Boot.php(67): CodeIgniter\Boot::runCodeIgniter(Object(CodeIgniter\CodeIgniter))
10 FCPATH/index.php(56): CodeIgniter\Boot::bootWeb(Object(Config\Paths))
WARNING - 2024-08-29 23:37:59 --> [DEPRECATED] Function strftime() is deprecated in APPPATH/Views/commons_app/navbarleft.php on line 13.
 1 SYSTEMPATH/View/View.php(234): include('/var/www/html/sigeo/app/Views/commons_app/navbarleft.php')
 2 SYSTEMPATH/View/View.php(237): CodeIgniter\View\View->CodeIgniter\View\{closure}()
 3 SYSTEMPATH/Common.php(1171): CodeIgniter\View\View->render('commons_app/navbarleft', [], true)
 4 APPPATH/Controllers/Aplicativo.php(34): view('commons_app/navbarleft', [...])
 5 SYSTEMPATH/CodeIgniter.php(933): App\Controllers\Aplicativo->index()
 6 SYSTEMPATH/CodeIgniter.php(509): CodeIgniter\CodeIgniter->runController(Object(App\Controllers\Aplicativo))
 7 SYSTEMPATH/CodeIgniter.php(355): CodeIgniter\CodeIgniter->handleRequest(null, Object(Config\Cache), false)
 8 SYSTEMPATH/Boot.php(312): CodeIgniter\CodeIgniter->run()
 9 SYSTEMPATH/Boot.php(67): CodeIgniter\Boot::runCodeIgniter(Object(CodeIgniter\CodeIgniter))
10 FCPATH/index.php(56): CodeIgniter\Boot::bootWeb(Object(Config\Paths))
WARNING - 2024-08-29 23:38:44 --> [DEPRECATED] Function strftime() is deprecated in APPPATH/Views/commons_app/navbarleft.php on line 13.
 1 SYSTEMPATH/View/View.php(234): include('/var/www/html/sigeo/app/Views/commons_app/navbarleft.php')
 2 SYSTEMPATH/View/View.php(237): CodeIgniter\View\View->CodeIgniter\View\{closure}()
 3 SYSTEMPATH/Common.php(1171): CodeIgniter\View\View->render('commons_app/navbarleft', [], true)
 4 APPPATH/Controllers/Aplicativo.php(34): view('commons_app/navbarleft', [...])
 5 SYSTEMPATH/CodeIgniter.php(933): App\Controllers\Aplicativo->index()
 6 SYSTEMPATH/CodeIgniter.php(509): CodeIgniter\CodeIgniter->runController(Object(App\Controllers\Aplicativo))
 7 SYSTEMPATH/CodeIgniter.php(355): CodeIgniter\CodeIgniter->handleRequest(null, Object(Config\Cache), false)
 8 SYSTEMPATH/Boot.php(312): CodeIgniter\CodeIgniter->run()
 9 SYSTEMPATH/Boot.php(67): CodeIgniter\Boot::runCodeIgniter(Object(CodeIgniter\CodeIgniter))
10 FCPATH/index.php(56): CodeIgniter\Boot::bootWeb(Object(Config\Paths))
WARNING - 2024-08-29 23:38:58 --> [DEPRECATED] Function strftime() is deprecated in APPPATH/Views/commons_app/navbarleft.php on line 13.
 1 SYSTEMPATH/View/View.php(234): include('/var/www/html/sigeo/app/Views/commons_app/navbarleft.php')
 2 SYSTEMPATH/View/View.php(237): CodeIgniter\View\View->CodeIgniter\View\{closure}()
 3 SYSTEMPATH/Common.php(1171): CodeIgniter\View\View->render('commons_app/navbarleft', [], true)
 4 APPPATH/Controllers/Aplicativo.php(34): view('commons_app/navbarleft', [...])
 5 SYSTEMPATH/CodeIgniter.php(933): App\Controllers\Aplicativo->index()
 6 SYSTEMPATH/CodeIgniter.php(509): CodeIgniter\CodeIgniter->runController(Object(App\Controllers\Aplicativo))
 7 SYSTEMPATH/CodeIgniter.php(355): CodeIgniter\CodeIgniter->handleRequest(null, Object(Config\Cache), false)
 8 SYSTEMPATH/Boot.php(312): CodeIgniter\CodeIgniter->run()
 9 SYSTEMPATH/Boot.php(67): CodeIgniter\Boot::runCodeIgniter(Object(CodeIgniter\CodeIgniter))
10 FCPATH/index.php(56): CodeIgniter\Boot::bootWeb(Object(Config\Paths))
WARNING - 2024-08-29 23:40:46 --> [DEPRECATED] Function strftime() is deprecated in APPPATH/Views/commons/navbarleft.php on line 13.
 1 SYSTEMPATH/View/View.php(234): include('/var/www/html/sigeo/app/Views/commons/navbarleft.php')
 2 SYSTEMPATH/View/View.php(237): CodeIgniter\View\View->CodeIgniter\View\{closure}()
 3 SYSTEMPATH/Common.php(1171): CodeIgniter\View\View->render('commons/navbarleft', [], true)
 4 APPPATH/Controllers/Home.php(34): view('commons/navbarleft', [...])
 5 SYSTEMPATH/CodeIgniter.php(933): App\Controllers\Home->index()
 6 SYSTEMPATH/CodeIgniter.php(509): CodeIgniter\CodeIgniter->runController(Object(App\Controllers\Home))
 7 SYSTEMPATH/CodeIgniter.php(355): CodeIgniter\CodeIgniter->handleRequest(null, Object(Config\Cache), false)
 8 SYSTEMPATH/Boot.php(312): CodeIgniter\CodeIgniter->run()
 9 SYSTEMPATH/Boot.php(67): CodeIgniter\Boot::runCodeIgniter(Object(CodeIgniter\CodeIgniter))
10 FCPATH/index.php(56): CodeIgniter\Boot::bootWeb(Object(Config\Paths))
WARNING - 2024-08-29 23:41:19 --> [DEPRECATED] Function strftime() is deprecated in APPPATH/Views/commons_app/navbarleft.php on line 13.
 1 SYSTEMPATH/View/View.php(234): include('/var/www/html/sigeo/app/Views/commons_app/navbarleft.php')
 2 SYSTEMPATH/View/View.php(237): CodeIgniter\View\View->CodeIgniter\View\{closure}()
 3 SYSTEMPATH/Common.php(1171): CodeIgniter\View\View->render('commons_app/navbarleft', [], true)
 4 APPPATH/Controllers/Aplicativo.php(34): view('commons_app/navbarleft', [...])
 5 SYSTEMPATH/CodeIgniter.php(933): App\Controllers\Aplicativo->index()
 6 SYSTEMPATH/CodeIgniter.php(509): CodeIgniter\CodeIgniter->runController(Object(App\Controllers\Aplicativo))
 7 SYSTEMPATH/CodeIgniter.php(355): CodeIgniter\CodeIgniter->handleRequest(null, Object(Config\Cache), false)
 8 SYSTEMPATH/Boot.php(312): CodeIgniter\CodeIgniter->run()
 9 SYSTEMPATH/Boot.php(67): CodeIgniter\Boot::runCodeIgniter(Object(CodeIgniter\CodeIgniter))
10 FCPATH/index.php(56): CodeIgniter\Boot::bootWeb(Object(Config\Paths))
