INFO - 2024-08-31 03:48:56 --> Session: Class initialized using 'CodeIgniter\Session\Handlers\FileHandler' driver.
INFO - 2024-08-31 03:48:56 --> Session: Class initialized using 'CodeIgniter\Session\Handlers\FileHandler' driver.
INFO - 2024-08-31 03:49:01 --> Session: Class initialized using 'CodeIgniter\Session\Handlers\FileHandler' driver.
INFO - 2024-08-31 03:49:03 --> Session: Class initialized using 'CodeIgniter\Session\Handlers\FileHandler' driver.
INFO - 2024-08-31 03:49:03 --> Session: Class initialized using 'CodeIgniter\Session\Handlers\FileHandler' driver.
WARNING - 2024-08-31 00:49:03 --> [DEPRECATED] Function strftime() is deprecated in APPPATH/Views/commons_app/navbarleft.php on line 13.
 1 SYSTEMPATH/View/View.php(234): include('/var/www/html/sigeo/app/Views/commons_app/navbarleft.php')
 2 SYSTEMPATH/View/View.php(237): CodeIgniter\View\View->CodeIgniter\View\{closure}()
 3 SYSTEMPATH/Common.php(1171): CodeIgniter\View\View->render('commons_app/navbarleft', [], true)
 4 APPPATH/Controllers/Aplicativo.php(37): view('commons_app/navbarleft', [...])
 5 SYSTEMPATH/CodeIgniter.php(933): App\Controllers\Aplicativo->index()
 6 SYSTEMPATH/CodeIgniter.php(509): CodeIgniter\CodeIgniter->runController(Object(App\Controllers\Aplicativo))
 7 SYSTEMPATH/CodeIgniter.php(355): CodeIgniter\CodeIgniter->handleRequest(null, Object(Config\Cache), false)
 8 SYSTEMPATH/Boot.php(312): CodeIgniter\CodeIgniter->run()
 9 SYSTEMPATH/Boot.php(67): CodeIgniter\Boot::runCodeIgniter(Object(CodeIgniter\CodeIgniter))
10 FCPATH/index.php(56): CodeIgniter\Boot::bootWeb(Object(Config\Paths))
INFO - 2024-08-31 03:49:04 --> Session: Class initialized using 'CodeIgniter\Session\Handlers\FileHandler' driver.
WARNING - 2024-08-31 00:49:04 --> [DEPRECATED] Function strftime() is deprecated in APPPATH/Views/commons_app/navbarleft.php on line 13.
 1 SYSTEMPATH/View/View.php(234): include('/var/www/html/sigeo/app/Views/commons_app/navbarleft.php')
 2 SYSTEMPATH/View/View.php(237): CodeIgniter\View\View->CodeIgniter\View\{closure}()
 3 SYSTEMPATH/Common.php(1171): CodeIgniter\View\View->render('commons_app/navbarleft', [], true)
 4 APPPATH/Controllers/Aplicativo.php(146): view('commons_app/navbarleft', [...])
 5 SYSTEMPATH/CodeIgniter.php(933): App\Controllers\Aplicativo->ListaOcorrencia()
 6 SYSTEMPATH/CodeIgniter.php(509): CodeIgniter\CodeIgniter->runController(Object(App\Controllers\Aplicativo))
 7 SYSTEMPATH/CodeIgniter.php(355): CodeIgniter\CodeIgniter->handleRequest(null, Object(Config\Cache), false)
 8 SYSTEMPATH/Boot.php(312): CodeIgniter\CodeIgniter->run()
 9 SYSTEMPATH/Boot.php(67): CodeIgniter\Boot::runCodeIgniter(Object(CodeIgniter\CodeIgniter))
10 FCPATH/index.php(56): CodeIgniter\Boot::bootWeb(Object(Config\Paths))
INFO - 2024-08-31 03:49:04 --> Session: Class initialized using 'CodeIgniter\Session\Handlers\FileHandler' driver.
INFO - 2024-08-31 03:50:33 --> Session: Class initialized using 'CodeIgniter\Session\Handlers\FileHandler' driver.
WARNING - 2024-08-31 00:50:33 --> [DEPRECATED] Function strftime() is deprecated in APPPATH/Views/commons_app/navbarleft.php on line 13.
 1 SYSTEMPATH/View/View.php(234): include('/var/www/html/sigeo/app/Views/commons_app/navbarleft.php')
 2 SYSTEMPATH/View/View.php(237): CodeIgniter\View\View->CodeIgniter\View\{closure}()
 3 SYSTEMPATH/Common.php(1171): CodeIgniter\View\View->render('commons_app/navbarleft', [], true)
 4 APPPATH/Controllers/Aplicativo.php(146): view('commons_app/navbarleft', [...])
 5 SYSTEMPATH/CodeIgniter.php(933): App\Controllers\Aplicativo->ListaOcorrencia()
 6 SYSTEMPATH/CodeIgniter.php(509): CodeIgniter\CodeIgniter->runController(Object(App\Controllers\Aplicativo))
 7 SYSTEMPATH/CodeIgniter.php(355): CodeIgniter\CodeIgniter->handleRequest(null, Object(Config\Cache), false)
 8 SYSTEMPATH/Boot.php(312): CodeIgniter\CodeIgniter->run()
 9 SYSTEMPATH/Boot.php(67): CodeIgniter\Boot::runCodeIgniter(Object(CodeIgniter\CodeIgniter))
10 FCPATH/index.php(56): CodeIgniter\Boot::bootWeb(Object(Config\Paths))
INFO - 2024-08-31 03:50:33 --> Session: Class initialized using 'CodeIgniter\Session\Handlers\FileHandler' driver.
INFO - 2024-08-31 03:52:40 --> Session: Class initialized using 'CodeIgniter\Session\Handlers\FileHandler' driver.
WARNING - 2024-08-31 00:52:40 --> [DEPRECATED] Function strftime() is deprecated in APPPATH/Views/commons_app/navbarleft.php on line 13.
 1 SYSTEMPATH/View/View.php(234): include('/var/www/html/sigeo/app/Views/commons_app/navbarleft.php')
 2 SYSTEMPATH/View/View.php(237): CodeIgniter\View\View->CodeIgniter\View\{closure}()
 3 SYSTEMPATH/Common.php(1171): CodeIgniter\View\View->render('commons_app/navbarleft', [], true)
 4 APPPATH/Controllers/Aplicativo.php(146): view('commons_app/navbarleft', [...])
 5 SYSTEMPATH/CodeIgniter.php(933): App\Controllers\Aplicativo->ListaOcorrencia()
 6 SYSTEMPATH/CodeIgniter.php(509): CodeIgniter\CodeIgniter->runController(Object(App\Controllers\Aplicativo))
 7 SYSTEMPATH/CodeIgniter.php(355): CodeIgniter\CodeIgniter->handleRequest(null, Object(Config\Cache), false)
 8 SYSTEMPATH/Boot.php(312): CodeIgniter\CodeIgniter->run()
 9 SYSTEMPATH/Boot.php(67): CodeIgniter\Boot::runCodeIgniter(Object(CodeIgniter\CodeIgniter))
10 FCPATH/index.php(56): CodeIgniter\Boot::bootWeb(Object(Config\Paths))
INFO - 2024-08-31 03:52:40 --> Session: Class initialized using 'CodeIgniter\Session\Handlers\FileHandler' driver.
INFO - 2024-08-31 03:53:30 --> Session: Class initialized using 'CodeIgniter\Session\Handlers\FileHandler' driver.
WARNING - 2024-08-31 00:53:30 --> [DEPRECATED] Function strftime() is deprecated in APPPATH/Views/commons_app/navbarleft.php on line 13.
 1 SYSTEMPATH/View/View.php(234): include('/var/www/html/sigeo/app/Views/commons_app/navbarleft.php')
 2 SYSTEMPATH/View/View.php(237): CodeIgniter\View\View->CodeIgniter\View\{closure}()
 3 SYSTEMPATH/Common.php(1171): CodeIgniter\View\View->render('commons_app/navbarleft', [], true)
 4 APPPATH/Controllers/Aplicativo.php(118): view('commons_app/navbarleft', [...])
 5 SYSTEMPATH/CodeIgniter.php(933): App\Controllers\Aplicativo->Ocorrencia()
 6 SYSTEMPATH/CodeIgniter.php(509): CodeIgniter\CodeIgniter->runController(Object(App\Controllers\Aplicativo))
 7 SYSTEMPATH/CodeIgniter.php(355): CodeIgniter\CodeIgniter->handleRequest(null, Object(Config\Cache), false)
 8 SYSTEMPATH/Boot.php(312): CodeIgniter\CodeIgniter->run()
 9 SYSTEMPATH/Boot.php(67): CodeIgniter\Boot::runCodeIgniter(Object(CodeIgniter\CodeIgniter))
10 FCPATH/index.php(56): CodeIgniter\Boot::bootWeb(Object(Config\Paths))
INFO - 2024-08-31 03:53:30 --> Session: Class initialized using 'CodeIgniter\Session\Handlers\FileHandler' driver.
INFO - 2024-08-31 03:53:31 --> Session: Class initialized using 'CodeIgniter\Session\Handlers\FileHandler' driver.
WARNING - 2024-08-31 00:53:31 --> [DEPRECATED] Function strftime() is deprecated in APPPATH/Views/commons_app/navbarleft.php on line 13.
 1 SYSTEMPATH/View/View.php(234): include('/var/www/html/sigeo/app/Views/commons_app/navbarleft.php')
 2 SYSTEMPATH/View/View.php(237): CodeIgniter\View\View->CodeIgniter\View\{closure}()
 3 SYSTEMPATH/Common.php(1171): CodeIgniter\View\View->render('commons_app/navbarleft', [], true)
 4 APPPATH/Controllers/Aplicativo.php(37): view('commons_app/navbarleft', [...])
 5 SYSTEMPATH/CodeIgniter.php(933): App\Controllers\Aplicativo->index()
 6 SYSTEMPATH/CodeIgniter.php(509): CodeIgniter\CodeIgniter->runController(Object(App\Controllers\Aplicativo))
 7 SYSTEMPATH/CodeIgniter.php(355): CodeIgniter\CodeIgniter->handleRequest(null, Object(Config\Cache), false)
 8 SYSTEMPATH/Boot.php(312): CodeIgniter\CodeIgniter->run()
 9 SYSTEMPATH/Boot.php(67): CodeIgniter\Boot::runCodeIgniter(Object(CodeIgniter\CodeIgniter))
10 FCPATH/index.php(56): CodeIgniter\Boot::bootWeb(Object(Config\Paths))
INFO - 2024-08-31 03:53:32 --> Session: Class initialized using 'CodeIgniter\Session\Handlers\FileHandler' driver.
WARNING - 2024-08-31 00:53:32 --> [DEPRECATED] Function strftime() is deprecated in APPPATH/Views/commons_app/navbarleft.php on line 13.
 1 SYSTEMPATH/View/View.php(234): include('/var/www/html/sigeo/app/Views/commons_app/navbarleft.php')
 2 SYSTEMPATH/View/View.php(237): CodeIgniter\View\View->CodeIgniter\View\{closure}()
 3 SYSTEMPATH/Common.php(1171): CodeIgniter\View\View->render('commons_app/navbarleft', [], true)
 4 APPPATH/Controllers/Aplicativo.php(146): view('commons_app/navbarleft', [...])
 5 SYSTEMPATH/CodeIgniter.php(933): App\Controllers\Aplicativo->ListaOcorrencia()
 6 SYSTEMPATH/CodeIgniter.php(509): CodeIgniter\CodeIgniter->runController(Object(App\Controllers\Aplicativo))
 7 SYSTEMPATH/CodeIgniter.php(355): CodeIgniter\CodeIgniter->handleRequest(null, Object(Config\Cache), false)
 8 SYSTEMPATH/Boot.php(312): CodeIgniter\CodeIgniter->run()
 9 SYSTEMPATH/Boot.php(67): CodeIgniter\Boot::runCodeIgniter(Object(CodeIgniter\CodeIgniter))
10 FCPATH/index.php(56): CodeIgniter\Boot::bootWeb(Object(Config\Paths))
INFO - 2024-08-31 03:53:32 --> Session: Class initialized using 'CodeIgniter\Session\Handlers\FileHandler' driver.
INFO - 2024-08-31 03:53:34 --> Session: Class initialized using 'CodeIgniter\Session\Handlers\FileHandler' driver.
WARNING - 2024-08-31 00:53:34 --> [DEPRECATED] Function strftime() is deprecated in APPPATH/Views/commons_app/navbarleft.php on line 13.
 1 SYSTEMPATH/View/View.php(234): include('/var/www/html/sigeo/app/Views/commons_app/navbarleft.php')
 2 SYSTEMPATH/View/View.php(237): CodeIgniter\View\View->CodeIgniter\View\{closure}()
 3 SYSTEMPATH/Common.php(1171): CodeIgniter\View\View->render('commons_app/navbarleft', [], true)
 4 APPPATH/Controllers/Aplicativo.php(118): view('commons_app/navbarleft', [...])
 5 SYSTEMPATH/CodeIgniter.php(933): App\Controllers\Aplicativo->Ocorrencia()
 6 SYSTEMPATH/CodeIgniter.php(509): CodeIgniter\CodeIgniter->runController(Object(App\Controllers\Aplicativo))
 7 SYSTEMPATH/CodeIgniter.php(355): CodeIgniter\CodeIgniter->handleRequest(null, Object(Config\Cache), false)
 8 SYSTEMPATH/Boot.php(312): CodeIgniter\CodeIgniter->run()
 9 SYSTEMPATH/Boot.php(67): CodeIgniter\Boot::runCodeIgniter(Object(CodeIgniter\CodeIgniter))
10 FCPATH/index.php(56): CodeIgniter\Boot::bootWeb(Object(Config\Paths))
INFO - 2024-08-31 03:53:34 --> Session: Class initialized using 'CodeIgniter\Session\Handlers\FileHandler' driver.
INFO - 2024-08-31 03:53:56 --> Session: Class initialized using 'CodeIgniter\Session\Handlers\FileHandler' driver.
WARNING - 2024-08-31 00:53:56 --> [DEPRECATED] Function strftime() is deprecated in APPPATH/Views/commons_app/navbarleft.php on line 13.
 1 SYSTEMPATH/View/View.php(234): include('/var/www/html/sigeo/app/Views/commons_app/navbarleft.php')
 2 SYSTEMPATH/View/View.php(237): CodeIgniter\View\View->CodeIgniter\View\{closure}()
 3 SYSTEMPATH/Common.php(1171): CodeIgniter\View\View->render('commons_app/navbarleft', [], true)
 4 APPPATH/Controllers/Aplicativo.php(37): view('commons_app/navbarleft', [...])
 5 SYSTEMPATH/CodeIgniter.php(933): App\Controllers\Aplicativo->index()
 6 SYSTEMPATH/CodeIgniter.php(509): CodeIgniter\CodeIgniter->runController(Object(App\Controllers\Aplicativo))
 7 SYSTEMPATH/CodeIgniter.php(355): CodeIgniter\CodeIgniter->handleRequest(null, Object(Config\Cache), false)
 8 SYSTEMPATH/Boot.php(312): CodeIgniter\CodeIgniter->run()
 9 SYSTEMPATH/Boot.php(67): CodeIgniter\Boot::runCodeIgniter(Object(CodeIgniter\CodeIgniter))
10 FCPATH/index.php(56): CodeIgniter\Boot::bootWeb(Object(Config\Paths))
INFO - 2024-08-31 03:53:58 --> Session: Class initialized using 'CodeIgniter\Session\Handlers\FileHandler' driver.
WARNING - 2024-08-31 00:53:58 --> [DEPRECATED] Function strftime() is deprecated in APPPATH/Views/commons_app/navbarleft.php on line 13.
 1 SYSTEMPATH/View/View.php(234): include('/var/www/html/sigeo/app/Views/commons_app/navbarleft.php')
 2 SYSTEMPATH/View/View.php(237): CodeIgniter\View\View->CodeIgniter\View\{closure}()
 3 SYSTEMPATH/Common.php(1171): CodeIgniter\View\View->render('commons_app/navbarleft', [], true)
 4 APPPATH/Controllers/Aplicativo.php(146): view('commons_app/navbarleft', [...])
 5 SYSTEMPATH/CodeIgniter.php(933): App\Controllers\Aplicativo->ListaOcorrencia()
 6 SYSTEMPATH/CodeIgniter.php(509): CodeIgniter\CodeIgniter->runController(Object(App\Controllers\Aplicativo))
 7 SYSTEMPATH/CodeIgniter.php(355): CodeIgniter\CodeIgniter->handleRequest(null, Object(Config\Cache), false)
 8 SYSTEMPATH/Boot.php(312): CodeIgniter\CodeIgniter->run()
 9 SYSTEMPATH/Boot.php(67): CodeIgniter\Boot::runCodeIgniter(Object(CodeIgniter\CodeIgniter))
10 FCPATH/index.php(56): CodeIgniter\Boot::bootWeb(Object(Config\Paths))
INFO - 2024-08-31 03:53:58 --> Session: Class initialized using 'CodeIgniter\Session\Handlers\FileHandler' driver.
INFO - 2024-08-31 03:54:12 --> Session: Class initialized using 'CodeIgniter\Session\Handlers\FileHandler' driver.
WARNING - 2024-08-31 00:54:12 --> [DEPRECATED] Function strftime() is deprecated in APPPATH/Views/commons_app/navbarleft.php on line 13.
 1 SYSTEMPATH/View/View.php(234): include('/var/www/html/sigeo/app/Views/commons_app/navbarleft.php')
 2 SYSTEMPATH/View/View.php(237): CodeIgniter\View\View->CodeIgniter\View\{closure}()
 3 SYSTEMPATH/Common.php(1171): CodeIgniter\View\View->render('commons_app/navbarleft', [], true)
 4 APPPATH/Controllers/Aplicativo.php(118): view('commons_app/navbarleft', [...])
 5 SYSTEMPATH/CodeIgniter.php(933): App\Controllers\Aplicativo->Ocorrencia()
 6 SYSTEMPATH/CodeIgniter.php(509): CodeIgniter\CodeIgniter->runController(Object(App\Controllers\Aplicativo))
 7 SYSTEMPATH/CodeIgniter.php(355): CodeIgniter\CodeIgniter->handleRequest(null, Object(Config\Cache), false)
 8 SYSTEMPATH/Boot.php(312): CodeIgniter\CodeIgniter->run()
 9 SYSTEMPATH/Boot.php(67): CodeIgniter\Boot::runCodeIgniter(Object(CodeIgniter\CodeIgniter))
10 FCPATH/index.php(56): CodeIgniter\Boot::bootWeb(Object(Config\Paths))
INFO - 2024-08-31 03:54:13 --> Session: Class initialized using 'CodeIgniter\Session\Handlers\FileHandler' driver.
INFO - 2024-08-31 03:54:13 --> Session: Class initialized using 'CodeIgniter\Session\Handlers\FileHandler' driver.
WARNING - 2024-08-31 00:54:13 --> [DEPRECATED] Function strftime() is deprecated in APPPATH/Views/commons_app/navbarleft.php on line 13.
 1 SYSTEMPATH/View/View.php(234): include('/var/www/html/sigeo/app/Views/commons_app/navbarleft.php')
 2 SYSTEMPATH/View/View.php(237): CodeIgniter\View\View->CodeIgniter\View\{closure}()
 3 SYSTEMPATH/Common.php(1171): CodeIgniter\View\View->render('commons_app/navbarleft', [], true)
 4 APPPATH/Controllers/Aplicativo.php(146): view('commons_app/navbarleft', [...])
 5 SYSTEMPATH/CodeIgniter.php(933): App\Controllers\Aplicativo->ListaOcorrencia()
 6 SYSTEMPATH/CodeIgniter.php(509): CodeIgniter\CodeIgniter->runController(Object(App\Controllers\Aplicativo))
 7 SYSTEMPATH/CodeIgniter.php(355): CodeIgniter\CodeIgniter->handleRequest(null, Object(Config\Cache), false)
 8 SYSTEMPATH/Boot.php(312): CodeIgniter\CodeIgniter->run()
 9 SYSTEMPATH/Boot.php(67): CodeIgniter\Boot::runCodeIgniter(Object(CodeIgniter\CodeIgniter))
10 FCPATH/index.php(56): CodeIgniter\Boot::bootWeb(Object(Config\Paths))
INFO - 2024-08-31 03:54:14 --> Session: Class initialized using 'CodeIgniter\Session\Handlers\FileHandler' driver.
INFO - 2024-08-31 03:54:16 --> Session: Class initialized using 'CodeIgniter\Session\Handlers\FileHandler' driver.
WARNING - 2024-08-31 00:54:16 --> [DEPRECATED] Function strftime() is deprecated in APPPATH/Views/commons_app/navbarleft.php on line 13.
 1 SYSTEMPATH/View/View.php(234): include('/var/www/html/sigeo/app/Views/commons_app/navbarleft.php')
 2 SYSTEMPATH/View/View.php(237): CodeIgniter\View\View->CodeIgniter\View\{closure}()
 3 SYSTEMPATH/Common.php(1171): CodeIgniter\View\View->render('commons_app/navbarleft', [], true)
 4 APPPATH/Controllers/Aplicativo.php(118): view('commons_app/navbarleft', [...])
 5 SYSTEMPATH/CodeIgniter.php(933): App\Controllers\Aplicativo->Ocorrencia()
 6 SYSTEMPATH/CodeIgniter.php(509): CodeIgniter\CodeIgniter->runController(Object(App\Controllers\Aplicativo))
 7 SYSTEMPATH/CodeIgniter.php(355): CodeIgniter\CodeIgniter->handleRequest(null, Object(Config\Cache), false)
 8 SYSTEMPATH/Boot.php(312): CodeIgniter\CodeIgniter->run()
 9 SYSTEMPATH/Boot.php(67): CodeIgniter\Boot::runCodeIgniter(Object(CodeIgniter\CodeIgniter))
10 FCPATH/index.php(56): CodeIgniter\Boot::bootWeb(Object(Config\Paths))
INFO - 2024-08-31 03:54:16 --> Session: Class initialized using 'CodeIgniter\Session\Handlers\FileHandler' driver.
INFO - 2024-08-31 03:54:17 --> Session: Class initialized using 'CodeIgniter\Session\Handlers\FileHandler' driver.
WARNING - 2024-08-31 00:54:17 --> [DEPRECATED] Function strftime() is deprecated in APPPATH/Views/commons_app/navbarleft.php on line 13.
 1 SYSTEMPATH/View/View.php(234): include('/var/www/html/sigeo/app/Views/commons_app/navbarleft.php')
 2 SYSTEMPATH/View/View.php(237): CodeIgniter\View\View->CodeIgniter\View\{closure}()
 3 SYSTEMPATH/Common.php(1171): CodeIgniter\View\View->render('commons_app/navbarleft', [], true)
 4 APPPATH/Controllers/Aplicativo.php(146): view('commons_app/navbarleft', [...])
 5 SYSTEMPATH/CodeIgniter.php(933): App\Controllers\Aplicativo->ListaOcorrencia()
 6 SYSTEMPATH/CodeIgniter.php(509): CodeIgniter\CodeIgniter->runController(Object(App\Controllers\Aplicativo))
 7 SYSTEMPATH/CodeIgniter.php(355): CodeIgniter\CodeIgniter->handleRequest(null, Object(Config\Cache), false)
 8 SYSTEMPATH/Boot.php(312): CodeIgniter\CodeIgniter->run()
 9 SYSTEMPATH/Boot.php(67): CodeIgniter\Boot::runCodeIgniter(Object(CodeIgniter\CodeIgniter))
10 FCPATH/index.php(56): CodeIgniter\Boot::bootWeb(Object(Config\Paths))
INFO - 2024-08-31 03:54:17 --> Session: Class initialized using 'CodeIgniter\Session\Handlers\FileHandler' driver.
INFO - 2024-08-31 03:54:18 --> Session: Class initialized using 'CodeIgniter\Session\Handlers\FileHandler' driver.
WARNING - 2024-08-31 00:54:18 --> [DEPRECATED] Function strftime() is deprecated in APPPATH/Views/commons_app/navbarleft.php on line 13.
 1 SYSTEMPATH/View/View.php(234): include('/var/www/html/sigeo/app/Views/commons_app/navbarleft.php')
 2 SYSTEMPATH/View/View.php(237): CodeIgniter\View\View->CodeIgniter\View\{closure}()
 3 SYSTEMPATH/Common.php(1171): CodeIgniter\View\View->render('commons_app/navbarleft', [], true)
 4 APPPATH/Controllers/Aplicativo.php(37): view('commons_app/navbarleft', [...])
 5 SYSTEMPATH/CodeIgniter.php(933): App\Controllers\Aplicativo->index()
 6 SYSTEMPATH/CodeIgniter.php(509): CodeIgniter\CodeIgniter->runController(Object(App\Controllers\Aplicativo))
 7 SYSTEMPATH/CodeIgniter.php(355): CodeIgniter\CodeIgniter->handleRequest(null, Object(Config\Cache), false)
 8 SYSTEMPATH/Boot.php(312): CodeIgniter\CodeIgniter->run()
 9 SYSTEMPATH/Boot.php(67): CodeIgniter\Boot::runCodeIgniter(Object(CodeIgniter\CodeIgniter))
10 FCPATH/index.php(56): CodeIgniter\Boot::bootWeb(Object(Config\Paths))
INFO - 2024-08-31 03:54:19 --> Session: Class initialized using 'CodeIgniter\Session\Handlers\FileHandler' driver.
WARNING - 2024-08-31 00:54:19 --> [DEPRECATED] Function strftime() is deprecated in APPPATH/Views/commons_app/navbarleft.php on line 13.
 1 SYSTEMPATH/View/View.php(234): include('/var/www/html/sigeo/app/Views/commons_app/navbarleft.php')
 2 SYSTEMPATH/View/View.php(237): CodeIgniter\View\View->CodeIgniter\View\{closure}()
 3 SYSTEMPATH/Common.php(1171): CodeIgniter\View\View->render('commons_app/navbarleft', [], true)
 4 APPPATH/Controllers/Aplicativo.php(50): view('commons_app/navbarleft', [...])
 5 SYSTEMPATH/CodeIgniter.php(933): App\Controllers\Aplicativo->Chamada()
 6 SYSTEMPATH/CodeIgniter.php(509): CodeIgniter\CodeIgniter->runController(Object(App\Controllers\Aplicativo))
 7 SYSTEMPATH/CodeIgniter.php(355): CodeIgniter\CodeIgniter->handleRequest(null, Object(Config\Cache), false)
 8 SYSTEMPATH/Boot.php(312): CodeIgniter\CodeIgniter->run()
 9 SYSTEMPATH/Boot.php(67): CodeIgniter\Boot::runCodeIgniter(Object(CodeIgniter\CodeIgniter))
10 FCPATH/index.php(56): CodeIgniter\Boot::bootWeb(Object(Config\Paths))
INFO - 2024-08-31 03:54:19 --> Session: Class initialized using 'CodeIgniter\Session\Handlers\FileHandler' driver.
INFO - 2024-08-31 03:54:20 --> Session: Class initialized using 'CodeIgniter\Session\Handlers\FileHandler' driver.
WARNING - 2024-08-31 00:54:20 --> [DEPRECATED] Function strftime() is deprecated in APPPATH/Views/commons_app/navbarleft.php on line 13.
 1 SYSTEMPATH/View/View.php(234): include('/var/www/html/sigeo/app/Views/commons_app/navbarleft.php')
 2 SYSTEMPATH/View/View.php(237): CodeIgniter\View\View->CodeIgniter\View\{closure}()
 3 SYSTEMPATH/Common.php(1171): CodeIgniter\View\View->render('commons_app/navbarleft', [], true)
 4 APPPATH/Controllers/Aplicativo.php(37): view('commons_app/navbarleft', [...])
 5 SYSTEMPATH/CodeIgniter.php(933): App\Controllers\Aplicativo->index()
 6 SYSTEMPATH/CodeIgniter.php(509): CodeIgniter\CodeIgniter->runController(Object(App\Controllers\Aplicativo))
 7 SYSTEMPATH/CodeIgniter.php(355): CodeIgniter\CodeIgniter->handleRequest(null, Object(Config\Cache), false)
 8 SYSTEMPATH/Boot.php(312): CodeIgniter\CodeIgniter->run()
 9 SYSTEMPATH/Boot.php(67): CodeIgniter\Boot::runCodeIgniter(Object(CodeIgniter\CodeIgniter))
10 FCPATH/index.php(56): CodeIgniter\Boot::bootWeb(Object(Config\Paths))
INFO - 2024-08-31 03:55:25 --> Session: Class initialized using 'CodeIgniter\Session\Handlers\FileHandler' driver.
WARNING - 2024-08-31 00:55:25 --> [DEPRECATED] Function strftime() is deprecated in APPPATH/Views/commons_app/navbarleft.php on line 13.
 1 SYSTEMPATH/View/View.php(234): include('/var/www/html/sigeo/app/Views/commons_app/navbarleft.php')
 2 SYSTEMPATH/View/View.php(237): CodeIgniter\View\View->CodeIgniter\View\{closure}()
 3 SYSTEMPATH/Common.php(1171): CodeIgniter\View\View->render('commons_app/navbarleft', [], true)
 4 APPPATH/Controllers/Aplicativo.php(37): view('commons_app/navbarleft', [...])
 5 SYSTEMPATH/CodeIgniter.php(933): App\Controllers\Aplicativo->index()
 6 SYSTEMPATH/CodeIgniter.php(509): CodeIgniter\CodeIgniter->runController(Object(App\Controllers\Aplicativo))
 7 SYSTEMPATH/CodeIgniter.php(355): CodeIgniter\CodeIgniter->handleRequest(null, Object(Config\Cache), false)
 8 SYSTEMPATH/Boot.php(312): CodeIgniter\CodeIgniter->run()
 9 SYSTEMPATH/Boot.php(67): CodeIgniter\Boot::runCodeIgniter(Object(CodeIgniter\CodeIgniter))
10 FCPATH/index.php(56): CodeIgniter\Boot::bootWeb(Object(Config\Paths))
INFO - 2024-08-31 03:55:26 --> Session: Class initialized using 'CodeIgniter\Session\Handlers\FileHandler' driver.
WARNING - 2024-08-31 00:55:26 --> [DEPRECATED] Function strftime() is deprecated in APPPATH/Views/commons_app/navbarleft.php on line 13.
 1 SYSTEMPATH/View/View.php(234): include('/var/www/html/sigeo/app/Views/commons_app/navbarleft.php')
 2 SYSTEMPATH/View/View.php(237): CodeIgniter\View\View->CodeIgniter\View\{closure}()
 3 SYSTEMPATH/Common.php(1171): CodeIgniter\View\View->render('commons_app/navbarleft', [], true)
 4 APPPATH/Controllers/Aplicativo.php(50): view('commons_app/navbarleft', [...])
 5 SYSTEMPATH/CodeIgniter.php(933): App\Controllers\Aplicativo->Chamada()
 6 SYSTEMPATH/CodeIgniter.php(509): CodeIgniter\CodeIgniter->runController(Object(App\Controllers\Aplicativo))
 7 SYSTEMPATH/CodeIgniter.php(355): CodeIgniter\CodeIgniter->handleRequest(null, Object(Config\Cache), false)
 8 SYSTEMPATH/Boot.php(312): CodeIgniter\CodeIgniter->run()
 9 SYSTEMPATH/Boot.php(67): CodeIgniter\Boot::runCodeIgniter(Object(CodeIgniter\CodeIgniter))
10 FCPATH/index.php(56): CodeIgniter\Boot::bootWeb(Object(Config\Paths))
INFO - 2024-08-31 03:55:26 --> Session: Class initialized using 'CodeIgniter\Session\Handlers\FileHandler' driver.
INFO - 2024-08-31 03:55:29 --> Session: Class initialized using 'CodeIgniter\Session\Handlers\FileHandler' driver.
WARNING - 2024-08-31 00:55:29 --> [DEPRECATED] Function strftime() is deprecated in APPPATH/Views/commons_app/navbarleft.php on line 13.
 1 SYSTEMPATH/View/View.php(234): include('/var/www/html/sigeo/app/Views/commons_app/navbarleft.php')
 2 SYSTEMPATH/View/View.php(237): CodeIgniter\View\View->CodeIgniter\View\{closure}()
 3 SYSTEMPATH/Common.php(1171): CodeIgniter\View\View->render('commons_app/navbarleft', [], true)
 4 APPPATH/Controllers/Aplicativo.php(64): view('commons_app/navbarleft', [...])
 5 SYSTEMPATH/CodeIgniter.php(933): App\Controllers\Aplicativo->ChamadaNovo('34')
 6 SYSTEMPATH/CodeIgniter.php(509): CodeIgniter\CodeIgniter->runController(Object(App\Controllers\Aplicativo))
 7 SYSTEMPATH/CodeIgniter.php(355): CodeIgniter\CodeIgniter->handleRequest(null, Object(Config\Cache), false)
 8 SYSTEMPATH/Boot.php(312): CodeIgniter\CodeIgniter->run()
 9 SYSTEMPATH/Boot.php(67): CodeIgniter\Boot::runCodeIgniter(Object(CodeIgniter\CodeIgniter))
10 FCPATH/index.php(56): CodeIgniter\Boot::bootWeb(Object(Config\Paths))
INFO - 2024-08-31 03:55:29 --> Session: Class initialized using 'CodeIgniter\Session\Handlers\FileHandler' driver.
INFO - 2024-08-31 03:55:38 --> Session: Class initialized using 'CodeIgniter\Session\Handlers\FileHandler' driver.
WARNING - 2024-08-31 00:55:38 --> [DEPRECATED] Function strftime() is deprecated in APPPATH/Views/commons_app/navbarleft.php on line 13.
 1 SYSTEMPATH/View/View.php(234): include('/var/www/html/sigeo/app/Views/commons_app/navbarleft.php')
 2 SYSTEMPATH/View/View.php(237): CodeIgniter\View\View->CodeIgniter\View\{closure}()
 3 SYSTEMPATH/Common.php(1171): CodeIgniter\View\View->render('commons_app/navbarleft', [], true)
 4 APPPATH/Controllers/Aplicativo.php(50): view('commons_app/navbarleft', [...])
 5 SYSTEMPATH/CodeIgniter.php(933): App\Controllers\Aplicativo->Chamada()
 6 SYSTEMPATH/CodeIgniter.php(509): CodeIgniter\CodeIgniter->runController(Object(App\Controllers\Aplicativo))
 7 SYSTEMPATH/CodeIgniter.php(355): CodeIgniter\CodeIgniter->handleRequest(null, Object(Config\Cache), false)
 8 SYSTEMPATH/Boot.php(312): CodeIgniter\CodeIgniter->run()
 9 SYSTEMPATH/Boot.php(67): CodeIgniter\Boot::runCodeIgniter(Object(CodeIgniter\CodeIgniter))
10 FCPATH/index.php(56): CodeIgniter\Boot::bootWeb(Object(Config\Paths))
INFO - 2024-08-31 03:55:38 --> Session: Class initialized using 'CodeIgniter\Session\Handlers\FileHandler' driver.
INFO - 2024-08-31 03:55:39 --> Session: Class initialized using 'CodeIgniter\Session\Handlers\FileHandler' driver.
WARNING - 2024-08-31 00:55:39 --> [DEPRECATED] Function strftime() is deprecated in APPPATH/Views/commons_app/navbarleft.php on line 13.
 1 SYSTEMPATH/View/View.php(234): include('/var/www/html/sigeo/app/Views/commons_app/navbarleft.php')
 2 SYSTEMPATH/View/View.php(237): CodeIgniter\View\View->CodeIgniter\View\{closure}()
 3 SYSTEMPATH/Common.php(1171): CodeIgniter\View\View->render('commons_app/navbarleft', [], true)
 4 APPPATH/Controllers/Aplicativo.php(37): view('commons_app/navbarleft', [...])
 5 SYSTEMPATH/CodeIgniter.php(933): App\Controllers\Aplicativo->index()
 6 SYSTEMPATH/CodeIgniter.php(509): CodeIgniter\CodeIgniter->runController(Object(App\Controllers\Aplicativo))
 7 SYSTEMPATH/CodeIgniter.php(355): CodeIgniter\CodeIgniter->handleRequest(null, Object(Config\Cache), false)
 8 SYSTEMPATH/Boot.php(312): CodeIgniter\CodeIgniter->run()
 9 SYSTEMPATH/Boot.php(67): CodeIgniter\Boot::runCodeIgniter(Object(CodeIgniter\CodeIgniter))
10 FCPATH/index.php(56): CodeIgniter\Boot::bootWeb(Object(Config\Paths))
INFO - 2024-08-31 03:55:41 --> Session: Class initialized using 'CodeIgniter\Session\Handlers\FileHandler' driver.
WARNING - 2024-08-31 00:55:41 --> [DEPRECATED] Function strftime() is deprecated in APPPATH/Views/commons_app/navbarleft.php on line 13.
 1 SYSTEMPATH/View/View.php(234): include('/var/www/html/sigeo/app/Views/commons_app/navbarleft.php')
 2 SYSTEMPATH/View/View.php(237): CodeIgniter\View\View->CodeIgniter\View\{closure}()
 3 SYSTEMPATH/Common.php(1171): CodeIgniter\View\View->render('commons_app/navbarleft', [], true)
 4 APPPATH/Controllers/Aplicativo.php(146): view('commons_app/navbarleft', [...])
 5 SYSTEMPATH/CodeIgniter.php(933): App\Controllers\Aplicativo->ListaOcorrencia()
 6 SYSTEMPATH/CodeIgniter.php(509): CodeIgniter\CodeIgniter->runController(Object(App\Controllers\Aplicativo))
 7 SYSTEMPATH/CodeIgniter.php(355): CodeIgniter\CodeIgniter->handleRequest(null, Object(Config\Cache), false)
 8 SYSTEMPATH/Boot.php(312): CodeIgniter\CodeIgniter->run()
 9 SYSTEMPATH/Boot.php(67): CodeIgniter\Boot::runCodeIgniter(Object(CodeIgniter\CodeIgniter))
10 FCPATH/index.php(56): CodeIgniter\Boot::bootWeb(Object(Config\Paths))
INFO - 2024-08-31 03:55:41 --> Session: Class initialized using 'CodeIgniter\Session\Handlers\FileHandler' driver.
INFO - 2024-08-31 03:55:47 --> Session: Class initialized using 'CodeIgniter\Session\Handlers\FileHandler' driver.
WARNING - 2024-08-31 00:55:47 --> [DEPRECATED] Function strftime() is deprecated in APPPATH/Views/commons_app/navbarleft.php on line 13.
 1 SYSTEMPATH/View/View.php(234): include('/var/www/html/sigeo/app/Views/commons_app/navbarleft.php')
 2 SYSTEMPATH/View/View.php(237): CodeIgniter\View\View->CodeIgniter\View\{closure}()
 3 SYSTEMPATH/Common.php(1171): CodeIgniter\View\View->render('commons_app/navbarleft', [], true)
 4 APPPATH/Controllers/Aplicativo.php(118): view('commons_app/navbarleft', [...])
 5 SYSTEMPATH/CodeIgniter.php(933): App\Controllers\Aplicativo->Ocorrencia()
 6 SYSTEMPATH/CodeIgniter.php(509): CodeIgniter\CodeIgniter->runController(Object(App\Controllers\Aplicativo))
 7 SYSTEMPATH/CodeIgniter.php(355): CodeIgniter\CodeIgniter->handleRequest(null, Object(Config\Cache), false)
 8 SYSTEMPATH/Boot.php(312): CodeIgniter\CodeIgniter->run()
 9 SYSTEMPATH/Boot.php(67): CodeIgniter\Boot::runCodeIgniter(Object(CodeIgniter\CodeIgniter))
10 FCPATH/index.php(56): CodeIgniter\Boot::bootWeb(Object(Config\Paths))
INFO - 2024-08-31 03:55:47 --> Session: Class initialized using 'CodeIgniter\Session\Handlers\FileHandler' driver.
INFO - 2024-08-31 03:55:50 --> Session: Class initialized using 'CodeIgniter\Session\Handlers\FileHandler' driver.
WARNING - 2024-08-31 00:55:50 --> [DEPRECATED] Function strftime() is deprecated in APPPATH/Views/commons_app/navbarleft.php on line 13.
 1 SYSTEMPATH/View/View.php(234): include('/var/www/html/sigeo/app/Views/commons_app/navbarleft.php')
 2 SYSTEMPATH/View/View.php(237): CodeIgniter\View\View->CodeIgniter\View\{closure}()
 3 SYSTEMPATH/Common.php(1171): CodeIgniter\View\View->render('commons_app/navbarleft', [], true)
 4 APPPATH/Controllers/Aplicativo.php(132): view('commons_app/navbarleft', [...])
 5 SYSTEMPATH/CodeIgniter.php(933): App\Controllers\Aplicativo->OcorrenciaNovo('33')
 6 SYSTEMPATH/CodeIgniter.php(509): CodeIgniter\CodeIgniter->runController(Object(App\Controllers\Aplicativo))
 7 SYSTEMPATH/CodeIgniter.php(355): CodeIgniter\CodeIgniter->handleRequest(null, Object(Config\Cache), false)
 8 SYSTEMPATH/Boot.php(312): CodeIgniter\CodeIgniter->run()
 9 SYSTEMPATH/Boot.php(67): CodeIgniter\Boot::runCodeIgniter(Object(CodeIgniter\CodeIgniter))
10 FCPATH/index.php(56): CodeIgniter\Boot::bootWeb(Object(Config\Paths))
INFO - 2024-08-31 03:55:50 --> Session: Class initialized using 'CodeIgniter\Session\Handlers\FileHandler' driver.
INFO - 2024-08-31 03:55:52 --> Session: Class initialized using 'CodeIgniter\Session\Handlers\FileHandler' driver.
WARNING - 2024-08-31 00:55:52 --> [DEPRECATED] Function strftime() is deprecated in APPPATH/Views/commons_app/navbarleft.php on line 13.
 1 SYSTEMPATH/View/View.php(234): include('/var/www/html/sigeo/app/Views/commons_app/navbarleft.php')
 2 SYSTEMPATH/View/View.php(237): CodeIgniter\View\View->CodeIgniter\View\{closure}()
 3 SYSTEMPATH/Common.php(1171): CodeIgniter\View\View->render('commons_app/navbarleft', [], true)
 4 APPPATH/Controllers/Aplicativo.php(118): view('commons_app/navbarleft', [...])
 5 SYSTEMPATH/CodeIgniter.php(933): App\Controllers\Aplicativo->Ocorrencia()
 6 SYSTEMPATH/CodeIgniter.php(509): CodeIgniter\CodeIgniter->runController(Object(App\Controllers\Aplicativo))
 7 SYSTEMPATH/CodeIgniter.php(355): CodeIgniter\CodeIgniter->handleRequest(null, Object(Config\Cache), false)
 8 SYSTEMPATH/Boot.php(312): CodeIgniter\CodeIgniter->run()
 9 SYSTEMPATH/Boot.php(67): CodeIgniter\Boot::runCodeIgniter(Object(CodeIgniter\CodeIgniter))
10 FCPATH/index.php(56): CodeIgniter\Boot::bootWeb(Object(Config\Paths))
INFO - 2024-08-31 03:55:53 --> Session: Class initialized using 'CodeIgniter\Session\Handlers\FileHandler' driver.
INFO - 2024-08-31 03:55:54 --> Session: Class initialized using 'CodeIgniter\Session\Handlers\FileHandler' driver.
WARNING - 2024-08-31 00:55:54 --> [DEPRECATED] Function strftime() is deprecated in APPPATH/Views/commons_app/navbarleft.php on line 13.
 1 SYSTEMPATH/View/View.php(234): include('/var/www/html/sigeo/app/Views/commons_app/navbarleft.php')
 2 SYSTEMPATH/View/View.php(237): CodeIgniter\View\View->CodeIgniter\View\{closure}()
 3 SYSTEMPATH/Common.php(1171): CodeIgniter\View\View->render('commons_app/navbarleft', [], true)
 4 APPPATH/Controllers/Aplicativo.php(132): view('commons_app/navbarleft', [...])
 5 SYSTEMPATH/CodeIgniter.php(933): App\Controllers\Aplicativo->OcorrenciaNovo('34')
 6 SYSTEMPATH/CodeIgniter.php(509): CodeIgniter\CodeIgniter->runController(Object(App\Controllers\Aplicativo))
 7 SYSTEMPATH/CodeIgniter.php(355): CodeIgniter\CodeIgniter->handleRequest(null, Object(Config\Cache), false)
 8 SYSTEMPATH/Boot.php(312): CodeIgniter\CodeIgniter->run()
 9 SYSTEMPATH/Boot.php(67): CodeIgniter\Boot::runCodeIgniter(Object(CodeIgniter\CodeIgniter))
10 FCPATH/index.php(56): CodeIgniter\Boot::bootWeb(Object(Config\Paths))
INFO - 2024-08-31 03:55:54 --> Session: Class initialized using 'CodeIgniter\Session\Handlers\FileHandler' driver.
INFO - 2024-08-31 03:56:10 --> Session: Class initialized using 'CodeIgniter\Session\Handlers\FileHandler' driver.
WARNING - 2024-08-31 00:56:10 --> [DEPRECATED] Function strftime() is deprecated in APPPATH/Views/commons_app/navbarleft.php on line 13.
 1 SYSTEMPATH/View/View.php(234): include('/var/www/html/sigeo/app/Views/commons_app/navbarleft.php')
 2 SYSTEMPATH/View/View.php(237): CodeIgniter\View\View->CodeIgniter\View\{closure}()
 3 SYSTEMPATH/Common.php(1171): CodeIgniter\View\View->render('commons_app/navbarleft', [], true)
 4 APPPATH/Controllers/Aplicativo.php(118): view('commons_app/navbarleft', [...])
 5 SYSTEMPATH/CodeIgniter.php(933): App\Controllers\Aplicativo->Ocorrencia()
 6 SYSTEMPATH/CodeIgniter.php(509): CodeIgniter\CodeIgniter->runController(Object(App\Controllers\Aplicativo))
 7 SYSTEMPATH/CodeIgniter.php(355): CodeIgniter\CodeIgniter->handleRequest(null, Object(Config\Cache), false)
 8 SYSTEMPATH/Boot.php(312): CodeIgniter\CodeIgniter->run()
 9 SYSTEMPATH/Boot.php(67): CodeIgniter\Boot::runCodeIgniter(Object(CodeIgniter\CodeIgniter))
10 FCPATH/index.php(56): CodeIgniter\Boot::bootWeb(Object(Config\Paths))
INFO - 2024-08-31 03:56:10 --> Session: Class initialized using 'CodeIgniter\Session\Handlers\FileHandler' driver.
INFO - 2024-08-31 03:56:11 --> Session: Class initialized using 'CodeIgniter\Session\Handlers\FileHandler' driver.
WARNING - 2024-08-31 00:56:11 --> [DEPRECATED] Function strftime() is deprecated in APPPATH/Views/commons_app/navbarleft.php on line 13.
 1 SYSTEMPATH/View/View.php(234): include('/var/www/html/sigeo/app/Views/commons_app/navbarleft.php')
 2 SYSTEMPATH/View/View.php(237): CodeIgniter\View\View->CodeIgniter\View\{closure}()
 3 SYSTEMPATH/Common.php(1171): CodeIgniter\View\View->render('commons_app/navbarleft', [], true)
 4 APPPATH/Controllers/Aplicativo.php(146): view('commons_app/navbarleft', [...])
 5 SYSTEMPATH/CodeIgniter.php(933): App\Controllers\Aplicativo->ListaOcorrencia()
 6 SYSTEMPATH/CodeIgniter.php(509): CodeIgniter\CodeIgniter->runController(Object(App\Controllers\Aplicativo))
 7 SYSTEMPATH/CodeIgniter.php(355): CodeIgniter\CodeIgniter->handleRequest(null, Object(Config\Cache), false)
 8 SYSTEMPATH/Boot.php(312): CodeIgniter\CodeIgniter->run()
 9 SYSTEMPATH/Boot.php(67): CodeIgniter\Boot::runCodeIgniter(Object(CodeIgniter\CodeIgniter))
10 FCPATH/index.php(56): CodeIgniter\Boot::bootWeb(Object(Config\Paths))
INFO - 2024-08-31 03:56:11 --> Session: Class initialized using 'CodeIgniter\Session\Handlers\FileHandler' driver.
INFO - 2024-08-31 03:56:12 --> Session: Class initialized using 'CodeIgniter\Session\Handlers\FileHandler' driver.
WARNING - 2024-08-31 00:56:12 --> [DEPRECATED] Function strftime() is deprecated in APPPATH/Views/commons_app/navbarleft.php on line 13.
 1 SYSTEMPATH/View/View.php(234): include('/var/www/html/sigeo/app/Views/commons_app/navbarleft.php')
 2 SYSTEMPATH/View/View.php(237): CodeIgniter\View\View->CodeIgniter\View\{closure}()
 3 SYSTEMPATH/Common.php(1171): CodeIgniter\View\View->render('commons_app/navbarleft', [], true)
 4 APPPATH/Controllers/Aplicativo.php(37): view('commons_app/navbarleft', [...])
 5 SYSTEMPATH/CodeIgniter.php(933): App\Controllers\Aplicativo->index()
 6 SYSTEMPATH/CodeIgniter.php(509): CodeIgniter\CodeIgniter->runController(Object(App\Controllers\Aplicativo))
 7 SYSTEMPATH/CodeIgniter.php(355): CodeIgniter\CodeIgniter->handleRequest(null, Object(Config\Cache), false)
 8 SYSTEMPATH/Boot.php(312): CodeIgniter\CodeIgniter->run()
 9 SYSTEMPATH/Boot.php(67): CodeIgniter\Boot::runCodeIgniter(Object(CodeIgniter\CodeIgniter))
10 FCPATH/index.php(56): CodeIgniter\Boot::bootWeb(Object(Config\Paths))
INFO - 2024-08-31 03:56:13 --> Session: Class initialized using 'CodeIgniter\Session\Handlers\FileHandler' driver.
WARNING - 2024-08-31 00:56:13 --> [DEPRECATED] Function strftime() is deprecated in APPPATH/Views/commons_app/navbarleft.php on line 13.
 1 SYSTEMPATH/View/View.php(234): include('/var/www/html/sigeo/app/Views/commons_app/navbarleft.php')
 2 SYSTEMPATH/View/View.php(237): CodeIgniter\View\View->CodeIgniter\View\{closure}()
 3 SYSTEMPATH/Common.php(1171): CodeIgniter\View\View->render('commons_app/navbarleft', [], true)
 4 APPPATH/Controllers/Aplicativo.php(146): view('commons_app/navbarleft', [...])
 5 SYSTEMPATH/CodeIgniter.php(933): App\Controllers\Aplicativo->ListaOcorrencia()
 6 SYSTEMPATH/CodeIgniter.php(509): CodeIgniter\CodeIgniter->runController(Object(App\Controllers\Aplicativo))
 7 SYSTEMPATH/CodeIgniter.php(355): CodeIgniter\CodeIgniter->handleRequest(null, Object(Config\Cache), false)
 8 SYSTEMPATH/Boot.php(312): CodeIgniter\CodeIgniter->run()
 9 SYSTEMPATH/Boot.php(67): CodeIgniter\Boot::runCodeIgniter(Object(CodeIgniter\CodeIgniter))
10 FCPATH/index.php(56): CodeIgniter\Boot::bootWeb(Object(Config\Paths))
INFO - 2024-08-31 03:56:13 --> Session: Class initialized using 'CodeIgniter\Session\Handlers\FileHandler' driver.
INFO - 2024-08-31 03:56:42 --> Session: Class initialized using 'CodeIgniter\Session\Handlers\FileHandler' driver.
WARNING - 2024-08-31 00:56:42 --> [DEPRECATED] Function strftime() is deprecated in APPPATH/Views/commons_app/navbarleft.php on line 13.
 1 SYSTEMPATH/View/View.php(234): include('/var/www/html/sigeo/app/Views/commons_app/navbarleft.php')
 2 SYSTEMPATH/View/View.php(237): CodeIgniter\View\View->CodeIgniter\View\{closure}()
 3 SYSTEMPATH/Common.php(1171): CodeIgniter\View\View->render('commons_app/navbarleft', [], true)
 4 APPPATH/Controllers/Aplicativo.php(118): view('commons_app/navbarleft', [...])
 5 SYSTEMPATH/CodeIgniter.php(933): App\Controllers\Aplicativo->Ocorrencia()
 6 SYSTEMPATH/CodeIgniter.php(509): CodeIgniter\CodeIgniter->runController(Object(App\Controllers\Aplicativo))
 7 SYSTEMPATH/CodeIgniter.php(355): CodeIgniter\CodeIgniter->handleRequest(null, Object(Config\Cache), false)
 8 SYSTEMPATH/Boot.php(312): CodeIgniter\CodeIgniter->run()
 9 SYSTEMPATH/Boot.php(67): CodeIgniter\Boot::runCodeIgniter(Object(CodeIgniter\CodeIgniter))
10 FCPATH/index.php(56): CodeIgniter\Boot::bootWeb(Object(Config\Paths))
INFO - 2024-08-31 03:56:43 --> Session: Class initialized using 'CodeIgniter\Session\Handlers\FileHandler' driver.
INFO - 2024-08-31 03:56:44 --> Session: Class initialized using 'CodeIgniter\Session\Handlers\FileHandler' driver.
WARNING - 2024-08-31 00:56:44 --> [DEPRECATED] Function strftime() is deprecated in APPPATH/Views/commons_app/navbarleft.php on line 13.
 1 SYSTEMPATH/View/View.php(234): include('/var/www/html/sigeo/app/Views/commons_app/navbarleft.php')
 2 SYSTEMPATH/View/View.php(237): CodeIgniter\View\View->CodeIgniter\View\{closure}()
 3 SYSTEMPATH/Common.php(1171): CodeIgniter\View\View->render('commons_app/navbarleft', [], true)
 4 APPPATH/Controllers/Aplicativo.php(132): view('commons_app/navbarleft', [...])
 5 SYSTEMPATH/CodeIgniter.php(933): App\Controllers\Aplicativo->OcorrenciaNovo('34')
 6 SYSTEMPATH/CodeIgniter.php(509): CodeIgniter\CodeIgniter->runController(Object(App\Controllers\Aplicativo))
 7 SYSTEMPATH/CodeIgniter.php(355): CodeIgniter\CodeIgniter->handleRequest(null, Object(Config\Cache), false)
 8 SYSTEMPATH/Boot.php(312): CodeIgniter\CodeIgniter->run()
 9 SYSTEMPATH/Boot.php(67): CodeIgniter\Boot::runCodeIgniter(Object(CodeIgniter\CodeIgniter))
10 FCPATH/index.php(56): CodeIgniter\Boot::bootWeb(Object(Config\Paths))
INFO - 2024-08-31 03:56:44 --> Session: Class initialized using 'CodeIgniter\Session\Handlers\FileHandler' driver.
INFO - 2024-08-31 03:56:54 --> Session: Class initialized using 'CodeIgniter\Session\Handlers\FileHandler' driver.
WARNING - 2024-08-31 00:56:54 --> [DEPRECATED] Function strftime() is deprecated in APPPATH/Views/commons_app/navbarleft.php on line 13.
 1 SYSTEMPATH/View/View.php(234): include('/var/www/html/sigeo/app/Views/commons_app/navbarleft.php')
 2 SYSTEMPATH/View/View.php(237): CodeIgniter\View\View->CodeIgniter\View\{closure}()
 3 SYSTEMPATH/Common.php(1171): CodeIgniter\View\View->render('commons_app/navbarleft', [], true)
 4 APPPATH/Controllers/Aplicativo.php(118): view('commons_app/navbarleft', [...])
 5 SYSTEMPATH/CodeIgniter.php(933): App\Controllers\Aplicativo->Ocorrencia()
 6 SYSTEMPATH/CodeIgniter.php(509): CodeIgniter\CodeIgniter->runController(Object(App\Controllers\Aplicativo))
 7 SYSTEMPATH/CodeIgniter.php(355): CodeIgniter\CodeIgniter->handleRequest(null, Object(Config\Cache), false)
 8 SYSTEMPATH/Boot.php(312): CodeIgniter\CodeIgniter->run()
 9 SYSTEMPATH/Boot.php(67): CodeIgniter\Boot::runCodeIgniter(Object(CodeIgniter\CodeIgniter))
10 FCPATH/index.php(56): CodeIgniter\Boot::bootWeb(Object(Config\Paths))
INFO - 2024-08-31 03:56:54 --> Session: Class initialized using 'CodeIgniter\Session\Handlers\FileHandler' driver.
INFO - 2024-08-31 03:56:56 --> Session: Class initialized using 'CodeIgniter\Session\Handlers\FileHandler' driver.
WARNING - 2024-08-31 00:56:56 --> [DEPRECATED] Function strftime() is deprecated in APPPATH/Views/commons_app/navbarleft.php on line 13.
 1 SYSTEMPATH/View/View.php(234): include('/var/www/html/sigeo/app/Views/commons_app/navbarleft.php')
 2 SYSTEMPATH/View/View.php(237): CodeIgniter\View\View->CodeIgniter\View\{closure}()
 3 SYSTEMPATH/Common.php(1171): CodeIgniter\View\View->render('commons_app/navbarleft', [], true)
 4 APPPATH/Controllers/Aplicativo.php(146): view('commons_app/navbarleft', [...])
 5 SYSTEMPATH/CodeIgniter.php(933): App\Controllers\Aplicativo->ListaOcorrencia()
 6 SYSTEMPATH/CodeIgniter.php(509): CodeIgniter\CodeIgniter->runController(Object(App\Controllers\Aplicativo))
 7 SYSTEMPATH/CodeIgniter.php(355): CodeIgniter\CodeIgniter->handleRequest(null, Object(Config\Cache), false)
 8 SYSTEMPATH/Boot.php(312): CodeIgniter\CodeIgniter->run()
 9 SYSTEMPATH/Boot.php(67): CodeIgniter\Boot::runCodeIgniter(Object(CodeIgniter\CodeIgniter))
10 FCPATH/index.php(56): CodeIgniter\Boot::bootWeb(Object(Config\Paths))
INFO - 2024-08-31 03:56:56 --> Session: Class initialized using 'CodeIgniter\Session\Handlers\FileHandler' driver.
INFO - 2024-08-31 04:04:19 --> Session: Class initialized using 'CodeIgniter\Session\Handlers\FileHandler' driver.
WARNING - 2024-08-31 01:04:19 --> [DEPRECATED] Function strftime() is deprecated in APPPATH/Views/commons_app/navbarleft.php on line 13.
 1 SYSTEMPATH/View/View.php(234): include('/var/www/html/sigeo/app/Views/commons_app/navbarleft.php')
 2 SYSTEMPATH/View/View.php(237): CodeIgniter\View\View->CodeIgniter\View\{closure}()
 3 SYSTEMPATH/Common.php(1171): CodeIgniter\View\View->render('commons_app/navbarleft', [], true)
 4 APPPATH/Controllers/Aplicativo.php(146): view('commons_app/navbarleft', [...])
 5 SYSTEMPATH/CodeIgniter.php(933): App\Controllers\Aplicativo->ListaOcorrencia()
 6 SYSTEMPATH/CodeIgniter.php(509): CodeIgniter\CodeIgniter->runController(Object(App\Controllers\Aplicativo))
 7 SYSTEMPATH/CodeIgniter.php(355): CodeIgniter\CodeIgniter->handleRequest(null, Object(Config\Cache), false)
 8 SYSTEMPATH/Boot.php(312): CodeIgniter\CodeIgniter->run()
 9 SYSTEMPATH/Boot.php(67): CodeIgniter\Boot::runCodeIgniter(Object(CodeIgniter\CodeIgniter))
10 FCPATH/index.php(56): CodeIgniter\Boot::bootWeb(Object(Config\Paths))
INFO - 2024-08-31 04:18:06 --> Session: Class initialized using 'CodeIgniter\Session\Handlers\FileHandler' driver.
INFO - 2024-08-31 04:18:06 --> Session: Class initialized using 'CodeIgniter\Session\Handlers\FileHandler' driver.
WARNING - 2024-08-31 01:18:06 --> [DEPRECATED] Function strftime() is deprecated in APPPATH/Views/commons/navbarleft.php on line 13.
 1 SYSTEMPATH/View/View.php(234): include('/var/www/html/sigeo/app/Views/commons/navbarleft.php')
 2 SYSTEMPATH/View/View.php(237): CodeIgniter\View\View->CodeIgniter\View\{closure}()
 3 SYSTEMPATH/Common.php(1171): CodeIgniter\View\View->render('commons/navbarleft', [], true)
 4 APPPATH/Controllers/Home.php(34): view('commons/navbarleft', [...])
 5 SYSTEMPATH/CodeIgniter.php(933): App\Controllers\Home->index()
 6 SYSTEMPATH/CodeIgniter.php(509): CodeIgniter\CodeIgniter->runController(Object(App\Controllers\Home))
 7 SYSTEMPATH/CodeIgniter.php(355): CodeIgniter\CodeIgniter->handleRequest(null, Object(Config\Cache), false)
 8 SYSTEMPATH/Boot.php(312): CodeIgniter\CodeIgniter->run()
 9 SYSTEMPATH/Boot.php(67): CodeIgniter\Boot::runCodeIgniter(Object(CodeIgniter\CodeIgniter))
10 FCPATH/index.php(56): CodeIgniter\Boot::bootWeb(Object(Config\Paths))
INFO - 2024-08-31 04:18:13 --> Session: Class initialized using 'CodeIgniter\Session\Handlers\FileHandler' driver.
WARNING - 2024-08-31 01:18:13 --> [DEPRECATED] Function strftime() is deprecated in APPPATH/Views/commons_app/navbarleft.php on line 13.
 1 SYSTEMPATH/View/View.php(234): include('/var/www/html/sigeo/app/Views/commons_app/navbarleft.php')
 2 SYSTEMPATH/View/View.php(237): CodeIgniter\View\View->CodeIgniter\View\{closure}()
 3 SYSTEMPATH/Common.php(1171): CodeIgniter\View\View->render('commons_app/navbarleft', [], true)
 4 APPPATH/Controllers/Aplicativo.php(146): view('commons_app/navbarleft', [...])
 5 SYSTEMPATH/CodeIgniter.php(933): App\Controllers\Aplicativo->ListaOcorrencia()
 6 SYSTEMPATH/CodeIgniter.php(509): CodeIgniter\CodeIgniter->runController(Object(App\Controllers\Aplicativo))
 7 SYSTEMPATH/CodeIgniter.php(355): CodeIgniter\CodeIgniter->handleRequest(null, Object(Config\Cache), false)
 8 SYSTEMPATH/Boot.php(312): CodeIgniter\CodeIgniter->run()
 9 SYSTEMPATH/Boot.php(67): CodeIgniter\Boot::runCodeIgniter(Object(CodeIgniter\CodeIgniter))
10 FCPATH/index.php(56): CodeIgniter\Boot::bootWeb(Object(Config\Paths))
INFO - 2024-08-31 04:18:13 --> Session: Class initialized using 'CodeIgniter\Session\Handlers\FileHandler' driver.
INFO - 2024-08-31 04:18:15 --> Session: Class initialized using 'CodeIgniter\Session\Handlers\FileHandler' driver.
WARNING - 2024-08-31 01:18:15 --> [DEPRECATED] Function strftime() is deprecated in APPPATH/Views/commons_app/navbarleft.php on line 13.
 1 SYSTEMPATH/View/View.php(234): include('/var/www/html/sigeo/app/Views/commons_app/navbarleft.php')
 2 SYSTEMPATH/View/View.php(237): CodeIgniter\View\View->CodeIgniter\View\{closure}()
 3 SYSTEMPATH/Common.php(1171): CodeIgniter\View\View->render('commons_app/navbarleft', [], true)
 4 APPPATH/Controllers/Aplicativo.php(118): view('commons_app/navbarleft', [...])
 5 SYSTEMPATH/CodeIgniter.php(933): App\Controllers\Aplicativo->Ocorrencia()
 6 SYSTEMPATH/CodeIgniter.php(509): CodeIgniter\CodeIgniter->runController(Object(App\Controllers\Aplicativo))
 7 SYSTEMPATH/CodeIgniter.php(355): CodeIgniter\CodeIgniter->handleRequest(null, Object(Config\Cache), false)
 8 SYSTEMPATH/Boot.php(312): CodeIgniter\CodeIgniter->run()
 9 SYSTEMPATH/Boot.php(67): CodeIgniter\Boot::runCodeIgniter(Object(CodeIgniter\CodeIgniter))
10 FCPATH/index.php(56): CodeIgniter\Boot::bootWeb(Object(Config\Paths))
INFO - 2024-08-31 04:18:15 --> Session: Class initialized using 'CodeIgniter\Session\Handlers\FileHandler' driver.
INFO - 2024-08-31 04:18:17 --> Session: Class initialized using 'CodeIgniter\Session\Handlers\FileHandler' driver.
WARNING - 2024-08-31 01:18:17 --> [DEPRECATED] Function strftime() is deprecated in APPPATH/Views/commons_app/navbarleft.php on line 13.
 1 SYSTEMPATH/View/View.php(234): include('/var/www/html/sigeo/app/Views/commons_app/navbarleft.php')
 2 SYSTEMPATH/View/View.php(237): CodeIgniter\View\View->CodeIgniter\View\{closure}()
 3 SYSTEMPATH/Common.php(1171): CodeIgniter\View\View->render('commons_app/navbarleft', [], true)
 4 APPPATH/Controllers/Aplicativo.php(132): view('commons_app/navbarleft', [...])
 5 SYSTEMPATH/CodeIgniter.php(933): App\Controllers\Aplicativo->OcorrenciaNovo('34')
 6 SYSTEMPATH/CodeIgniter.php(509): CodeIgniter\CodeIgniter->runController(Object(App\Controllers\Aplicativo))
 7 SYSTEMPATH/CodeIgniter.php(355): CodeIgniter\CodeIgniter->handleRequest(null, Object(Config\Cache), false)
 8 SYSTEMPATH/Boot.php(312): CodeIgniter\CodeIgniter->run()
 9 SYSTEMPATH/Boot.php(67): CodeIgniter\Boot::runCodeIgniter(Object(CodeIgniter\CodeIgniter))
10 FCPATH/index.php(56): CodeIgniter\Boot::bootWeb(Object(Config\Paths))
INFO - 2024-08-31 04:18:17 --> Session: Class initialized using 'CodeIgniter\Session\Handlers\FileHandler' driver.
INFO - 2024-08-31 04:18:28 --> Session: Class initialized using 'CodeIgniter\Session\Handlers\FileHandler' driver.
INFO - 2024-08-31 04:18:30 --> Session: Class initialized using 'CodeIgniter\Session\Handlers\FileHandler' driver.
WARNING - 2024-08-31 01:18:30 --> [DEPRECATED] Function strftime() is deprecated in APPPATH/Views/commons_app/navbarleft.php on line 13.
 1 SYSTEMPATH/View/View.php(234): include('/var/www/html/sigeo/app/Views/commons_app/navbarleft.php')
 2 SYSTEMPATH/View/View.php(237): CodeIgniter\View\View->CodeIgniter\View\{closure}()
 3 SYSTEMPATH/Common.php(1171): CodeIgniter\View\View->render('commons_app/navbarleft', [], true)
 4 APPPATH/Controllers/Aplicativo.php(146): view('commons_app/navbarleft', [...])
 5 SYSTEMPATH/CodeIgniter.php(933): App\Controllers\Aplicativo->ListaOcorrencia()
 6 SYSTEMPATH/CodeIgniter.php(509): CodeIgniter\CodeIgniter->runController(Object(App\Controllers\Aplicativo))
 7 SYSTEMPATH/CodeIgniter.php(355): CodeIgniter\CodeIgniter->handleRequest(null, Object(Config\Cache), false)
 8 SYSTEMPATH/Boot.php(312): CodeIgniter\CodeIgniter->run()
 9 SYSTEMPATH/Boot.php(67): CodeIgniter\Boot::runCodeIgniter(Object(CodeIgniter\CodeIgniter))
10 FCPATH/index.php(56): CodeIgniter\Boot::bootWeb(Object(Config\Paths))
INFO - 2024-08-31 04:18:30 --> Session: Class initialized using 'CodeIgniter\Session\Handlers\FileHandler' driver.
INFO - 2024-08-31 04:20:20 --> Session: Class initialized using 'CodeIgniter\Session\Handlers\FileHandler' driver.
WARNING - 2024-08-31 01:20:20 --> [DEPRECATED] Function strftime() is deprecated in APPPATH/Views/commons_app/navbarleft.php on line 13.
 1 SYSTEMPATH/View/View.php(234): include('/var/www/html/sigeo/app/Views/commons_app/navbarleft.php')
 2 SYSTEMPATH/View/View.php(237): CodeIgniter\View\View->CodeIgniter\View\{closure}()
 3 SYSTEMPATH/Common.php(1171): CodeIgniter\View\View->render('commons_app/navbarleft', [], true)
 4 APPPATH/Controllers/Aplicativo.php(146): view('commons_app/navbarleft', [...])
 5 SYSTEMPATH/CodeIgniter.php(933): App\Controllers\Aplicativo->ListaOcorrencia()
 6 SYSTEMPATH/CodeIgniter.php(509): CodeIgniter\CodeIgniter->runController(Object(App\Controllers\Aplicativo))
 7 SYSTEMPATH/CodeIgniter.php(355): CodeIgniter\CodeIgniter->handleRequest(null, Object(Config\Cache), false)
 8 SYSTEMPATH/Boot.php(312): CodeIgniter\CodeIgniter->run()
 9 SYSTEMPATH/Boot.php(67): CodeIgniter\Boot::runCodeIgniter(Object(CodeIgniter\CodeIgniter))
10 FCPATH/index.php(56): CodeIgniter\Boot::bootWeb(Object(Config\Paths))
INFO - 2024-08-31 04:20:21 --> Session: Class initialized using 'CodeIgniter\Session\Handlers\FileHandler' driver.
INFO - 2024-08-31 04:20:22 --> Session: Class initialized using 'CodeIgniter\Session\Handlers\FileHandler' driver.
WARNING - 2024-08-31 01:20:22 --> [DEPRECATED] Function strftime() is deprecated in APPPATH/Views/commons_app/navbarleft.php on line 13.
 1 SYSTEMPATH/View/View.php(234): include('/var/www/html/sigeo/app/Views/commons_app/navbarleft.php')
 2 SYSTEMPATH/View/View.php(237): CodeIgniter\View\View->CodeIgniter\View\{closure}()
 3 SYSTEMPATH/Common.php(1171): CodeIgniter\View\View->render('commons_app/navbarleft', [], true)
 4 APPPATH/Controllers/Aplicativo.php(118): view('commons_app/navbarleft', [...])
 5 SYSTEMPATH/CodeIgniter.php(933): App\Controllers\Aplicativo->Ocorrencia()
 6 SYSTEMPATH/CodeIgniter.php(509): CodeIgniter\CodeIgniter->runController(Object(App\Controllers\Aplicativo))
 7 SYSTEMPATH/CodeIgniter.php(355): CodeIgniter\CodeIgniter->handleRequest(null, Object(Config\Cache), false)
 8 SYSTEMPATH/Boot.php(312): CodeIgniter\CodeIgniter->run()
 9 SYSTEMPATH/Boot.php(67): CodeIgniter\Boot::runCodeIgniter(Object(CodeIgniter\CodeIgniter))
10 FCPATH/index.php(56): CodeIgniter\Boot::bootWeb(Object(Config\Paths))
INFO - 2024-08-31 04:20:22 --> Session: Class initialized using 'CodeIgniter\Session\Handlers\FileHandler' driver.
INFO - 2024-08-31 04:20:23 --> Session: Class initialized using 'CodeIgniter\Session\Handlers\FileHandler' driver.
WARNING - 2024-08-31 01:20:23 --> [DEPRECATED] Function strftime() is deprecated in APPPATH/Views/commons_app/navbarleft.php on line 13.
 1 SYSTEMPATH/View/View.php(234): include('/var/www/html/sigeo/app/Views/commons_app/navbarleft.php')
 2 SYSTEMPATH/View/View.php(237): CodeIgniter\View\View->CodeIgniter\View\{closure}()
 3 SYSTEMPATH/Common.php(1171): CodeIgniter\View\View->render('commons_app/navbarleft', [], true)
 4 APPPATH/Controllers/Aplicativo.php(132): view('commons_app/navbarleft', [...])
 5 SYSTEMPATH/CodeIgniter.php(933): App\Controllers\Aplicativo->OcorrenciaNovo('34')
 6 SYSTEMPATH/CodeIgniter.php(509): CodeIgniter\CodeIgniter->runController(Object(App\Controllers\Aplicativo))
 7 SYSTEMPATH/CodeIgniter.php(355): CodeIgniter\CodeIgniter->handleRequest(null, Object(Config\Cache), false)
 8 SYSTEMPATH/Boot.php(312): CodeIgniter\CodeIgniter->run()
 9 SYSTEMPATH/Boot.php(67): CodeIgniter\Boot::runCodeIgniter(Object(CodeIgniter\CodeIgniter))
10 FCPATH/index.php(56): CodeIgniter\Boot::bootWeb(Object(Config\Paths))
INFO - 2024-08-31 04:20:24 --> Session: Class initialized using 'CodeIgniter\Session\Handlers\FileHandler' driver.
INFO - 2024-08-31 04:20:36 --> Session: Class initialized using 'CodeIgniter\Session\Handlers\FileHandler' driver.
INFO - 2024-08-31 04:20:37 --> Session: Class initialized using 'CodeIgniter\Session\Handlers\FileHandler' driver.
WARNING - 2024-08-31 01:20:37 --> [DEPRECATED] Function strftime() is deprecated in APPPATH/Views/commons_app/navbarleft.php on line 13.
 1 SYSTEMPATH/View/View.php(234): include('/var/www/html/sigeo/app/Views/commons_app/navbarleft.php')
 2 SYSTEMPATH/View/View.php(237): CodeIgniter\View\View->CodeIgniter\View\{closure}()
 3 SYSTEMPATH/Common.php(1171): CodeIgniter\View\View->render('commons_app/navbarleft', [], true)
 4 APPPATH/Controllers/Aplicativo.php(146): view('commons_app/navbarleft', [...])
 5 SYSTEMPATH/CodeIgniter.php(933): App\Controllers\Aplicativo->ListaOcorrencia()
 6 SYSTEMPATH/CodeIgniter.php(509): CodeIgniter\CodeIgniter->runController(Object(App\Controllers\Aplicativo))
 7 SYSTEMPATH/CodeIgniter.php(355): CodeIgniter\CodeIgniter->handleRequest(null, Object(Config\Cache), false)
 8 SYSTEMPATH/Boot.php(312): CodeIgniter\CodeIgniter->run()
 9 SYSTEMPATH/Boot.php(67): CodeIgniter\Boot::runCodeIgniter(Object(CodeIgniter\CodeIgniter))
10 FCPATH/index.php(56): CodeIgniter\Boot::bootWeb(Object(Config\Paths))
INFO - 2024-08-31 04:20:38 --> Session: Class initialized using 'CodeIgniter\Session\Handlers\FileHandler' driver.
INFO - 2024-08-31 04:20:45 --> Session: Class initialized using 'CodeIgniter\Session\Handlers\FileHandler' driver.
WARNING - 2024-08-31 01:20:45 --> [DEPRECATED] Function strftime() is deprecated in APPPATH/Views/commons_app/navbarleft.php on line 13.
 1 SYSTEMPATH/View/View.php(234): include('/var/www/html/sigeo/app/Views/commons_app/navbarleft.php')
 2 SYSTEMPATH/View/View.php(237): CodeIgniter\View\View->CodeIgniter\View\{closure}()
 3 SYSTEMPATH/Common.php(1171): CodeIgniter\View\View->render('commons_app/navbarleft', [], true)
 4 APPPATH/Controllers/Aplicativo.php(118): view('commons_app/navbarleft', [...])
 5 SYSTEMPATH/CodeIgniter.php(933): App\Controllers\Aplicativo->Ocorrencia()
 6 SYSTEMPATH/CodeIgniter.php(509): CodeIgniter\CodeIgniter->runController(Object(App\Controllers\Aplicativo))
 7 SYSTEMPATH/CodeIgniter.php(355): CodeIgniter\CodeIgniter->handleRequest(null, Object(Config\Cache), false)
 8 SYSTEMPATH/Boot.php(312): CodeIgniter\CodeIgniter->run()
 9 SYSTEMPATH/Boot.php(67): CodeIgniter\Boot::runCodeIgniter(Object(CodeIgniter\CodeIgniter))
10 FCPATH/index.php(56): CodeIgniter\Boot::bootWeb(Object(Config\Paths))
INFO - 2024-08-31 04:20:45 --> Session: Class initialized using 'CodeIgniter\Session\Handlers\FileHandler' driver.
INFO - 2024-08-31 04:20:47 --> Session: Class initialized using 'CodeIgniter\Session\Handlers\FileHandler' driver.
WARNING - 2024-08-31 01:20:47 --> [DEPRECATED] Function strftime() is deprecated in APPPATH/Views/commons_app/navbarleft.php on line 13.
 1 SYSTEMPATH/View/View.php(234): include('/var/www/html/sigeo/app/Views/commons_app/navbarleft.php')
 2 SYSTEMPATH/View/View.php(237): CodeIgniter\View\View->CodeIgniter\View\{closure}()
 3 SYSTEMPATH/Common.php(1171): CodeIgniter\View\View->render('commons_app/navbarleft', [], true)
 4 APPPATH/Controllers/Aplicativo.php(132): view('commons_app/navbarleft', [...])
 5 SYSTEMPATH/CodeIgniter.php(933): App\Controllers\Aplicativo->OcorrenciaNovo('34')
 6 SYSTEMPATH/CodeIgniter.php(509): CodeIgniter\CodeIgniter->runController(Object(App\Controllers\Aplicativo))
 7 SYSTEMPATH/CodeIgniter.php(355): CodeIgniter\CodeIgniter->handleRequest(null, Object(Config\Cache), false)
 8 SYSTEMPATH/Boot.php(312): CodeIgniter\CodeIgniter->run()
 9 SYSTEMPATH/Boot.php(67): CodeIgniter\Boot::runCodeIgniter(Object(CodeIgniter\CodeIgniter))
10 FCPATH/index.php(56): CodeIgniter\Boot::bootWeb(Object(Config\Paths))
INFO - 2024-08-31 04:20:47 --> Session: Class initialized using 'CodeIgniter\Session\Handlers\FileHandler' driver.
INFO - 2024-08-31 04:20:56 --> Session: Class initialized using 'CodeIgniter\Session\Handlers\FileHandler' driver.
INFO - 2024-08-31 04:20:58 --> Session: Class initialized using 'CodeIgniter\Session\Handlers\FileHandler' driver.
WARNING - 2024-08-31 01:20:58 --> [DEPRECATED] Function strftime() is deprecated in APPPATH/Views/commons_app/navbarleft.php on line 13.
 1 SYSTEMPATH/View/View.php(234): include('/var/www/html/sigeo/app/Views/commons_app/navbarleft.php')
 2 SYSTEMPATH/View/View.php(237): CodeIgniter\View\View->CodeIgniter\View\{closure}()
 3 SYSTEMPATH/Common.php(1171): CodeIgniter\View\View->render('commons_app/navbarleft', [], true)
 4 APPPATH/Controllers/Aplicativo.php(146): view('commons_app/navbarleft', [...])
 5 SYSTEMPATH/CodeIgniter.php(933): App\Controllers\Aplicativo->ListaOcorrencia()
 6 SYSTEMPATH/CodeIgniter.php(509): CodeIgniter\CodeIgniter->runController(Object(App\Controllers\Aplicativo))
 7 SYSTEMPATH/CodeIgniter.php(355): CodeIgniter\CodeIgniter->handleRequest(null, Object(Config\Cache), false)
 8 SYSTEMPATH/Boot.php(312): CodeIgniter\CodeIgniter->run()
 9 SYSTEMPATH/Boot.php(67): CodeIgniter\Boot::runCodeIgniter(Object(CodeIgniter\CodeIgniter))
10 FCPATH/index.php(56): CodeIgniter\Boot::bootWeb(Object(Config\Paths))
INFO - 2024-08-31 04:20:58 --> Session: Class initialized using 'CodeIgniter\Session\Handlers\FileHandler' driver.
